2025-06-24 18:16:19,174 - __main__ - INFO - Логирование настроено (уровень: INFO)
2025-06-24 18:16:19,174 - __main__ - INFO - Конфигурация загружена успешно
2025-06-24 18:16:19,174 - __main__ - INFO - Email-Telegram бот инициализирован
2025-06-24 18:16:19,174 - __main__ - INFO - 🚀 Запуск Email-Telegram бота...
2025-06-24 18:16:19,174 - __main__ - INFO - Инициализация email клиента...
2025-06-24 18:16:19,174 - __main__ - INFO - Инициализация Telegram бота...
2025-06-24 18:16:19,201 - __main__ - INFO - Тестирование подключений...
2025-06-24 18:16:19,201 - email_client - INFO - Подключаемся к imap.yandex.ru:993
2025-06-24 18:16:19,527 - email_client - INFO - Успешное подключение к почтовому серверу
2025-06-24 18:16:19,591 - email_client - INFO - Выбран ящик: INBOX
2025-06-24 18:16:19,592 - __main__ - INFO - ✅ Подключение к почте успешно
2025-06-24 18:16:19,593 - telegram_bot - INFO - Тестирование подключения к Telegram...
2025-06-24 18:16:19,949 - httpx - INFO - HTTP Request: POST https://api.telegram.org/bot7227156938:AAGlund0oe-D8UC9HMoGgo2JLemtAMjYv70/getMe "HTTP/1.1 200 OK"
2025-06-24 18:16:19,950 - telegram_bot - INFO - Бот подключен: @SM_Email_parser_notify_bot (SM_Email_parser_notify_bot)
2025-06-24 18:16:20,149 - httpx - INFO - HTTP Request: POST https://api.telegram.org/bot7227156938:AAGlund0oe-D8UC9HMoGgo2JLemtAMjYv70/getChat "HTTP/1.1 200 OK"
2025-06-24 18:16:20,151 - telegram_bot - INFO - Доступ к чату: Test's bot's
2025-06-24 18:16:20,152 - __main__ - INFO - ✅ Подключение к Telegram успешно
2025-06-24 18:16:20,154 - telegram_bot - INFO - Отправка сообщения в Telegram...
2025-06-24 18:16:20,419 - httpx - INFO - HTTP Request: POST https://api.telegram.org/bot7227156938:AAGlund0oe-D8UC9HMoGgo2JLemtAMjYv70/sendMessage "HTTP/1.1 200 OK"
2025-06-24 18:16:20,423 - telegram_bot - INFO - Сообщение отправлено успешно (ID: 11)
2025-06-24 18:16:20,424 - __main__ - INFO - Уведомление о запуске отправлено
2025-06-24 18:16:20,424 - __main__ - INFO - Бот запущен, интервал проверки: 1800 секунд
2025-06-24 18:16:20,425 - email_client - INFO - Загружено время последней проверки: 2025-06-24 16:15:48.672060
2025-06-24 18:16:20,425 - email_client - INFO - Поиск новых писем от no-reply@devinotele.com с 24-Jun-2025
2025-06-24 18:16:22,228 - email_client - INFO - Найдено 0 новых писем (из 5 общих)
2025-06-24 18:16:22,229 - email_client - INFO - Сохранено время последней проверки: 2025-06-24 18:16:22.228689
2025-06-24 19:22:37,683 - email_client - INFO - Загружено время последней проверки: 2025-06-24 18:16:22.228689
2025-06-24 19:22:37,685 - email_client - INFO - Поиск новых писем от no-reply@devinotele.com с 24-Jun-2025
2025-06-24 19:22:37,692 - email_client - ERROR - Ошибка при поиске новых писем: [Errno 32] Broken pipe
2025-06-24 19:22:37,693 - email_client - INFO - Сохранено время последней проверки: 2025-06-24 19:22:37.692116
2025-06-24 19:52:37,732 - email_client - INFO - Загружено время последней проверки: 2025-06-24 19:22:37.692116
2025-06-24 19:52:37,733 - email_client - INFO - Поиск новых писем от no-reply@devinotele.com с 24-Jun-2025
2025-06-24 19:52:37,734 - email_client - ERROR - Ошибка при поиске новых писем: socket error: [Errno 32] Broken pipe
2025-06-24 19:52:37,735 - email_client - INFO - Сохранено время последней проверки: 2025-06-24 19:52:37.734728
2025-06-24 23:41:16,538 - email_client - INFO - Загружено время последней проверки: 2025-06-24 19:52:37.734728
2025-06-24 23:41:16,540 - email_client - INFO - Поиск новых писем от no-reply@devinotele.com с 24-Jun-2025
2025-06-24 23:41:16,540 - email_client - ERROR - Ошибка при поиске новых писем: socket error: [Errno 32] Broken pipe
2025-06-24 23:41:16,542 - email_client - INFO - Сохранено время последней проверки: 2025-06-24 23:41:16.540748
2025-06-25 00:00:08,828 - __main__ - INFO - Получен сигнал 2, завершение работы...
2025-06-25 00:00:08,830 - __main__ - INFO - Остановка бота...
2025-06-25 00:00:08,830 - email_client - ERROR - Ошибка при отключении: socket error: [Errno 32] Broken pipe
2025-06-25 00:00:08,838 - telegram_bot - INFO - Отправка сообщения в Telegram...
2025-06-25 00:00:08,934 - telegram_bot - ERROR - Ошибка Telegram API: httpx.ProxyError: 503 Service Unavailable
2025-06-25 00:00:14,968 - __main__ - INFO - Получен сигнал 2, завершение работы...
2025-06-25 00:00:14,968 - __main__ - INFO - Остановка бота...
2025-06-25 00:00:14,968 - email_client - ERROR - Ошибка при отключении: command CLOSE illegal in state AUTH, only allowed in states SELECTED
2025-06-25 00:00:14,969 - telegram_bot - INFO - Отправка сообщения в Telegram...
2025-06-25 00:00:15,066 - telegram_bot - ERROR - Ошибка Telegram API: httpx.ProxyError: 503 Service Unavailable
2025-06-25 00:00:16,881 - __main__ - INFO - Получен сигнал 2, завершение работы...
2025-06-25 00:00:16,882 - __main__ - INFO - Остановка бота...
2025-06-25 00:00:16,882 - email_client - ERROR - Ошибка при отключении: command CLOSE illegal in state AUTH, only allowed in states SELECTED
2025-06-25 00:00:16,882 - telegram_bot - INFO - Отправка сообщения в Telegram...
2025-06-25 00:00:16,978 - telegram_bot - ERROR - Ошибка Telegram API: httpx.ProxyError: 503 Service Unavailable
2025-06-25 00:01:16,031 - __main__ - INFO - Получен сигнал 2, завершение работы...
2025-06-25 00:01:16,033 - __main__ - INFO - Остановка бота...
2025-06-25 00:01:16,033 - email_client - ERROR - Ошибка при отключении: command CLOSE illegal in state AUTH, only allowed in states SELECTED
2025-06-25 00:01:16,034 - telegram_bot - INFO - Отправка сообщения в Telegram...
2025-06-25 00:01:16,128 - telegram_bot - ERROR - Ошибка Telegram API: httpx.ProxyError: 503 Service Unavailable
2025-06-25 00:01:17,817 - __main__ - INFO - Получен сигнал 2, завершение работы...
2025-06-25 00:01:17,817 - __main__ - INFO - Остановка бота...
2025-06-25 00:01:17,817 - email_client - ERROR - Ошибка при отключении: command CLOSE illegal in state AUTH, only allowed in states SELECTED
2025-06-25 00:01:17,818 - telegram_bot - INFO - Отправка сообщения в Telegram...
2025-06-25 00:01:17,907 - telegram_bot - ERROR - Ошибка Telegram API: httpx.ProxyError: 503 Service Unavailable
2025-06-25 00:01:39,533 - __main__ - INFO - Получен сигнал 2, завершение работы...
2025-06-25 00:01:39,535 - __main__ - INFO - Остановка бота...
2025-06-25 00:01:39,535 - email_client - ERROR - Ошибка при отключении: command CLOSE illegal in state AUTH, only allowed in states SELECTED
2025-06-25 00:01:39,536 - telegram_bot - INFO - Отправка сообщения в Telegram...
2025-06-25 00:01:39,628 - telegram_bot - ERROR - Ошибка Telegram API: httpx.ProxyError: 503 Service Unavailable
2025-06-25 00:03:19,300 - __main__ - INFO - Получен сигнал 2, завершение работы...
2025-06-25 00:03:19,302 - __main__ - INFO - Остановка бота...
2025-06-25 00:03:19,302 - email_client - ERROR - Ошибка при отключении: command CLOSE illegal in state AUTH, only allowed in states SELECTED
2025-06-25 00:03:19,303 - telegram_bot - INFO - Отправка сообщения в Telegram...
2025-06-25 00:03:19,393 - telegram_bot - ERROR - Ошибка Telegram API: httpx.ProxyError: 503 Service Unavailable
2025-06-25 00:03:37,818 - __main__ - INFO - Получен сигнал 2, завершение работы...
2025-06-25 00:03:37,820 - __main__ - INFO - Остановка бота...
2025-06-25 00:03:37,820 - email_client - ERROR - Ошибка при отключении: command CLOSE illegal in state AUTH, only allowed in states SELECTED
2025-06-25 00:03:37,820 - telegram_bot - INFO - Отправка сообщения в Telegram...
2025-06-25 00:03:37,917 - telegram_bot - ERROR - Ошибка Telegram API: httpx.ProxyError: 503 Service Unavailable
2025-06-25 00:10:39,680 - __main__ - INFO - Получен сигнал 15, завершение работы...
2025-06-25 00:10:39,682 - __main__ - INFO - Остановка бота...
2025-06-25 00:10:39,683 - email_client - ERROR - Ошибка при отключении: command CLOSE illegal in state AUTH, only allowed in states SELECTED
2025-06-25 00:10:39,684 - telegram_bot - INFO - Отправка сообщения в Telegram...
2025-06-25 00:10:39,786 - telegram_bot - ERROR - Ошибка Telegram API: httpx.ProxyError: 503 Service Unavailable
2025-06-25 00:11:16,542 - __main__ - INFO - Бот остановлен
