2025-07-03 09:51:16,165 - __main__ - INFO - Логирование настроено (уровень: INFO)
2025-07-03 09:51:16,165 - __main__ - INFO - Конфигурация загружена успешно
2025-07-03 09:51:16,165 - __main__ - INFO - Email-Telegram бот инициализирован
2025-07-03 09:51:16,165 - __main__ - INFO - 🚀 Запуск Email-Telegram бота...
2025-07-03 09:51:16,165 - __main__ - INFO - Инициализация email клиента...
2025-07-03 09:51:16,165 - __main__ - INFO - Инициализация Telegram бота...
2025-07-03 09:51:16,194 - __main__ - INFO - Тестирование подключений...
2025-07-03 09:51:16,194 - email_client - INFO - Подключаемся к imap.yandex.ru:993
2025-07-03 09:51:16,371 - email_client - INFO - Успешное подключение к почтовому серверу
2025-07-03 09:51:16,418 - email_client - INFO - Выбран ящик: INBOX
2025-07-03 09:51:16,418 - __main__ - INFO - ✅ Подключение к почте успешно
2025-07-03 09:51:16,419 - telegram_bot - INFO - Тестирование подключения к Telegram...
2025-07-03 09:51:17,073 - httpx - INFO - HTTP Request: POST https://api.telegram.org/bot7227156938:AAGlund0oe-D8UC9HMoGgo2JLemtAMjYv70/getMe "HTTP/1.1 200 OK"
2025-07-03 09:51:17,076 - telegram_bot - INFO - Бот подключен: @SM_Email_parser_notify_bot (SM_Email_parser_notify_bot)
2025-07-03 09:51:17,390 - httpx - INFO - HTTP Request: POST https://api.telegram.org/bot7227156938:AAGlund0oe-D8UC9HMoGgo2JLemtAMjYv70/getChat "HTTP/1.1 200 OK"
2025-07-03 09:51:17,392 - telegram_bot - INFO - Доступ к чату: Test's bot's
2025-07-03 09:51:17,393 - __main__ - INFO - ✅ Подключение к Telegram успешно
2025-07-03 09:51:17,394 - telegram_bot - INFO - Отправка сообщения в Telegram...
2025-07-03 09:51:17,620 - httpx - INFO - HTTP Request: POST https://api.telegram.org/bot7227156938:AAGlund0oe-D8UC9HMoGgo2JLemtAMjYv70/sendMessage "HTTP/1.1 200 OK"
2025-07-03 09:51:17,622 - telegram_bot - INFO - Сообщение отправлено успешно (ID: 36)
2025-07-03 09:51:17,623 - __main__ - INFO - Уведомление о запуске отправлено
2025-07-03 09:51:17,623 - __main__ - INFO - Бот запущен, интервал проверки: 1800 секунд
2025-07-03 09:51:17,649 - email_client - INFO - Загружено время последней проверки: 2025-07-03 08:49:31.983669
2025-07-03 09:51:17,649 - email_client - INFO - Поиск новых писем от no-reply@devinotele.com с 03-Jul-2025
2025-07-03 09:51:21,137 - email_client - INFO - Новых писем не найдено
2025-07-03 09:51:21,139 - email_client - INFO - Сохранено время последней проверки: 2025-07-03 09:51:21.137904
2025-07-03 12:51:20,396 - email_client - WARNING - Ошибка проверки соединения: [Errno 54] Connection reset by peer
2025-07-03 12:51:20,399 - email_client - INFO - Переподключение к серверу...
2025-07-03 12:51:20,406 - email_client - INFO - Подключаемся к imap.yandex.ru:993
2025-07-03 12:51:20,946 - email_client - INFO - Успешное подключение к почтовому серверу
2025-07-03 12:51:21,049 - email_client - INFO - Выбран ящик: INBOX
2025-07-03 12:51:21,052 - email_client - INFO - Загружено время последней проверки: 2025-07-03 09:51:21.137904
2025-07-03 12:51:21,052 - email_client - INFO - Поиск новых писем от no-reply@devinotele.com с 03-Jul-2025
2025-07-03 12:51:24,429 - email_client - INFO - Новых писем не найдено
2025-07-03 12:51:24,432 - email_client - INFO - Сохранено время последней проверки: 2025-07-03 12:51:24.430406
2025-07-03 13:35:15,050 - email_client - WARNING - Ошибка проверки соединения: command: NOOP => socket error: EOF
2025-07-03 13:35:15,054 - email_client - INFO - Переподключение к серверу...
2025-07-03 13:35:15,060 - email_client - INFO - Подключаемся к imap.yandex.ru:993
2025-07-03 13:35:15,331 - email_client - INFO - Успешное подключение к почтовому серверу
2025-07-03 13:35:15,374 - email_client - INFO - Выбран ящик: INBOX
2025-07-03 13:35:15,376 - email_client - INFO - Загружено время последней проверки: 2025-07-03 12:51:24.430406
2025-07-03 13:35:15,376 - email_client - INFO - Поиск новых писем от no-reply@devinotele.com с 03-Jul-2025
2025-07-03 13:35:27,210 - email_client - INFO - Новых писем не найдено
2025-07-03 13:35:27,214 - email_client - INFO - Сохранено время последней проверки: 2025-07-03 13:35:27.211852
2025-07-03 14:05:27,329 - email_client - INFO - Загружено время последней проверки: 2025-07-03 13:35:27.211852
2025-07-03 14:05:27,332 - email_client - INFO - Поиск новых писем от no-reply@devinotele.com с 03-Jul-2025
2025-07-03 14:05:27,652 - email_client - INFO - Новых писем не найдено
2025-07-03 14:05:27,655 - email_client - INFO - Сохранено время последней проверки: 2025-07-03 14:05:27.653188
2025-07-03 16:18:32,263 - email_client - WARNING - Ошибка проверки соединения: socket error: [Errno 32] Broken pipe
2025-07-03 16:18:32,266 - email_client - INFO - Переподключение к серверу...
2025-07-03 16:18:32,281 - email_client - INFO - Подключаемся к imap.yandex.ru:993
2025-07-03 16:18:32,544 - email_client - INFO - Успешное подключение к почтовому серверу
2025-07-03 16:18:32,591 - email_client - INFO - Выбран ящик: INBOX
2025-07-03 16:18:32,594 - email_client - INFO - Загружено время последней проверки: 2025-07-03 14:05:27.653188
2025-07-03 16:18:32,594 - email_client - INFO - Поиск новых писем от no-reply@devinotele.com с 03-Jul-2025
2025-07-03 16:18:36,129 - email_client - INFO - Новых писем не найдено
2025-07-03 16:18:36,131 - email_client - INFO - Сохранено время последней проверки: 2025-07-03 16:18:36.129999
2025-07-03 17:09:42,739 - email_client - WARNING - Ошибка проверки соединения: [Errno 54] Connection reset by peer
2025-07-03 17:09:42,742 - email_client - INFO - Переподключение к серверу...
2025-07-03 17:09:42,745 - email_client - INFO - Подключаемся к imap.yandex.ru:993
2025-07-03 17:09:42,957 - email_client - INFO - Успешное подключение к почтовому серверу
2025-07-03 17:09:42,984 - email_client - INFO - Выбран ящик: INBOX
2025-07-03 17:09:42,985 - email_client - INFO - Загружено время последней проверки: 2025-07-03 16:18:36.129999
2025-07-03 17:09:42,987 - email_client - INFO - Поиск новых писем от no-reply@devinotele.com с 03-Jul-2025
2025-07-03 17:09:47,127 - email_client - INFO - Новых писем не найдено
2025-07-03 17:09:47,131 - email_client - INFO - Сохранено время последней проверки: 2025-07-03 17:09:47.127684
2025-07-03 17:39:47,165 - email_client - WARNING - Ошибка проверки соединения: command: NOOP => socket error: EOF
2025-07-03 17:39:47,167 - email_client - INFO - Переподключение к серверу...
2025-07-03 17:39:47,170 - email_client - INFO - Подключаемся к imap.yandex.ru:993
2025-07-03 17:39:50,430 - email_client - INFO - Успешное подключение к почтовому серверу
2025-07-03 17:39:50,598 - email_client - INFO - Выбран ящик: INBOX
2025-07-03 17:39:50,601 - email_client - INFO - Загружено время последней проверки: 2025-07-03 17:09:47.127684
2025-07-03 17:39:50,602 - email_client - INFO - Поиск новых писем от no-reply@devinotele.com с 03-Jul-2025
2025-07-03 17:39:54,365 - email_client - INFO - Новых писем не найдено
2025-07-03 17:39:54,369 - email_client - INFO - Сохранено время последней проверки: 2025-07-03 17:39:54.366665
2025-07-04 01:08:31,520 - email_client - WARNING - Ошибка проверки соединения: [Errno 60] Operation timed out
2025-07-04 01:08:31,522 - email_client - INFO - Переподключение к серверу...
2025-07-04 01:08:31,531 - email_client - INFO - Подключаемся к imap.yandex.ru:993
2025-07-04 01:08:31,823 - email_client - INFO - Успешное подключение к почтовому серверу
2025-07-04 01:08:31,871 - email_client - INFO - Выбран ящик: INBOX
2025-07-04 01:08:31,873 - email_client - INFO - Загружено время последней проверки: 2025-07-03 17:39:54.366665
2025-07-04 01:08:31,874 - email_client - INFO - Поиск новых писем от no-reply@devinotele.com с 03-Jul-2025
2025-07-04 01:08:35,061 - email_client - INFO - Новых писем не найдено
2025-07-04 01:08:35,065 - email_client - INFO - Сохранено время последней проверки: 2025-07-04 01:08:35.062379
2025-07-04 04:58:35,012 - email_client - WARNING - Ошибка проверки соединения: [Errno 54] Connection reset by peer
2025-07-04 04:58:35,017 - email_client - INFO - Переподключение к серверу...
2025-07-04 04:58:35,020 - email_client - INFO - Подключаемся к imap.yandex.ru:993
2025-07-04 04:58:35,197 - email_client - INFO - Успешное подключение к почтовому серверу
2025-07-04 04:58:35,248 - email_client - INFO - Выбран ящик: INBOX
2025-07-04 04:58:35,250 - email_client - INFO - Загружено время последней проверки: 2025-07-04 01:08:35.062379
2025-07-04 04:58:35,251 - email_client - INFO - Поиск новых писем от no-reply@devinotele.com с 04-Jul-2025
2025-07-04 04:58:38,577 - email_client - INFO - Новых писем не найдено
2025-07-04 04:58:38,581 - email_client - INFO - Сохранено время последней проверки: 2025-07-04 04:58:38.578561
2025-07-04 09:30:31,674 - email_client - WARNING - Ошибка проверки соединения: [Errno 60] Operation timed out
2025-07-04 09:30:31,677 - email_client - INFO - Переподключение к серверу...
2025-07-04 09:30:31,681 - email_client - INFO - Подключаемся к imap.yandex.ru:993
2025-07-04 09:30:32,392 - email_client - INFO - Успешное подключение к почтовому серверу
2025-07-04 09:30:32,591 - email_client - INFO - Выбран ящик: INBOX
2025-07-04 09:30:32,593 - email_client - INFO - Загружено время последней проверки: 2025-07-04 04:58:38.578561
2025-07-04 09:30:32,594 - email_client - INFO - Поиск новых писем от no-reply@devinotele.com с 04-Jul-2025
2025-07-04 09:30:36,591 - email_client - INFO - Новых писем не найдено
2025-07-04 09:30:36,595 - email_client - INFO - Сохранено время последней проверки: 2025-07-04 09:30:36.592386
2025-07-04 12:18:49,523 - email_client - WARNING - Ошибка проверки соединения: [Errno 60] Operation timed out
2025-07-04 12:18:49,526 - email_client - INFO - Переподключение к серверу...
2025-07-04 12:18:49,538 - email_client - INFO - Подключаемся к imap.yandex.ru:993
2025-07-04 12:18:49,760 - email_client - INFO - Успешное подключение к почтовому серверу
2025-07-04 12:18:49,800 - email_client - INFO - Выбран ящик: INBOX
2025-07-04 12:18:49,802 - email_client - INFO - Загружено время последней проверки: 2025-07-04 09:30:36.592386
2025-07-04 12:18:49,803 - email_client - INFO - Поиск новых писем от no-reply@devinotele.com с 04-Jul-2025
2025-07-04 12:18:53,396 - email_client - INFO - Найдено 2 новых писем (из 2 общих)
2025-07-04 12:18:54,439 - email_client - INFO - Получено 2 новых писем
2025-07-04 12:18:54,441 - email_client - INFO - Сохранено время последней проверки: 2025-07-04 12:18:54.439497
2025-07-04 12:18:54,441 - __main__ - INFO - Найдено 2 новых писем
2025-07-04 12:18:54,441 - __main__ - INFO - Обработка письма: Плановые работы на стороне оператора Мегафон...
2025-07-04 12:18:54,441 - parser - INFO - Парсинг письма: Плановые работы на стороне оператора Мегафон...
2025-07-04 12:18:54,447 - parser - INFO - Успешно извлечены данные из письма
2025-07-04 12:18:54,451 - telegram_bot - INFO - Отправка уведомления о работах оператора Мегафон
2025-07-04 12:18:54,452 - telegram_bot - INFO - Отправка сообщения в Telegram...
2025-07-04 12:18:55,012 - httpx - INFO - HTTP Request: POST https://api.telegram.org/bot7227156938:AAGlund0oe-D8UC9HMoGgo2JLemtAMjYv70/sendMessage "HTTP/1.1 200 OK"
2025-07-04 12:18:55,017 - telegram_bot - INFO - Сообщение отправлено успешно (ID: 37)
2025-07-04 12:18:55,017 - __main__ - INFO - ✅ Уведомление отправлено в Telegram
2025-07-04 12:18:55,017 - __main__ - INFO - Обработка письма: Плановые работы на стороне оператора Мегафон...
2025-07-04 12:18:55,017 - parser - INFO - Парсинг письма: Плановые работы на стороне оператора Мегафон...
2025-07-04 12:18:55,018 - parser - INFO - Успешно извлечены данные из письма
2025-07-04 12:18:55,018 - telegram_bot - INFO - Отправка уведомления о работах оператора Мегафон
2025-07-04 12:18:55,018 - telegram_bot - INFO - Отправка сообщения в Telegram...
2025-07-04 12:18:55,117 - httpx - INFO - HTTP Request: POST https://api.telegram.org/bot7227156938:AAGlund0oe-D8UC9HMoGgo2JLemtAMjYv70/sendMessage "HTTP/1.1 200 OK"
2025-07-04 12:18:55,119 - telegram_bot - INFO - Сообщение отправлено успешно (ID: 38)
2025-07-04 12:18:55,119 - __main__ - INFO - ✅ Уведомление отправлено в Telegram
2025-07-04 12:18:55,119 - __main__ - INFO - Цикл завершен, обработано 2 писем
2025-07-04 12:18:55,119 - __main__ - ERROR - Ошибка отправки статистики: TelegramBotSync.send_message() got an unexpected keyword argument 'disable_notification'
2025-07-04 12:48:55,129 - email_client - WARNING - Ошибка проверки соединения: [Errno 54] Connection reset by peer
2025-07-04 12:48:55,132 - email_client - INFO - Переподключение к серверу...
2025-07-04 12:48:55,135 - email_client - INFO - Подключаемся к imap.yandex.ru:993
2025-07-04 12:48:55,349 - email_client - INFO - Успешное подключение к почтовому серверу
2025-07-04 12:48:55,418 - email_client - INFO - Выбран ящик: INBOX
2025-07-04 12:48:55,420 - email_client - INFO - Загружено время последней проверки: 2025-07-04 12:18:54.439497
2025-07-04 12:48:55,421 - email_client - INFO - Поиск новых писем от no-reply@devinotele.com с 04-Jul-2025
2025-07-04 12:48:59,361 - email_client - INFO - Найдено 0 новых писем (из 2 общих)
2025-07-04 12:48:59,363 - email_client - INFO - Сохранено время последней проверки: 2025-07-04 12:48:59.361940
2025-07-04 13:18:59,377 - email_client - WARNING - Ошибка проверки соединения: [Errno 54] Connection reset by peer
2025-07-04 13:18:59,381 - email_client - INFO - Переподключение к серверу...
2025-07-04 13:18:59,401 - email_client - INFO - Подключаемся к imap.yandex.ru:993
2025-07-04 13:18:59,569 - email_client - INFO - Успешное подключение к почтовому серверу
2025-07-04 13:18:59,610 - email_client - INFO - Выбран ящик: INBOX
2025-07-04 13:18:59,614 - email_client - INFO - Загружено время последней проверки: 2025-07-04 12:48:59.361940
2025-07-04 13:18:59,614 - email_client - INFO - Поиск новых писем от no-reply@devinotele.com с 04-Jul-2025
2025-07-04 13:19:03,780 - email_client - INFO - Найдено 0 новых писем (из 2 общих)
2025-07-04 13:19:03,784 - email_client - INFO - Сохранено время последней проверки: 2025-07-04 13:19:03.781284
2025-07-04 13:49:03,794 - email_client - WARNING - Ошибка проверки соединения: [Errno 54] Connection reset by peer
2025-07-04 13:49:03,795 - email_client - INFO - Переподключение к серверу...
2025-07-04 13:49:03,799 - email_client - INFO - Подключаемся к imap.yandex.ru:993
2025-07-04 13:49:03,919 - email_client - INFO - Успешное подключение к почтовому серверу
2025-07-04 13:49:04,042 - email_client - INFO - Выбран ящик: INBOX
2025-07-04 13:49:04,045 - email_client - INFO - Загружено время последней проверки: 2025-07-04 13:19:03.781284
2025-07-04 13:49:04,045 - email_client - INFO - Поиск новых писем от no-reply@devinotele.com с 04-Jul-2025
2025-07-04 13:49:07,522 - email_client - INFO - Найдено 0 новых писем (из 2 общих)
2025-07-04 13:49:07,525 - email_client - INFO - Сохранено время последней проверки: 2025-07-04 13:49:07.522747
2025-07-04 14:19:07,539 - email_client - WARNING - Ошибка проверки соединения: [Errno 54] Connection reset by peer
2025-07-04 14:19:07,541 - email_client - INFO - Переподключение к серверу...
2025-07-04 14:19:07,545 - email_client - INFO - Подключаемся к imap.yandex.ru:993
2025-07-04 14:19:08,192 - email_client - INFO - Успешное подключение к почтовому серверу
2025-07-04 14:19:08,246 - email_client - INFO - Выбран ящик: INBOX
2025-07-04 14:19:08,282 - email_client - INFO - Загружено время последней проверки: 2025-07-04 13:49:07.522747
2025-07-04 14:19:08,283 - email_client - INFO - Поиск новых писем от no-reply@devinotele.com с 04-Jul-2025
2025-07-04 14:19:12,421 - email_client - INFO - Найдено 0 новых писем (из 2 общих)
2025-07-04 14:19:12,425 - email_client - INFO - Сохранено время последней проверки: 2025-07-04 14:19:12.422069
2025-07-04 17:28:16,856 - email_client - WARNING - Ошибка проверки соединения: [Errno 54] Connection reset by peer
2025-07-04 17:28:16,860 - email_client - INFO - Переподключение к серверу...
2025-07-04 17:28:16,865 - email_client - INFO - Подключаемся к imap.yandex.ru:993
2025-07-04 17:28:17,014 - email_client - INFO - Успешное подключение к почтовому серверу
2025-07-04 17:28:17,059 - email_client - INFO - Выбран ящик: INBOX
2025-07-04 17:28:17,085 - email_client - INFO - Загружено время последней проверки: 2025-07-04 14:19:12.422069
2025-07-04 17:28:17,085 - email_client - INFO - Поиск новых писем от no-reply@devinotele.com с 04-Jul-2025
2025-07-04 17:28:20,449 - email_client - INFO - Найдено 0 новых писем (из 2 общих)
2025-07-04 17:28:20,451 - email_client - INFO - Сохранено время последней проверки: 2025-07-04 17:28:20.449553
2025-07-04 18:33:56,306 - email_client - WARNING - Ошибка проверки соединения: [Errno 54] Connection reset by peer
2025-07-04 18:33:56,310 - email_client - INFO - Переподключение к серверу...
2025-07-04 18:33:56,322 - email_client - INFO - Подключаемся к imap.yandex.ru:993
2025-07-04 18:33:56,450 - email_client - INFO - Успешное подключение к почтовому серверу
2025-07-04 18:33:56,481 - email_client - INFO - Выбран ящик: INBOX
2025-07-04 18:33:56,484 - email_client - INFO - Загружено время последней проверки: 2025-07-04 17:28:20.449553
2025-07-04 18:33:56,484 - email_client - INFO - Поиск новых писем от no-reply@devinotele.com с 04-Jul-2025
2025-07-04 18:34:01,079 - email_client - INFO - Найдено 0 новых писем (из 2 общих)
2025-07-04 18:34:01,081 - email_client - INFO - Сохранено время последней проверки: 2025-07-04 18:34:01.079608
2025-07-04 23:42:23,156 - email_client - WARNING - Ошибка проверки соединения: [Errno 54] Connection reset by peer
2025-07-04 23:42:23,158 - email_client - INFO - Переподключение к серверу...
2025-07-04 23:42:23,165 - email_client - INFO - Подключаемся к imap.yandex.ru:993
2025-07-04 23:42:23,853 - email_client - INFO - Успешное подключение к почтовому серверу
2025-07-04 23:42:23,891 - email_client - INFO - Выбран ящик: INBOX
2025-07-04 23:42:23,894 - email_client - INFO - Загружено время последней проверки: 2025-07-04 18:34:01.079608
2025-07-04 23:42:23,895 - email_client - INFO - Поиск новых писем от no-reply@devinotele.com с 04-Jul-2025
2025-07-04 23:42:28,054 - email_client - INFO - Найдено 0 новых писем (из 2 общих)
2025-07-04 23:42:28,059 - email_client - INFO - Сохранено время последней проверки: 2025-07-04 23:42:28.055486
2025-07-05 00:45:28,535 - email_client - WARNING - Ошибка проверки соединения: [Errno 54] Connection reset by peer
2025-07-05 00:45:28,539 - email_client - INFO - Переподключение к серверу...
2025-07-05 00:45:28,543 - email_client - INFO - Подключаемся к imap.yandex.ru:993
2025-07-05 00:45:28,660 - email_client - INFO - Успешное подключение к почтовому серверу
2025-07-05 00:45:28,692 - email_client - INFO - Выбран ящик: INBOX
2025-07-05 00:45:28,695 - email_client - INFO - Загружено время последней проверки: 2025-07-04 23:42:28.055486
2025-07-05 00:45:28,695 - email_client - INFO - Поиск новых писем от no-reply@devinotele.com с 04-Jul-2025
2025-07-05 00:45:32,408 - email_client - INFO - Найдено 0 новых писем (из 2 общих)
2025-07-05 00:45:32,411 - email_client - INFO - Сохранено время последней проверки: 2025-07-05 00:45:32.408324
2025-07-05 01:56:34,820 - email_client - WARNING - Ошибка проверки соединения: command: NOOP => socket error: EOF
2025-07-05 01:56:34,822 - email_client - INFO - Переподключение к серверу...
2025-07-05 01:56:34,828 - email_client - INFO - Подключаемся к imap.yandex.ru:993
2025-07-05 01:56:34,967 - email_client - INFO - Успешное подключение к почтовому серверу
2025-07-05 01:56:35,015 - email_client - INFO - Выбран ящик: INBOX
2025-07-05 01:56:35,017 - email_client - INFO - Загружено время последней проверки: 2025-07-05 00:45:32.408324
2025-07-05 01:56:35,017 - email_client - INFO - Поиск новых писем от no-reply@devinotele.com с 05-Jul-2025
2025-07-05 01:56:38,248 - email_client - INFO - Новых писем не найдено
2025-07-05 01:56:38,253 - email_client - INFO - Сохранено время последней проверки: 2025-07-05 01:56:38.249673
2025-07-05 02:26:38,298 - email_client - INFO - Загружено время последней проверки: 2025-07-05 01:56:38.249673
2025-07-05 02:26:38,301 - email_client - INFO - Поиск новых писем от no-reply@devinotele.com с 05-Jul-2025
2025-07-05 02:26:38,541 - email_client - INFO - Новых писем не найдено
2025-07-05 02:26:38,545 - email_client - INFO - Сохранено время последней проверки: 2025-07-05 02:26:38.541581
2025-07-05 03:13:35,850 - email_client - WARNING - Ошибка проверки соединения: command: NOOP => socket error: EOF
2025-07-05 03:13:35,854 - email_client - INFO - Переподключение к серверу...
2025-07-05 03:13:35,861 - email_client - INFO - Подключаемся к imap.yandex.ru:993
2025-07-05 03:13:36,077 - email_client - INFO - Успешное подключение к почтовому серверу
2025-07-05 03:13:36,147 - email_client - INFO - Выбран ящик: INBOX
2025-07-05 03:13:36,149 - email_client - INFO - Загружено время последней проверки: 2025-07-05 02:26:38.541581
2025-07-05 03:13:36,149 - email_client - INFO - Поиск новых писем от no-reply@devinotele.com с 05-Jul-2025
2025-07-05 03:13:39,405 - email_client - INFO - Новых писем не найдено
2025-07-05 03:13:39,407 - email_client - INFO - Сохранено время последней проверки: 2025-07-05 03:13:39.405930
2025-07-05 08:18:19,586 - email_client - WARNING - Ошибка проверки соединения: command: NOOP => socket error: EOF
2025-07-05 08:18:19,590 - email_client - INFO - Переподключение к серверу...
2025-07-05 08:18:19,598 - email_client - INFO - Подключаемся к imap.yandex.ru:993
2025-07-05 08:18:19,734 - email_client - INFO - Успешное подключение к почтовому серверу
2025-07-05 08:18:19,779 - email_client - INFO - Выбран ящик: INBOX
2025-07-05 08:18:19,782 - email_client - INFO - Загружено время последней проверки: 2025-07-05 03:13:39.405930
2025-07-05 08:18:19,783 - email_client - INFO - Поиск новых писем от no-reply@devinotele.com с 05-Jul-2025
2025-07-05 08:18:23,233 - email_client - INFO - Новых писем не найдено
2025-07-05 08:18:23,237 - email_client - INFO - Сохранено время последней проверки: 2025-07-05 08:18:23.234352
2025-07-05 11:30:22,757 - email_client - WARNING - Ошибка проверки соединения: command: NOOP => socket error: EOF
2025-07-05 11:30:22,762 - email_client - INFO - Переподключение к серверу...
2025-07-05 11:30:22,766 - email_client - INFO - Подключаемся к imap.yandex.ru:993
2025-07-05 11:30:22,872 - email_client - INFO - Успешное подключение к почтовому серверу
2025-07-05 11:30:22,904 - email_client - INFO - Выбран ящик: INBOX
2025-07-05 11:30:22,905 - email_client - INFO - Загружено время последней проверки: 2025-07-05 08:18:23.234352
2025-07-05 11:30:22,906 - email_client - INFO - Поиск новых писем от no-reply@devinotele.com с 05-Jul-2025
2025-07-05 11:30:26,727 - email_client - INFO - Новых писем не найдено
2025-07-05 11:30:26,730 - email_client - INFO - Сохранено время последней проверки: 2025-07-05 11:30:26.727587
2025-07-05 12:00:26,742 - email_client - WARNING - Ошибка проверки соединения: [Errno 54] Connection reset by peer
2025-07-05 12:00:26,746 - email_client - INFO - Переподключение к серверу...
2025-07-05 12:00:26,752 - email_client - INFO - Подключаемся к imap.yandex.ru:993
2025-07-05 12:00:26,892 - email_client - INFO - Успешное подключение к почтовому серверу
2025-07-05 12:00:26,936 - email_client - INFO - Выбран ящик: INBOX
2025-07-05 12:00:26,938 - email_client - INFO - Загружено время последней проверки: 2025-07-05 11:30:26.727587
2025-07-05 12:00:26,939 - email_client - INFO - Поиск новых писем от no-reply@devinotele.com с 05-Jul-2025
2025-07-05 12:00:32,169 - email_client - INFO - Новых писем не найдено
2025-07-05 12:00:32,173 - email_client - INFO - Сохранено время последней проверки: 2025-07-05 12:00:32.169837
2025-07-05 13:32:34,093 - email_client - WARNING - Ошибка проверки соединения: command: NOOP => socket error: EOF
2025-07-05 13:32:34,366 - email_client - INFO - Переподключение к серверу...
2025-07-05 13:32:34,375 - email_client - INFO - Подключаемся к imap.yandex.ru:993
2025-07-05 13:32:34,500 - email_client - INFO - Успешное подключение к почтовому серверу
2025-07-05 13:32:34,536 - email_client - INFO - Выбран ящик: INBOX
2025-07-05 13:32:34,983 - email_client - INFO - Загружено время последней проверки: 2025-07-05 12:00:32.169837
2025-07-05 13:32:34,984 - email_client - INFO - Поиск новых писем от no-reply@devinotele.com с 05-Jul-2025
2025-07-05 13:32:38,707 - email_client - INFO - Новых писем не найдено
2025-07-05 13:32:38,713 - email_client - INFO - Сохранено время последней проверки: 2025-07-05 13:32:38.707941
2025-07-05 13:32:38,715 - __main__ - ERROR - Ошибка отправки статистики: TelegramBotSync.send_message() got an unexpected keyword argument 'disable_notification'
2025-07-05 15:01:51,022 - email_client - WARNING - Ошибка проверки соединения: [Errno 54] Connection reset by peer
2025-07-05 15:01:51,024 - email_client - INFO - Переподключение к серверу...
2025-07-05 15:01:51,031 - email_client - INFO - Подключаемся к imap.yandex.ru:993
2025-07-05 15:01:51,154 - email_client - INFO - Успешное подключение к почтовому серверу
2025-07-05 15:01:51,197 - email_client - INFO - Выбран ящик: INBOX
2025-07-05 15:01:51,199 - email_client - INFO - Загружено время последней проверки: 2025-07-05 13:32:38.707941
2025-07-05 15:01:51,200 - email_client - INFO - Поиск новых писем от no-reply@devinotele.com с 05-Jul-2025
2025-07-05 17:18:40,735 - email_client - ERROR - Ошибка при поиске новых писем: command: SEARCH => socket error: EOF
2025-07-05 17:18:40,741 - email_client - INFO - Сохранено время последней проверки: 2025-07-05 17:18:40.738212
2025-07-05 18:46:56,418 - email_client - WARNING - Ошибка проверки соединения: socket error: EOF occurred in violation of protocol (_ssl.c:2493)
2025-07-05 18:46:56,422 - email_client - INFO - Переподключение к серверу...
2025-07-05 18:46:56,429 - email_client - INFO - Подключаемся к imap.yandex.ru:993
2025-07-05 18:46:56,591 - email_client - INFO - Успешное подключение к почтовому серверу
2025-07-05 18:46:56,645 - email_client - INFO - Выбран ящик: INBOX
2025-07-05 18:46:56,646 - email_client - INFO - Загружено время последней проверки: 2025-07-05 17:18:40.738212
2025-07-05 18:46:56,647 - email_client - INFO - Поиск новых писем от no-reply@devinotele.com с 05-Jul-2025
2025-07-05 18:46:59,898 - email_client - INFO - Новых писем не найдено
2025-07-05 18:46:59,901 - email_client - INFO - Сохранено время последней проверки: 2025-07-05 18:46:59.898962
2025-07-05 19:16:59,909 - email_client - WARNING - Ошибка проверки соединения: [Errno 54] Connection reset by peer
2025-07-05 19:16:59,920 - email_client - INFO - Переподключение к серверу...
2025-07-05 19:16:59,924 - email_client - INFO - Подключаемся к imap.yandex.ru:993
2025-07-05 19:17:00,098 - email_client - INFO - Успешное подключение к почтовому серверу
2025-07-05 19:17:00,151 - email_client - INFO - Выбран ящик: INBOX
2025-07-05 19:17:00,154 - email_client - INFO - Загружено время последней проверки: 2025-07-05 18:46:59.898962
2025-07-05 19:17:00,155 - email_client - INFO - Поиск новых писем от no-reply@devinotele.com с 05-Jul-2025
2025-07-05 19:17:03,295 - email_client - INFO - Новых писем не найдено
2025-07-05 19:17:03,300 - email_client - INFO - Сохранено время последней проверки: 2025-07-05 19:17:03.296388
2025-07-05 19:47:03,338 - email_client - INFO - Загружено время последней проверки: 2025-07-05 19:17:03.296388
2025-07-05 19:47:03,341 - email_client - INFO - Поиск новых писем от no-reply@devinotele.com с 05-Jul-2025
2025-07-05 19:47:03,587 - email_client - INFO - Новых писем не найдено
2025-07-05 19:47:03,591 - email_client - INFO - Сохранено время последней проверки: 2025-07-05 19:47:03.588503
2025-07-05 20:17:03,655 - email_client - INFO - Загружено время последней проверки: 2025-07-05 19:47:03.588503
2025-07-05 20:17:03,663 - email_client - INFO - Поиск новых писем от no-reply@devinotele.com с 05-Jul-2025
2025-07-05 20:17:03,886 - email_client - INFO - Новых писем не найдено
2025-07-05 20:17:03,890 - email_client - INFO - Сохранено время последней проверки: 2025-07-05 20:17:03.886961
2025-07-05 20:47:03,901 - email_client - WARNING - Ошибка проверки соединения: [Errno 54] Connection reset by peer
2025-07-05 20:47:03,904 - email_client - INFO - Переподключение к серверу...
2025-07-05 20:47:03,910 - email_client - INFO - Подключаемся к imap.yandex.ru:993
2025-07-05 20:47:04,035 - email_client - INFO - Успешное подключение к почтовому серверу
2025-07-05 20:47:04,069 - email_client - INFO - Выбран ящик: INBOX
2025-07-05 20:47:04,071 - email_client - INFO - Загружено время последней проверки: 2025-07-05 20:17:03.886961
2025-07-05 20:47:04,073 - email_client - INFO - Поиск новых писем от no-reply@devinotele.com с 05-Jul-2025
2025-07-05 20:47:07,730 - email_client - INFO - Новых писем не найдено
2025-07-05 20:47:07,733 - email_client - INFO - Сохранено время последней проверки: 2025-07-05 20:47:07.730586
2025-07-05 21:17:07,743 - email_client - WARNING - Ошибка проверки соединения: [Errno 54] Connection reset by peer
2025-07-05 21:17:07,747 - email_client - INFO - Переподключение к серверу...
2025-07-05 21:17:07,752 - email_client - INFO - Подключаемся к imap.yandex.ru:993
2025-07-05 21:17:07,908 - email_client - INFO - Успешное подключение к почтовому серверу
2025-07-05 21:17:07,961 - email_client - INFO - Выбран ящик: INBOX
2025-07-05 21:17:07,996 - email_client - INFO - Загружено время последней проверки: 2025-07-05 20:47:07.730586
2025-07-05 21:17:07,997 - email_client - INFO - Поиск новых писем от no-reply@devinotele.com с 05-Jul-2025
2025-07-05 21:17:11,239 - email_client - INFO - Новых писем не найдено
2025-07-05 21:17:11,242 - email_client - INFO - Сохранено время последней проверки: 2025-07-05 21:17:11.239577
2025-07-05 21:47:11,255 - email_client - WARNING - Ошибка проверки соединения: [Errno 54] Connection reset by peer
2025-07-05 21:47:11,258 - email_client - INFO - Переподключение к серверу...
2025-07-05 21:47:11,265 - email_client - INFO - Подключаемся к imap.yandex.ru:993
2025-07-05 21:47:11,408 - email_client - INFO - Успешное подключение к почтовому серверу
2025-07-05 21:47:11,454 - email_client - INFO - Выбран ящик: INBOX
2025-07-05 21:47:11,456 - email_client - INFO - Загружено время последней проверки: 2025-07-05 21:17:11.239577
2025-07-05 21:47:11,456 - email_client - INFO - Поиск новых писем от no-reply@devinotele.com с 05-Jul-2025
2025-07-05 21:47:14,535 - email_client - INFO - Новых писем не найдено
2025-07-05 21:47:14,541 - email_client - INFO - Сохранено время последней проверки: 2025-07-05 21:47:14.536574
2025-07-05 22:17:14,557 - email_client - WARNING - Ошибка проверки соединения: [Errno 54] Connection reset by peer
2025-07-05 22:17:14,578 - email_client - INFO - Переподключение к серверу...
2025-07-05 22:17:14,585 - email_client - INFO - Подключаемся к imap.yandex.ru:993
2025-07-05 22:17:14,709 - email_client - INFO - Успешное подключение к почтовому серверу
2025-07-05 22:17:14,742 - email_client - INFO - Выбран ящик: INBOX
2025-07-05 22:17:14,775 - email_client - INFO - Загружено время последней проверки: 2025-07-05 21:47:14.536574
2025-07-05 22:17:14,776 - email_client - INFO - Поиск новых писем от no-reply@devinotele.com с 05-Jul-2025
2025-07-05 22:17:17,600 - email_client - INFO - Новых писем не найдено
2025-07-05 22:17:17,604 - email_client - INFO - Сохранено время последней проверки: 2025-07-05 22:17:17.600969
2025-07-05 22:47:17,660 - email_client - WARNING - Ошибка проверки соединения: [Errno 54] Connection reset by peer
2025-07-05 22:47:17,663 - email_client - INFO - Переподключение к серверу...
2025-07-05 22:47:17,672 - email_client - INFO - Подключаемся к imap.yandex.ru:993
2025-07-05 22:47:17,797 - email_client - INFO - Успешное подключение к почтовому серверу
2025-07-05 22:47:17,835 - email_client - INFO - Выбран ящик: INBOX
2025-07-05 22:47:17,837 - email_client - INFO - Загружено время последней проверки: 2025-07-05 22:17:17.600969
2025-07-05 22:47:17,838 - email_client - INFO - Поиск новых писем от no-reply@devinotele.com с 05-Jul-2025
2025-07-05 22:47:19,839 - email_client - INFO - Новых писем не найдено
2025-07-05 22:47:19,844 - email_client - INFO - Сохранено время последней проверки: 2025-07-05 22:47:19.840468
2025-07-05 23:17:19,854 - email_client - WARNING - Ошибка проверки соединения: [Errno 54] Connection reset by peer
2025-07-05 23:17:19,857 - email_client - INFO - Переподключение к серверу...
2025-07-05 23:17:19,863 - email_client - INFO - Подключаемся к imap.yandex.ru:993
2025-07-05 23:17:20,019 - email_client - INFO - Успешное подключение к почтовому серверу
2025-07-05 23:17:20,071 - email_client - INFO - Выбран ящик: INBOX
2025-07-05 23:17:20,075 - email_client - INFO - Загружено время последней проверки: 2025-07-05 22:47:19.840468
2025-07-05 23:17:20,075 - email_client - INFO - Поиск новых писем от no-reply@devinotele.com с 05-Jul-2025
2025-07-05 23:17:23,117 - email_client - INFO - Новых писем не найдено
2025-07-05 23:17:23,121 - email_client - INFO - Сохранено время последней проверки: 2025-07-05 23:17:23.117621
2025-07-05 23:47:23,130 - email_client - WARNING - Ошибка проверки соединения: [Errno 54] Connection reset by peer
2025-07-05 23:47:23,132 - email_client - INFO - Переподключение к серверу...
2025-07-05 23:47:23,138 - email_client - INFO - Подключаемся к imap.yandex.ru:993
2025-07-05 23:47:23,364 - email_client - INFO - Успешное подключение к почтовому серверу
2025-07-05 23:47:23,482 - email_client - INFO - Выбран ящик: INBOX
2025-07-05 23:47:23,485 - email_client - INFO - Загружено время последней проверки: 2025-07-05 23:17:23.117621
2025-07-05 23:47:23,486 - email_client - INFO - Поиск новых писем от no-reply@devinotele.com с 05-Jul-2025
2025-07-05 23:47:27,059 - email_client - INFO - Новых писем не найдено
2025-07-05 23:47:27,064 - email_client - INFO - Сохранено время последней проверки: 2025-07-05 23:47:27.060275
2025-07-06 00:17:27,077 - email_client - WARNING - Ошибка проверки соединения: [Errno 54] Connection reset by peer
2025-07-06 00:17:27,079 - email_client - INFO - Переподключение к серверу...
2025-07-06 00:17:27,089 - email_client - INFO - Подключаемся к imap.yandex.ru:993
2025-07-06 00:17:27,290 - email_client - INFO - Успешное подключение к почтовому серверу
2025-07-06 00:17:27,337 - email_client - INFO - Выбран ящик: INBOX
2025-07-06 00:17:27,338 - email_client - INFO - Загружено время последней проверки: 2025-07-05 23:47:27.060275
2025-07-06 00:17:27,339 - email_client - INFO - Поиск новых писем от no-reply@devinotele.com с 05-Jul-2025
2025-07-06 00:17:29,554 - email_client - INFO - Новых писем не найдено
2025-07-06 00:17:29,556 - email_client - INFO - Сохранено время последней проверки: 2025-07-06 00:17:29.554392
2025-07-06 01:58:56,102 - email_client - WARNING - Ошибка проверки соединения: [Errno 54] Connection reset by peer
2025-07-06 01:58:56,105 - email_client - INFO - Переподключение к серверу...
2025-07-06 01:58:56,110 - email_client - INFO - Подключаемся к imap.yandex.ru:993
2025-07-06 01:58:56,244 - email_client - INFO - Успешное подключение к почтовому серверу
2025-07-06 01:58:56,276 - email_client - INFO - Выбран ящик: INBOX
2025-07-06 01:58:56,278 - email_client - INFO - Загружено время последней проверки: 2025-07-06 00:17:29.554392
2025-07-06 01:58:56,278 - email_client - INFO - Поиск новых писем от no-reply@devinotele.com с 06-Jul-2025
2025-07-06 01:59:00,013 - email_client - INFO - Новых писем не найдено
2025-07-06 01:59:00,017 - email_client - INFO - Сохранено время последней проверки: 2025-07-06 01:59:00.013543
2025-07-06 07:27:11,788 - email_client - WARNING - Ошибка проверки соединения: command: NOOP => socket error: EOF
2025-07-06 07:27:11,791 - email_client - INFO - Переподключение к серверу...
2025-07-06 07:27:11,797 - email_client - INFO - Подключаемся к imap.yandex.ru:993
2025-07-06 07:27:11,934 - email_client - INFO - Успешное подключение к почтовому серверу
2025-07-06 07:27:11,977 - email_client - INFO - Выбран ящик: INBOX
2025-07-06 07:27:11,982 - email_client - INFO - Загружено время последней проверки: 2025-07-06 01:59:00.013543
2025-07-06 07:27:11,982 - email_client - INFO - Поиск новых писем от no-reply@devinotele.com с 06-Jul-2025
2025-07-06 10:21:02,368 - email_client - ERROR - Ошибка при поиске новых писем: command: SEARCH => socket error: EOF
2025-07-06 10:21:02,374 - email_client - INFO - Сохранено время последней проверки: 2025-07-06 10:21:02.371737
2025-07-06 12:37:29,066 - email_client - WARNING - Ошибка проверки соединения: socket error: EOF occurred in violation of protocol (_ssl.c:2493)
2025-07-06 12:37:29,069 - email_client - INFO - Переподключение к серверу...
2025-07-06 12:37:29,078 - email_client - INFO - Подключаемся к imap.yandex.ru:993
2025-07-06 12:37:29,289 - email_client - INFO - Успешное подключение к почтовому серверу
2025-07-06 12:37:29,322 - email_client - INFO - Выбран ящик: INBOX
2025-07-06 12:37:29,325 - email_client - INFO - Загружено время последней проверки: 2025-07-06 10:21:02.371737
2025-07-06 12:37:29,325 - email_client - INFO - Поиск новых писем от no-reply@devinotele.com с 06-Jul-2025
2025-07-06 12:37:33,164 - email_client - INFO - Новых писем не найдено
2025-07-06 12:37:33,183 - email_client - INFO - Сохранено время последней проверки: 2025-07-06 12:37:33.164829
2025-07-06 13:07:33,187 - email_client - WARNING - Ошибка проверки соединения: [Errno 54] Connection reset by peer
2025-07-06 13:07:33,190 - email_client - INFO - Переподключение к серверу...
2025-07-06 13:07:33,196 - email_client - INFO - Подключаемся к imap.yandex.ru:993
2025-07-06 13:07:33,470 - email_client - INFO - Успешное подключение к почтовому серверу
2025-07-06 13:07:33,527 - email_client - INFO - Выбран ящик: INBOX
2025-07-06 13:07:33,531 - email_client - INFO - Загружено время последней проверки: 2025-07-06 12:37:33.164829
2025-07-06 13:07:33,532 - email_client - INFO - Поиск новых писем от no-reply@devinotele.com с 06-Jul-2025
2025-07-06 13:07:36,728 - email_client - INFO - Новых писем не найдено
2025-07-06 13:07:36,732 - email_client - INFO - Сохранено время последней проверки: 2025-07-06 13:07:36.729110
2025-07-06 13:37:36,795 - email_client - INFO - Загружено время последней проверки: 2025-07-06 13:07:36.729110
2025-07-06 13:37:36,800 - email_client - INFO - Поиск новых писем от no-reply@devinotele.com с 06-Jul-2025
2025-07-06 13:37:37,058 - email_client - INFO - Новых писем не найдено
2025-07-06 13:37:37,063 - email_client - INFO - Сохранено время последней проверки: 2025-07-06 13:37:37.059310
2025-07-06 13:37:37,065 - __main__ - ERROR - Ошибка отправки статистики: TelegramBotSync.send_message() got an unexpected keyword argument 'disable_notification'
2025-07-06 14:07:37,106 - email_client - INFO - Загружено время последней проверки: 2025-07-06 13:37:37.059310
2025-07-06 14:07:37,109 - email_client - INFO - Поиск новых писем от no-reply@devinotele.com с 06-Jul-2025
2025-07-06 14:07:37,364 - email_client - INFO - Новых писем не найдено
2025-07-06 14:07:37,367 - email_client - INFO - Сохранено время последней проверки: 2025-07-06 14:07:37.365107
2025-07-06 14:37:37,414 - email_client - INFO - Загружено время последней проверки: 2025-07-06 14:07:37.365107
2025-07-06 14:37:37,420 - email_client - INFO - Поиск новых писем от no-reply@devinotele.com с 06-Jul-2025
2025-07-06 14:37:37,614 - email_client - INFO - Новых писем не найдено
2025-07-06 14:37:37,619 - email_client - INFO - Сохранено время последней проверки: 2025-07-06 14:37:37.615045
2025-07-06 15:07:37,630 - email_client - WARNING - Ошибка проверки соединения: [Errno 54] Connection reset by peer
2025-07-06 15:07:37,634 - email_client - INFO - Переподключение к серверу...
2025-07-06 15:07:37,652 - email_client - INFO - Подключаемся к imap.yandex.ru:993
2025-07-06 15:07:37,814 - email_client - INFO - Успешное подключение к почтовому серверу
2025-07-06 15:07:37,867 - email_client - INFO - Выбран ящик: INBOX
2025-07-06 15:07:37,868 - email_client - INFO - Загружено время последней проверки: 2025-07-06 14:37:37.615045
2025-07-06 15:07:37,868 - email_client - INFO - Поиск новых писем от no-reply@devinotele.com с 06-Jul-2025
2025-07-06 15:07:40,975 - email_client - INFO - Новых писем не найдено
2025-07-06 15:07:40,976 - email_client - INFO - Сохранено время последней проверки: 2025-07-06 15:07:40.975363
2025-07-06 15:37:40,986 - email_client - WARNING - Ошибка проверки соединения: [Errno 54] Connection reset by peer
2025-07-06 15:37:40,993 - email_client - INFO - Переподключение к серверу...
2025-07-06 15:37:40,998 - email_client - INFO - Подключаемся к imap.yandex.ru:993
2025-07-06 15:37:41,118 - email_client - INFO - Успешное подключение к почтовому серверу
2025-07-06 15:37:41,146 - email_client - INFO - Выбран ящик: INBOX
2025-07-06 15:37:41,148 - email_client - INFO - Загружено время последней проверки: 2025-07-06 15:07:40.975363
2025-07-06 15:37:41,149 - email_client - INFO - Поиск новых писем от no-reply@devinotele.com с 06-Jul-2025
2025-07-06 15:37:44,789 - email_client - INFO - Новых писем не найдено
2025-07-06 15:37:44,794 - email_client - INFO - Сохранено время последней проверки: 2025-07-06 15:37:44.789892
2025-07-06 16:07:44,808 - email_client - WARNING - Ошибка проверки соединения: [Errno 54] Connection reset by peer
2025-07-06 16:07:44,810 - email_client - INFO - Переподключение к серверу...
2025-07-06 16:07:44,825 - email_client - INFO - Подключаемся к imap.yandex.ru:993
2025-07-06 16:07:44,947 - email_client - INFO - Успешное подключение к почтовому серверу
2025-07-06 16:07:44,974 - email_client - INFO - Выбран ящик: INBOX
2025-07-06 16:07:44,978 - email_client - INFO - Загружено время последней проверки: 2025-07-06 15:37:44.789892
2025-07-06 16:07:44,979 - email_client - INFO - Поиск новых писем от no-reply@devinotele.com с 06-Jul-2025
2025-07-06 16:07:46,972 - email_client - INFO - Новых писем не найдено
2025-07-06 16:07:46,974 - email_client - INFO - Сохранено время последней проверки: 2025-07-06 16:07:46.972670
2025-07-06 18:57:28,753 - email_client - WARNING - Ошибка проверки соединения: command: NOOP => socket error: EOF
2025-07-06 18:57:28,757 - email_client - INFO - Переподключение к серверу...
2025-07-06 18:57:28,764 - email_client - INFO - Подключаемся к imap.yandex.ru:993
2025-07-06 18:57:28,973 - email_client - INFO - Успешное подключение к почтовому серверу
2025-07-06 18:57:29,029 - email_client - INFO - Выбран ящик: INBOX
2025-07-06 18:57:29,032 - email_client - INFO - Загружено время последней проверки: 2025-07-06 16:07:46.972670
2025-07-06 18:57:29,032 - email_client - INFO - Поиск новых писем от no-reply@devinotele.com с 06-Jul-2025
2025-07-06 18:57:33,131 - email_client - INFO - Новых писем не найдено
2025-07-06 18:57:33,134 - email_client - INFO - Сохранено время последней проверки: 2025-07-06 18:57:33.131946
2025-07-06 20:00:15,380 - email_client - WARNING - Ошибка проверки соединения: [Errno 54] Connection reset by peer
2025-07-06 20:00:15,383 - email_client - INFO - Переподключение к серверу...
2025-07-06 20:00:15,395 - email_client - INFO - Подключаемся к imap.yandex.ru:993
2025-07-06 20:00:15,565 - email_client - INFO - Успешное подключение к почтовому серверу
2025-07-06 20:00:15,622 - email_client - INFO - Выбран ящик: INBOX
2025-07-06 20:00:15,627 - email_client - INFO - Загружено время последней проверки: 2025-07-06 18:57:33.131946
2025-07-06 20:00:15,628 - email_client - INFO - Поиск новых писем от no-reply@devinotele.com с 06-Jul-2025
2025-07-06 20:00:18,926 - email_client - INFO - Новых писем не найдено
2025-07-06 20:00:18,932 - email_client - INFO - Сохранено время последней проверки: 2025-07-06 20:00:18.926815
2025-07-06 21:11:18,267 - email_client - WARNING - Ошибка проверки соединения: [Errno 54] Connection reset by peer
2025-07-06 21:11:18,270 - email_client - INFO - Переподключение к серверу...
2025-07-06 21:11:18,276 - email_client - INFO - Подключаемся к imap.yandex.ru:993
2025-07-06 21:11:18,531 - email_client - INFO - Успешное подключение к почтовому серверу
2025-07-06 21:11:18,585 - email_client - INFO - Выбран ящик: INBOX
2025-07-06 21:11:18,588 - email_client - INFO - Загружено время последней проверки: 2025-07-06 20:00:18.926815
2025-07-06 21:11:18,589 - email_client - INFO - Поиск новых писем от no-reply@devinotele.com с 06-Jul-2025
2025-07-06 21:11:21,566 - email_client - INFO - Новых писем не найдено
2025-07-06 21:11:21,569 - email_client - INFO - Сохранено время последней проверки: 2025-07-06 21:11:21.566620
2025-07-06 22:20:45,852 - email_client - WARNING - Ошибка проверки соединения: [Errno 54] Connection reset by peer
2025-07-06 22:20:45,857 - email_client - INFO - Переподключение к серверу...
2025-07-06 22:20:45,861 - email_client - INFO - Подключаемся к imap.yandex.ru:993
2025-07-06 22:20:45,994 - email_client - INFO - Успешное подключение к почтовому серверу
2025-07-06 22:20:46,026 - email_client - INFO - Выбран ящик: INBOX
2025-07-06 22:20:46,027 - email_client - INFO - Загружено время последней проверки: 2025-07-06 21:11:21.566620
2025-07-06 22:20:46,028 - email_client - INFO - Поиск новых писем от no-reply@devinotele.com с 06-Jul-2025
2025-07-06 22:20:49,790 - email_client - INFO - Новых писем не найдено
2025-07-06 22:20:49,795 - email_client - INFO - Сохранено время последней проверки: 2025-07-06 22:20:49.791193
2025-07-06 22:50:49,836 - email_client - INFO - Загружено время последней проверки: 2025-07-06 22:20:49.791193
2025-07-06 22:50:49,839 - email_client - INFO - Поиск новых писем от no-reply@devinotele.com с 06-Jul-2025
2025-07-06 22:50:50,152 - email_client - INFO - Новых писем не найдено
2025-07-06 22:50:50,157 - email_client - INFO - Сохранено время последней проверки: 2025-07-06 22:50:50.152865
2025-07-06 23:20:50,184 - email_client - INFO - Загружено время последней проверки: 2025-07-06 22:50:50.152865
2025-07-06 23:20:50,189 - email_client - INFO - Поиск новых писем от no-reply@devinotele.com с 06-Jul-2025
2025-07-06 23:20:50,445 - email_client - INFO - Новых писем не найдено
2025-07-06 23:20:50,450 - email_client - INFO - Сохранено время последней проверки: 2025-07-06 23:20:50.446396
2025-07-06 23:50:50,474 - email_client - INFO - Загружено время последней проверки: 2025-07-06 23:20:50.446396
2025-07-06 23:50:50,477 - email_client - INFO - Поиск новых писем от no-reply@devinotele.com с 06-Jul-2025
2025-07-06 23:50:50,711 - email_client - INFO - Новых писем не найдено
2025-07-06 23:50:50,715 - email_client - INFO - Сохранено время последней проверки: 2025-07-06 23:50:50.712015
2025-07-07 00:22:48,537 - email_client - WARNING - Ошибка проверки соединения: [Errno 60] Operation timed out
2025-07-07 00:22:48,541 - email_client - INFO - Переподключение к серверу...
2025-07-07 00:22:48,548 - email_client - INFO - Подключаемся к imap.yandex.ru:993
2025-07-07 00:22:48,718 - email_client - INFO - Успешное подключение к почтовому серверу
2025-07-07 00:22:48,767 - email_client - INFO - Выбран ящик: INBOX
2025-07-07 00:22:48,769 - email_client - INFO - Загружено время последней проверки: 2025-07-06 23:50:50.712015
2025-07-07 00:22:48,770 - email_client - INFO - Поиск новых писем от no-reply@devinotele.com с 06-Jul-2025
2025-07-07 00:22:55,784 - email_client - INFO - Новых писем не найдено
2025-07-07 00:22:55,787 - email_client - INFO - Сохранено время последней проверки: 2025-07-07 00:22:55.785612
2025-07-07 00:52:55,842 - email_client - INFO - Загружено время последней проверки: 2025-07-07 00:22:55.785612
2025-07-07 00:52:55,846 - email_client - INFO - Поиск новых писем от no-reply@devinotele.com с 07-Jul-2025
2025-07-07 00:52:56,168 - email_client - INFO - Новых писем не найдено
2025-07-07 00:52:56,172 - email_client - INFO - Сохранено время последней проверки: 2025-07-07 00:52:56.169386
2025-07-07 01:22:56,217 - email_client - INFO - Загружено время последней проверки: 2025-07-07 00:52:56.169386
2025-07-07 01:22:56,220 - email_client - INFO - Поиск новых писем от no-reply@devinotele.com с 07-Jul-2025
2025-07-07 01:22:56,506 - email_client - INFO - Новых писем не найдено
2025-07-07 01:22:56,513 - email_client - INFO - Сохранено время последней проверки: 2025-07-07 01:22:56.507276
2025-07-07 01:52:56,558 - email_client - INFO - Загружено время последней проверки: 2025-07-07 01:22:56.507276
2025-07-07 01:52:56,566 - email_client - INFO - Поиск новых писем от no-reply@devinotele.com с 07-Jul-2025
2025-07-07 01:52:56,938 - email_client - INFO - Новых писем не найдено
2025-07-07 01:52:56,942 - email_client - INFO - Сохранено время последней проверки: 2025-07-07 01:52:56.938638
2025-07-07 02:22:56,984 - email_client - INFO - Загружено время последней проверки: 2025-07-07 01:52:56.938638
2025-07-07 02:22:56,986 - email_client - INFO - Поиск новых писем от no-reply@devinotele.com с 07-Jul-2025
2025-07-07 02:22:57,259 - email_client - INFO - Новых писем не найдено
2025-07-07 02:22:57,264 - email_client - INFO - Сохранено время последней проверки: 2025-07-07 02:22:57.259802
2025-07-07 02:52:57,314 - email_client - INFO - Загружено время последней проверки: 2025-07-07 02:22:57.259802
2025-07-07 02:52:57,319 - email_client - INFO - Поиск новых писем от no-reply@devinotele.com с 07-Jul-2025
2025-07-07 02:52:57,598 - email_client - INFO - Новых писем не найдено
2025-07-07 02:52:57,603 - email_client - INFO - Сохранено время последней проверки: 2025-07-07 02:52:57.598815
2025-07-07 03:22:57,660 - email_client - INFO - Загружено время последней проверки: 2025-07-07 02:52:57.598815
2025-07-07 03:22:57,663 - email_client - INFO - Поиск новых писем от no-reply@devinotele.com с 07-Jul-2025
2025-07-07 03:22:58,149 - email_client - INFO - Новых писем не найдено
2025-07-07 03:22:58,153 - email_client - INFO - Сохранено время последней проверки: 2025-07-07 03:22:58.149881
2025-07-07 03:52:58,193 - email_client - INFO - Загружено время последней проверки: 2025-07-07 03:22:58.149881
2025-07-07 03:52:58,197 - email_client - INFO - Поиск новых писем от no-reply@devinotele.com с 07-Jul-2025
2025-07-07 03:52:58,555 - email_client - INFO - Новых писем не найдено
2025-07-07 03:52:58,560 - email_client - INFO - Сохранено время последней проверки: 2025-07-07 03:52:58.556411
2025-07-07 04:22:58,597 - email_client - INFO - Загружено время последней проверки: 2025-07-07 03:52:58.556411
2025-07-07 04:22:58,600 - email_client - INFO - Поиск новых писем от no-reply@devinotele.com с 07-Jul-2025
2025-07-07 04:22:58,913 - email_client - INFO - Новых писем не найдено
2025-07-07 04:22:58,917 - email_client - INFO - Сохранено время последней проверки: 2025-07-07 04:22:58.913824
2025-07-07 04:52:58,960 - email_client - INFO - Загружено время последней проверки: 2025-07-07 04:22:58.913824
2025-07-07 04:52:58,963 - email_client - INFO - Поиск новых писем от no-reply@devinotele.com с 07-Jul-2025
2025-07-07 04:52:59,259 - email_client - INFO - Новых писем не найдено
2025-07-07 04:52:59,263 - email_client - INFO - Сохранено время последней проверки: 2025-07-07 04:52:59.260109
2025-07-07 05:22:59,305 - email_client - INFO - Загружено время последней проверки: 2025-07-07 04:52:59.260109
2025-07-07 05:22:59,308 - email_client - INFO - Поиск новых писем от no-reply@devinotele.com с 07-Jul-2025
2025-07-07 05:23:01,795 - email_client - INFO - Новых писем не найдено
2025-07-07 05:23:01,800 - email_client - INFO - Сохранено время последней проверки: 2025-07-07 05:23:01.796138
2025-07-07 05:53:01,845 - email_client - INFO - Загружено время последней проверки: 2025-07-07 05:23:01.796138
2025-07-07 05:53:01,848 - email_client - INFO - Поиск новых писем от no-reply@devinotele.com с 07-Jul-2025
2025-07-07 05:53:02,152 - email_client - INFO - Новых писем не найдено
2025-07-07 05:53:02,157 - email_client - INFO - Сохранено время последней проверки: 2025-07-07 05:53:02.153366
2025-07-07 06:23:02,194 - email_client - INFO - Загружено время последней проверки: 2025-07-07 05:53:02.153366
2025-07-07 06:23:02,201 - email_client - INFO - Поиск новых писем от no-reply@devinotele.com с 07-Jul-2025
2025-07-07 06:23:02,492 - email_client - INFO - Новых писем не найдено
2025-07-07 06:23:02,496 - email_client - INFO - Сохранено время последней проверки: 2025-07-07 06:23:02.492780
2025-07-07 06:53:02,548 - email_client - INFO - Загружено время последней проверки: 2025-07-07 06:23:02.492780
2025-07-07 06:53:02,551 - email_client - INFO - Поиск новых писем от no-reply@devinotele.com с 07-Jul-2025
2025-07-07 06:53:02,873 - email_client - INFO - Новых писем не найдено
2025-07-07 06:53:02,876 - email_client - INFO - Сохранено время последней проверки: 2025-07-07 06:53:02.873617
2025-07-07 07:23:02,924 - email_client - INFO - Загружено время последней проверки: 2025-07-07 06:53:02.873617
2025-07-07 07:23:02,927 - email_client - INFO - Поиск новых писем от no-reply@devinotele.com с 07-Jul-2025
2025-07-07 07:23:03,305 - email_client - INFO - Новых писем не найдено
2025-07-07 07:23:03,308 - email_client - INFO - Сохранено время последней проверки: 2025-07-07 07:23:03.305396
2025-07-07 07:53:03,357 - email_client - INFO - Загружено время последней проверки: 2025-07-07 07:23:03.305396
2025-07-07 07:53:03,360 - email_client - INFO - Поиск новых писем от no-reply@devinotele.com с 07-Jul-2025
2025-07-07 07:53:03,678 - email_client - INFO - Новых писем не найдено
2025-07-07 07:53:03,681 - email_client - INFO - Сохранено время последней проверки: 2025-07-07 07:53:03.678840
2025-07-07 08:23:03,729 - email_client - INFO - Загружено время последней проверки: 2025-07-07 07:53:03.678840
2025-07-07 08:23:03,731 - email_client - INFO - Поиск новых писем от no-reply@devinotele.com с 07-Jul-2025
2025-07-07 08:23:04,078 - email_client - INFO - Новых писем не найдено
2025-07-07 08:23:04,082 - email_client - INFO - Сохранено время последней проверки: 2025-07-07 08:23:04.079763
2025-07-07 09:58:41,401 - email_client - WARNING - Ошибка проверки соединения: [Errno 60] Operation timed out
2025-07-07 09:58:41,407 - email_client - INFO - Переподключение к серверу...
2025-07-07 09:58:41,426 - email_client - INFO - Подключаемся к imap.yandex.ru:993
2025-07-07 09:58:41,708 - email_client - INFO - Успешное подключение к почтовому серверу
2025-07-07 09:58:41,738 - email_client - INFO - Выбран ящик: INBOX
2025-07-07 09:58:41,742 - email_client - INFO - Загружено время последней проверки: 2025-07-07 08:23:04.079763
2025-07-07 09:58:41,743 - email_client - INFO - Поиск новых писем от no-reply@devinotele.com с 07-Jul-2025
2025-07-07 09:58:45,713 - email_client - INFO - Новых писем не найдено
2025-07-07 09:58:45,718 - email_client - INFO - Сохранено время последней проверки: 2025-07-07 09:58:45.714009
2025-07-07 10:28:45,753 - email_client - INFO - Загружено время последней проверки: 2025-07-07 09:58:45.714009
2025-07-07 10:28:45,758 - email_client - INFO - Поиск новых писем от no-reply@devinotele.com с 07-Jul-2025
2025-07-07 10:28:46,975 - email_client - INFO - Найдено 1 новых писем (из 1 общих)
2025-07-07 10:28:47,027 - email_client - INFO - Получено 1 новых писем
2025-07-07 10:28:47,029 - email_client - INFO - Сохранено время последней проверки: 2025-07-07 10:28:47.027574
2025-07-07 10:28:47,029 - __main__ - INFO - Найдено 1 новых писем
2025-07-07 10:28:47,029 - __main__ - INFO - Обработка письма: Плановые работы на стороне оператора Билайн...
2025-07-07 10:28:47,030 - parser - INFO - Парсинг письма: Плановые работы на стороне оператора Билайн...
2025-07-07 10:28:47,033 - parser - INFO - Успешно извлечены данные из письма
2025-07-07 10:28:47,039 - telegram_bot - INFO - Отправка уведомления о работах оператора Билайн
2025-07-07 10:28:47,041 - telegram_bot - INFO - Отправка сообщения в Telegram...
2025-07-07 10:28:47,511 - httpx - INFO - HTTP Request: POST https://api.telegram.org/bot7227156938:AAGlund0oe-D8UC9HMoGgo2JLemtAMjYv70/sendMessage "HTTP/1.1 200 OK"
2025-07-07 10:28:47,521 - telegram_bot - INFO - Сообщение отправлено успешно (ID: 39)
2025-07-07 10:28:47,521 - __main__ - INFO - ✅ Уведомление отправлено в Telegram
2025-07-07 10:28:47,522 - __main__ - INFO - Цикл завершен, обработано 1 писем
2025-07-07 12:29:00,690 - email_client - WARNING - Ошибка проверки соединения: [Errno 54] Connection reset by peer
2025-07-07 12:29:00,694 - email_client - INFO - Переподключение к серверу...
2025-07-07 12:29:00,719 - email_client - INFO - Подключаемся к imap.yandex.ru:993
2025-07-07 12:29:01,196 - email_client - INFO - Успешное подключение к почтовому серверу
2025-07-07 12:29:01,290 - email_client - INFO - Выбран ящик: INBOX
2025-07-07 12:29:01,353 - email_client - INFO - Загружено время последней проверки: 2025-07-07 10:28:47.027574
2025-07-07 12:29:01,354 - email_client - INFO - Поиск новых писем от no-reply@devinotele.com с 07-Jul-2025
2025-07-07 12:29:05,372 - email_client - INFO - Найдено 0 новых писем (из 1 общих)
2025-07-07 12:29:05,375 - email_client - INFO - Сохранено время последней проверки: 2025-07-07 12:29:05.372788
2025-07-07 12:59:05,384 - email_client - WARNING - Ошибка проверки соединения: [Errno 54] Connection reset by peer
2025-07-07 12:59:05,388 - email_client - INFO - Переподключение к серверу...
2025-07-07 12:59:05,395 - email_client - INFO - Подключаемся к imap.yandex.ru:993
2025-07-07 12:59:05,720 - email_client - INFO - Успешное подключение к почтовому серверу
2025-07-07 12:59:05,813 - email_client - INFO - Выбран ящик: INBOX
2025-07-07 12:59:05,815 - email_client - INFO - Загружено время последней проверки: 2025-07-07 12:29:05.372788
2025-07-07 12:59:05,815 - email_client - INFO - Поиск новых писем от no-reply@devinotele.com с 07-Jul-2025
2025-07-07 12:59:10,336 - email_client - INFO - Найдено 0 новых писем (из 1 общих)
2025-07-07 12:59:10,349 - email_client - INFO - Сохранено время последней проверки: 2025-07-07 12:59:10.337179
2025-07-07 13:29:10,358 - email_client - WARNING - Ошибка проверки соединения: [Errno 54] Connection reset by peer
2025-07-07 13:29:10,360 - email_client - INFO - Переподключение к серверу...
2025-07-07 13:29:10,370 - email_client - INFO - Подключаемся к imap.yandex.ru:993
2025-07-07 13:29:10,672 - email_client - INFO - Успешное подключение к почтовому серверу
2025-07-07 13:29:10,738 - email_client - INFO - Выбран ящик: INBOX
2025-07-07 13:29:10,743 - email_client - INFO - Загружено время последней проверки: 2025-07-07 12:59:10.337179
2025-07-07 13:29:10,744 - email_client - INFO - Поиск новых писем от no-reply@devinotele.com с 07-Jul-2025
2025-07-07 13:29:15,360 - email_client - INFO - Найдено 0 новых писем (из 1 общих)
2025-07-07 13:29:15,364 - email_client - INFO - Сохранено время последней проверки: 2025-07-07 13:29:15.360944
2025-07-07 15:01:41,558 - email_client - WARNING - Ошибка проверки соединения: [Errno 54] Connection reset by peer
2025-07-07 15:01:41,561 - email_client - INFO - Переподключение к серверу...
2025-07-07 15:01:41,595 - email_client - INFO - Подключаемся к imap.yandex.ru:993
2025-07-07 15:01:41,819 - email_client - INFO - Успешное подключение к почтовому серверу
2025-07-07 15:01:41,853 - email_client - INFO - Выбран ящик: INBOX
2025-07-07 15:01:41,856 - email_client - INFO - Загружено время последней проверки: 2025-07-07 13:29:15.360944
2025-07-07 15:01:41,857 - email_client - INFO - Поиск новых писем от no-reply@devinotele.com с 07-Jul-2025
2025-07-07 15:01:45,598 - email_client - INFO - Найдено 0 новых писем (из 1 общих)
2025-07-07 15:01:45,601 - email_client - INFO - Сохранено время последней проверки: 2025-07-07 15:01:45.598691
2025-07-07 15:01:45,602 - __main__ - ERROR - Ошибка отправки статистики: TelegramBotSync.send_message() got an unexpected keyword argument 'disable_notification'
2025-07-07 16:05:15,694 - email_client - WARNING - Ошибка проверки соединения: [Errno 54] Connection reset by peer
2025-07-07 16:05:15,697 - email_client - INFO - Переподключение к серверу...
2025-07-07 16:05:15,712 - email_client - INFO - Подключаемся к imap.yandex.ru:993
2025-07-07 16:05:15,947 - email_client - INFO - Успешное подключение к почтовому серверу
2025-07-07 16:05:15,998 - email_client - INFO - Выбран ящик: INBOX
2025-07-07 16:05:16,003 - email_client - INFO - Загружено время последней проверки: 2025-07-07 15:01:45.598691
2025-07-07 16:05:16,003 - email_client - INFO - Поиск новых писем от no-reply@devinotele.com с 07-Jul-2025
2025-07-07 16:05:20,463 - email_client - INFO - Найдено 0 новых писем (из 1 общих)
2025-07-07 16:05:20,466 - email_client - INFO - Сохранено время последней проверки: 2025-07-07 16:05:20.463612
2025-07-07 17:54:59,576 - email_client - WARNING - Ошибка проверки соединения: command: NOOP => socket error: EOF
2025-07-07 17:54:59,582 - email_client - INFO - Переподключение к серверу...
2025-07-07 17:54:59,590 - email_client - INFO - Подключаемся к imap.yandex.ru:993
2025-07-07 17:54:59,628 - email_client - ERROR - Ошибка подключения: [SSL: UNEXPECTED_EOF_WHILE_READING] EOF occurred in violation of protocol (_ssl.c:1028)
2025-07-07 17:54:59,628 - email_client - ERROR - Не удалось установить соединение с сервером
2025-07-07 17:54:59,628 - email_client - INFO - Соединение отсутствует, подключаемся...
2025-07-07 17:54:59,628 - email_client - INFO - Подключаемся к imap.yandex.ru:993
2025-07-07 17:54:59,657 - email_client - ERROR - Ошибка подключения: [SSL: UNEXPECTED_EOF_WHILE_READING] EOF occurred in violation of protocol (_ssl.c:1028)
2025-07-07 17:54:59,657 - email_client - ERROR - Не удалось установить соединение с сервером
2025-07-07 17:54:59,657 - email_client - INFO - Соединение отсутствует, подключаемся...
2025-07-07 17:54:59,657 - email_client - INFO - Подключаемся к imap.yandex.ru:993
2025-07-07 17:54:59,683 - email_client - ERROR - Ошибка подключения: [SSL: UNEXPECTED_EOF_WHILE_READING] EOF occurred in violation of protocol (_ssl.c:1028)
2025-07-07 17:54:59,684 - email_client - ERROR - Не удалось установить соединение с сервером
2025-07-07 17:54:59,684 - email_client - ERROR - Не удалось получить письма после 3 попыток. Последняя ошибка: None
2025-07-07 18:24:59,684 - email_client - INFO - Соединение отсутствует, подключаемся...
2025-07-07 18:24:59,697 - email_client - INFO - Подключаемся к imap.yandex.ru:993
2025-07-07 18:25:00,252 - email_client - INFO - Успешное подключение к почтовому серверу
2025-07-07 18:25:00,350 - email_client - INFO - Выбран ящик: INBOX
2025-07-07 18:25:00,408 - email_client - INFO - Загружено время последней проверки: 2025-07-07 16:05:20.463612
2025-07-07 18:25:00,410 - email_client - INFO - Поиск новых писем от no-reply@devinotele.com с 07-Jul-2025
2025-07-07 18:25:03,840 - email_client - INFO - Найдено 0 новых писем (из 1 общих)
2025-07-07 18:25:03,845 - email_client - INFO - Сохранено время последней проверки: 2025-07-07 18:25:03.840758
2025-07-07 22:52:27,546 - email_client - WARNING - Ошибка проверки соединения: [Errno 54] Connection reset by peer
2025-07-07 22:52:27,550 - email_client - INFO - Переподключение к серверу...
2025-07-07 22:52:27,559 - email_client - INFO - Подключаемся к imap.yandex.ru:993
2025-07-07 22:52:28,078 - email_client - INFO - Успешное подключение к почтовому серверу
2025-07-07 22:52:28,188 - email_client - INFO - Выбран ящик: INBOX
2025-07-07 22:52:28,192 - email_client - INFO - Загружено время последней проверки: 2025-07-07 18:25:03.840758
2025-07-07 22:52:28,193 - email_client - INFO - Поиск новых писем от no-reply@devinotele.com с 07-Jul-2025
2025-07-07 22:52:31,355 - email_client - INFO - Найдено 0 новых писем (из 1 общих)
2025-07-07 22:52:31,358 - email_client - INFO - Сохранено время последней проверки: 2025-07-07 22:52:31.356148
2025-07-07 23:22:31,402 - email_client - INFO - Загружено время последней проверки: 2025-07-07 22:52:31.356148
2025-07-07 23:22:31,410 - email_client - INFO - Поиск новых писем от no-reply@devinotele.com с 07-Jul-2025
2025-07-07 23:22:32,607 - email_client - INFO - Найдено 0 новых писем (из 1 общих)
2025-07-07 23:22:32,612 - email_client - INFO - Сохранено время последней проверки: 2025-07-07 23:22:32.607867
2025-07-07 23:52:32,648 - email_client - INFO - Загружено время последней проверки: 2025-07-07 23:22:32.607867
2025-07-07 23:52:32,650 - email_client - INFO - Поиск новых писем от no-reply@devinotele.com с 07-Jul-2025
2025-07-07 23:52:33,872 - email_client - INFO - Найдено 0 новых писем (из 1 общих)
2025-07-07 23:52:33,875 - email_client - INFO - Сохранено время последней проверки: 2025-07-07 23:52:33.872911
2025-07-08 00:22:33,880 - email_client - WARNING - Ошибка проверки соединения: [Errno 54] Connection reset by peer
2025-07-08 00:22:33,883 - email_client - INFO - Переподключение к серверу...
2025-07-08 00:22:33,893 - email_client - INFO - Подключаемся к imap.yandex.ru:993
2025-07-08 00:22:34,036 - email_client - INFO - Успешное подключение к почтовому серверу
2025-07-08 00:22:34,074 - email_client - INFO - Выбран ящик: INBOX
2025-07-08 00:22:34,076 - email_client - INFO - Загружено время последней проверки: 2025-07-07 23:52:33.872911
2025-07-08 00:22:34,076 - email_client - INFO - Поиск новых писем от no-reply@devinotele.com с 07-Jul-2025
2025-07-08 00:22:37,220 - email_client - INFO - Найдено 0 новых писем (из 1 общих)
2025-07-08 00:22:37,222 - email_client - INFO - Сохранено время последней проверки: 2025-07-08 00:22:37.221093
2025-07-08 03:53:31,968 - email_client - WARNING - Ошибка проверки соединения: [Errno 54] Connection reset by peer
2025-07-08 03:53:31,971 - email_client - INFO - Переподключение к серверу...
2025-07-08 03:53:31,976 - email_client - INFO - Подключаемся к imap.yandex.ru:993
2025-07-08 03:53:32,086 - email_client - INFO - Успешное подключение к почтовому серверу
2025-07-08 03:53:32,132 - email_client - INFO - Выбран ящик: INBOX
2025-07-08 03:53:32,135 - email_client - INFO - Загружено время последней проверки: 2025-07-08 00:22:37.221093
2025-07-08 03:53:32,136 - email_client - INFO - Поиск новых писем от no-reply@devinotele.com с 08-Jul-2025
2025-07-08 08:40:23,223 - email_client - ERROR - Ошибка при поиске новых писем: command: SEARCH => socket error: EOF
2025-07-08 08:40:23,237 - email_client - INFO - Сохранено время последней проверки: 2025-07-08 08:40:23.227778
2025-07-08 09:10:23,244 - email_client - WARNING - Ошибка проверки соединения: socket error: EOF occurred in violation of protocol (_ssl.c:2493)
2025-07-08 09:10:23,249 - email_client - INFO - Переподключение к серверу...
2025-07-08 09:10:23,258 - email_client - INFO - Подключаемся к imap.yandex.ru:993
2025-07-08 09:10:23,419 - email_client - INFO - Успешное подключение к почтовому серверу
2025-07-08 09:10:23,469 - email_client - INFO - Выбран ящик: INBOX
2025-07-08 09:10:23,472 - email_client - INFO - Загружено время последней проверки: 2025-07-08 08:40:23.227778
2025-07-08 09:10:23,473 - email_client - INFO - Поиск новых писем от no-reply@devinotele.com с 08-Jul-2025
2025-07-08 09:10:26,972 - email_client - INFO - Новых писем не найдено
2025-07-08 09:10:26,977 - email_client - INFO - Сохранено время последней проверки: 2025-07-08 09:10:26.973501
2025-07-08 12:30:03,440 - email_client - WARNING - Ошибка проверки соединения: [Errno 54] Connection reset by peer
2025-07-08 12:30:03,442 - email_client - INFO - Переподключение к серверу...
2025-07-08 12:30:03,445 - email_client - INFO - Подключаемся к imap.yandex.ru:993
2025-07-08 12:30:03,780 - email_client - INFO - Успешное подключение к почтовому серверу
2025-07-08 12:30:03,830 - email_client - INFO - Выбран ящик: INBOX
2025-07-08 12:30:03,834 - email_client - INFO - Загружено время последней проверки: 2025-07-08 09:10:26.973501
2025-07-08 12:30:03,834 - email_client - INFO - Поиск новых писем от no-reply@devinotele.com с 08-Jul-2025
2025-07-08 12:30:07,609 - email_client - INFO - Найдено 2 новых писем (из 2 общих)
2025-07-08 12:30:07,730 - email_client - INFO - Получено 2 новых писем
2025-07-08 12:30:07,732 - email_client - INFO - Сохранено время последней проверки: 2025-07-08 12:30:07.730541
2025-07-08 12:30:07,733 - __main__ - INFO - Найдено 2 новых писем
2025-07-08 12:30:07,733 - __main__ - INFO - Обработка письма: Плановые работы на стороне оператора Мегафон...
2025-07-08 12:30:07,734 - parser - INFO - Парсинг письма: Плановые работы на стороне оператора Мегафон...
2025-07-08 12:30:07,737 - parser - INFO - Успешно извлечены данные из письма
2025-07-08 12:30:07,740 - telegram_bot - INFO - Отправка уведомления о работах оператора Мегафон
2025-07-08 12:30:07,742 - telegram_bot - INFO - Отправка сообщения в Telegram...
2025-07-08 12:30:08,397 - httpx - INFO - HTTP Request: POST https://api.telegram.org/bot7227156938:AAGlund0oe-D8UC9HMoGgo2JLemtAMjYv70/sendMessage "HTTP/1.1 200 OK"
2025-07-08 12:30:08,415 - telegram_bot - INFO - Сообщение отправлено успешно (ID: 40)
2025-07-08 12:30:08,416 - __main__ - INFO - ✅ Уведомление отправлено в Telegram
2025-07-08 12:30:08,416 - __main__ - INFO - Обработка письма: Внеплановые работы на платформе Devino Telecom...
2025-07-08 12:30:08,416 - parser - INFO - Парсинг письма: Внеплановые работы на платформе Devino Telecom...
2025-07-08 12:30:08,419 - parser - INFO - Успешно извлечены данные из письма
2025-07-08 12:30:08,420 - telegram_bot - INFO - Отправка уведомления о работах оператора Devino Telecom
2025-07-08 12:30:08,420 - telegram_bot - INFO - Отправка сообщения в Telegram...
2025-07-08 12:30:08,565 - httpx - INFO - HTTP Request: POST https://api.telegram.org/bot7227156938:AAGlund0oe-D8UC9HMoGgo2JLemtAMjYv70/sendMessage "HTTP/1.1 200 OK"
2025-07-08 12:30:08,567 - telegram_bot - INFO - Сообщение отправлено успешно (ID: 41)
2025-07-08 12:30:08,567 - __main__ - INFO - ✅ Уведомление отправлено в Telegram
2025-07-08 12:30:08,567 - __main__ - INFO - Цикл завершен, обработано 2 писем
2025-07-08 13:00:08,577 - email_client - WARNING - Ошибка проверки соединения: [Errno 54] Connection reset by peer
2025-07-08 13:00:08,583 - email_client - INFO - Переподключение к серверу...
2025-07-08 13:00:08,592 - email_client - INFO - Подключаемся к imap.yandex.ru:993
2025-07-08 13:00:08,838 - email_client - INFO - Успешное подключение к почтовому серверу
2025-07-08 13:00:08,913 - email_client - INFO - Выбран ящик: INBOX
2025-07-08 13:00:08,914 - email_client - INFO - Загружено время последней проверки: 2025-07-08 12:30:07.730541
2025-07-08 13:00:08,914 - email_client - INFO - Поиск новых писем от no-reply@devinotele.com с 08-Jul-2025
2025-07-08 13:00:12,428 - email_client - INFO - Найдено 0 новых писем (из 2 общих)
2025-07-08 13:00:12,431 - email_client - INFO - Сохранено время последней проверки: 2025-07-08 13:00:12.428888
2025-07-08 13:30:12,454 - email_client - WARNING - Ошибка проверки соединения: [Errno 54] Connection reset by peer
2025-07-08 13:30:12,460 - email_client - INFO - Переподключение к серверу...
2025-07-08 13:30:12,470 - email_client - INFO - Подключаемся к imap.yandex.ru:993
2025-07-08 13:30:12,659 - email_client - INFO - Успешное подключение к почтовому серверу
2025-07-08 13:30:12,711 - email_client - INFO - Выбран ящик: INBOX
2025-07-08 13:30:12,714 - email_client - INFO - Загружено время последней проверки: 2025-07-08 13:00:12.428888
2025-07-08 13:30:12,714 - email_client - INFO - Поиск новых писем от no-reply@devinotele.com с 08-Jul-2025
2025-07-08 13:30:16,687 - email_client - INFO - Найдено 0 новых писем (из 2 общих)
2025-07-08 13:30:16,691 - email_client - INFO - Сохранено время последней проверки: 2025-07-08 13:30:16.687636
2025-07-08 14:00:16,701 - email_client - WARNING - Ошибка проверки соединения: [Errno 54] Connection reset by peer
2025-07-08 14:00:16,704 - email_client - INFO - Переподключение к серверу...
2025-07-08 14:00:16,708 - email_client - INFO - Подключаемся к imap.yandex.ru:993
2025-07-08 14:00:16,905 - email_client - INFO - Успешное подключение к почтовому серверу
2025-07-08 14:00:16,952 - email_client - INFO - Выбран ящик: INBOX
2025-07-08 14:00:16,989 - email_client - INFO - Загружено время последней проверки: 2025-07-08 13:30:16.687636
2025-07-08 14:00:16,990 - email_client - INFO - Поиск новых писем от no-reply@devinotele.com с 08-Jul-2025
2025-07-08 14:00:20,391 - email_client - INFO - Найдено 0 новых писем (из 2 общих)
2025-07-08 14:00:20,396 - email_client - INFO - Сохранено время последней проверки: 2025-07-08 14:00:20.391883
2025-07-08 20:00:03,207 - email_client - WARNING - Ошибка проверки соединения: command: NOOP => socket error: EOF
2025-07-08 20:00:03,209 - email_client - INFO - Переподключение к серверу...
2025-07-08 20:00:03,222 - email_client - INFO - Подключаемся к imap.yandex.ru:993
2025-07-08 20:16:38,528 - email_client - ERROR - Ошибка подключения: [SSL: UNEXPECTED_EOF_WHILE_READING] EOF occurred in violation of protocol (_ssl.c:1028)
2025-07-08 20:16:38,531 - email_client - ERROR - Не удалось установить соединение с сервером
2025-07-08 20:16:38,531 - email_client - INFO - Соединение отсутствует, подключаемся...
2025-07-08 20:16:38,532 - email_client - INFO - Подключаемся к imap.yandex.ru:993
2025-07-08 20:32:15,915 - email_client - ERROR - Ошибка подключения: [SSL: UNEXPECTED_EOF_WHILE_READING] EOF occurred in violation of protocol (_ssl.c:1028)
2025-07-08 20:32:15,917 - email_client - ERROR - Не удалось установить соединение с сервером
2025-07-08 20:32:15,917 - email_client - INFO - Соединение отсутствует, подключаемся...
2025-07-08 20:32:15,918 - email_client - INFO - Подключаемся к imap.yandex.ru:993
2025-07-08 20:48:50,304 - email_client - ERROR - Ошибка подключения: [SSL: UNEXPECTED_EOF_WHILE_READING] EOF occurred in violation of protocol (_ssl.c:1028)
2025-07-08 20:48:50,306 - email_client - ERROR - Не удалось установить соединение с сервером
2025-07-08 20:48:50,306 - email_client - ERROR - Не удалось получить письма после 3 попыток. Последняя ошибка: None
2025-07-08 20:48:50,309 - __main__ - ERROR - Ошибка отправки статистики: TelegramBotSync.send_message() got an unexpected keyword argument 'disable_notification'
2025-07-09 00:52:15,331 - email_client - INFO - Соединение отсутствует, подключаемся...
2025-07-09 00:52:15,340 - email_client - INFO - Подключаемся к imap.yandex.ru:993
2025-07-09 00:52:17,228 - email_client - INFO - Успешное подключение к почтовому серверу
2025-07-09 00:52:17,307 - email_client - INFO - Выбран ящик: INBOX
2025-07-09 00:52:17,309 - email_client - INFO - Загружено время последней проверки: 2025-07-08 14:00:20.391883
2025-07-09 00:52:17,310 - email_client - INFO - Поиск новых писем от no-reply@devinotele.com с 08-Jul-2025
2025-07-09 00:52:22,335 - email_client - INFO - Найдено 0 новых писем (из 2 общих)
2025-07-09 00:52:22,339 - email_client - INFO - Сохранено время последней проверки: 2025-07-09 00:52:22.336430
2025-07-09 01:22:22,349 - email_client - WARNING - Ошибка проверки соединения: [Errno 54] Connection reset by peer
2025-07-09 01:22:22,350 - email_client - INFO - Переподключение к серверу...
2025-07-09 01:22:22,356 - email_client - INFO - Подключаемся к imap.yandex.ru:993
2025-07-09 01:22:22,801 - email_client - INFO - Успешное подключение к почтовому серверу
2025-07-09 01:22:22,890 - email_client - INFO - Выбран ящик: INBOX
2025-07-09 01:22:22,894 - email_client - INFO - Загружено время последней проверки: 2025-07-09 00:52:22.336430
2025-07-09 01:22:22,894 - email_client - INFO - Поиск новых писем от no-reply@devinotele.com с 09-Jul-2025
2025-07-09 01:22:26,056 - email_client - INFO - Новых писем не найдено
2025-07-09 01:22:26,060 - email_client - INFO - Сохранено время последней проверки: 2025-07-09 01:22:26.057426
2025-07-09 05:13:04,973 - email_client - WARNING - Ошибка проверки соединения: [Errno 54] Connection reset by peer
2025-07-09 05:13:04,979 - email_client - INFO - Переподключение к серверу...
2025-07-09 05:13:04,985 - email_client - INFO - Подключаемся к imap.yandex.ru:993
2025-07-09 05:13:06,061 - email_client - INFO - Успешное подключение к почтовому серверу
2025-07-09 05:13:06,138 - email_client - INFO - Выбран ящик: INBOX
2025-07-09 05:13:06,142 - email_client - INFO - Загружено время последней проверки: 2025-07-09 01:22:26.057426
2025-07-09 05:13:06,143 - email_client - INFO - Поиск новых писем от no-reply@devinotele.com с 09-Jul-2025
2025-07-09 05:13:10,046 - email_client - INFO - Новых писем не найдено
2025-07-09 05:13:10,051 - email_client - INFO - Сохранено время последней проверки: 2025-07-09 05:13:10.046991
2025-07-09 10:38:44,849 - email_client - WARNING - Ошибка проверки соединения: [Errno 54] Connection reset by peer
2025-07-09 10:38:44,853 - email_client - INFO - Переподключение к серверу...
2025-07-09 10:38:44,866 - email_client - INFO - Подключаемся к imap.yandex.ru:993
2025-07-09 10:38:45,301 - email_client - INFO - Успешное подключение к почтовому серверу
2025-07-09 10:38:45,393 - email_client - INFO - Выбран ящик: INBOX
2025-07-09 10:38:45,399 - email_client - INFO - Загружено время последней проверки: 2025-07-09 05:13:10.046991
2025-07-09 10:38:45,399 - email_client - INFO - Поиск новых писем от no-reply@devinotele.com с 09-Jul-2025
2025-07-09 10:38:48,800 - email_client - INFO - Найдено 1 новых писем (из 1 общих)
2025-07-09 10:38:48,891 - email_client - INFO - Получено 1 новых писем
2025-07-09 10:38:48,893 - email_client - INFO - Сохранено время последней проверки: 2025-07-09 10:38:48.891829
2025-07-09 10:38:48,893 - __main__ - INFO - Найдено 1 новых писем
2025-07-09 10:38:48,893 - __main__ - INFO - Обработка письма: Плановые работы на стороне оператора Билайн...
2025-07-09 10:38:48,894 - parser - INFO - Парсинг письма: Плановые работы на стороне оператора Билайн...
2025-07-09 10:38:48,897 - parser - INFO - Успешно извлечены данные из письма
2025-07-09 10:38:48,899 - telegram_bot - INFO - Отправка уведомления о работах оператора Билайн
2025-07-09 10:38:48,901 - telegram_bot - INFO - Отправка сообщения в Telegram...
2025-07-09 10:38:49,456 - httpx - INFO - HTTP Request: POST https://api.telegram.org/bot7227156938:AAGlund0oe-D8UC9HMoGgo2JLemtAMjYv70/sendMessage "HTTP/1.1 200 OK"
2025-07-09 10:38:49,465 - telegram_bot - INFO - Сообщение отправлено успешно (ID: 42)
2025-07-09 10:38:49,465 - __main__ - INFO - ✅ Уведомление отправлено в Telegram
2025-07-09 10:38:49,465 - __main__ - INFO - Цикл завершен, обработано 1 писем
2025-07-09 11:25:43,463 - email_client - WARNING - Ошибка проверки соединения: [Errno 54] Connection reset by peer
2025-07-09 11:25:43,466 - email_client - INFO - Переподключение к серверу...
2025-07-09 11:25:43,476 - email_client - INFO - Подключаемся к imap.yandex.ru:993
2025-07-09 11:25:43,886 - email_client - INFO - Успешное подключение к почтовому серверу
2025-07-09 11:25:43,979 - email_client - INFO - Выбран ящик: INBOX
2025-07-09 11:25:43,984 - email_client - INFO - Загружено время последней проверки: 2025-07-09 10:38:48.891829
2025-07-09 11:25:43,984 - email_client - INFO - Поиск новых писем от no-reply@devinotele.com с 09-Jul-2025
2025-07-09 11:25:47,645 - email_client - INFO - Найдено 1 новых писем (из 2 общих)
2025-07-09 11:25:47,705 - email_client - INFO - Получено 1 новых писем
2025-07-09 11:25:47,708 - email_client - INFO - Сохранено время последней проверки: 2025-07-09 11:25:47.705784
2025-07-09 11:25:47,708 - __main__ - INFO - Найдено 1 новых писем
2025-07-09 11:25:47,708 - __main__ - INFO - Обработка письма: Плановые работы на платформе Devino Telecom...
2025-07-09 11:25:47,709 - parser - INFO - Парсинг письма: Плановые работы на платформе Devino Telecom...
2025-07-09 11:25:47,710 - parser - INFO - Успешно извлечены данные из письма
2025-07-09 11:25:47,712 - telegram_bot - INFO - Отправка уведомления о работах оператора Devino Telecom
2025-07-09 11:25:47,712 - telegram_bot - INFO - Отправка сообщения в Telegram...
2025-07-09 11:25:49,236 - httpx - INFO - HTTP Request: POST https://api.telegram.org/bot7227156938:AAGlund0oe-D8UC9HMoGgo2JLemtAMjYv70/sendMessage "HTTP/1.1 200 OK"
2025-07-09 11:25:49,241 - telegram_bot - INFO - Сообщение отправлено успешно (ID: 43)
2025-07-09 11:25:49,241 - __main__ - INFO - ✅ Уведомление отправлено в Telegram
2025-07-09 11:25:49,241 - __main__ - INFO - Цикл завершен, обработано 1 писем
2025-07-09 11:55:49,250 - email_client - WARNING - Ошибка проверки соединения: [Errno 54] Connection reset by peer
2025-07-09 11:55:49,254 - email_client - INFO - Переподключение к серверу...
2025-07-09 11:55:49,259 - email_client - INFO - Подключаемся к imap.yandex.ru:993
2025-07-09 11:55:49,598 - email_client - INFO - Успешное подключение к почтовому серверу
2025-07-09 11:55:49,679 - email_client - INFO - Выбран ящик: INBOX
2025-07-09 11:55:49,684 - email_client - INFO - Загружено время последней проверки: 2025-07-09 11:25:47.705784
2025-07-09 11:55:49,685 - email_client - INFO - Поиск новых писем от no-reply@devinotele.com с 09-Jul-2025
2025-07-09 11:55:53,518 - email_client - INFO - Найдено 0 новых писем (из 2 общих)
2025-07-09 11:55:53,523 - email_client - INFO - Сохранено время последней проверки: 2025-07-09 11:55:53.519380
2025-07-09 12:25:53,535 - email_client - WARNING - Ошибка проверки соединения: [Errno 54] Connection reset by peer
2025-07-09 12:25:53,536 - email_client - INFO - Переподключение к серверу...
2025-07-09 12:25:53,546 - email_client - INFO - Подключаемся к imap.yandex.ru:993
2025-07-09 12:25:53,982 - email_client - INFO - Успешное подключение к почтовому серверу
2025-07-09 12:25:54,054 - email_client - INFO - Выбран ящик: INBOX
2025-07-09 12:25:54,056 - email_client - INFO - Загружено время последней проверки: 2025-07-09 11:55:53.519380
2025-07-09 12:25:54,056 - email_client - INFO - Поиск новых писем от no-reply@devinotele.com с 09-Jul-2025
2025-07-09 12:25:57,525 - email_client - INFO - Найдено 0 новых писем (из 2 общих)
2025-07-09 12:25:57,527 - email_client - INFO - Сохранено время последней проверки: 2025-07-09 12:25:57.525241
2025-07-09 12:55:57,541 - email_client - WARNING - Ошибка проверки соединения: [Errno 54] Connection reset by peer
2025-07-09 12:55:57,544 - email_client - INFO - Переподключение к серверу...
2025-07-09 12:55:57,554 - email_client - INFO - Подключаемся к imap.yandex.ru:993
2025-07-09 12:55:58,034 - email_client - INFO - Успешное подключение к почтовому серверу
2025-07-09 12:55:58,119 - email_client - INFO - Выбран ящик: INBOX
2025-07-09 12:55:58,121 - email_client - INFO - Загружено время последней проверки: 2025-07-09 12:25:57.525241
2025-07-09 12:55:58,122 - email_client - INFO - Поиск новых писем от no-reply@devinotele.com с 09-Jul-2025
2025-07-09 12:56:01,855 - email_client - INFO - Найдено 0 новых писем (из 2 общих)
2025-07-09 12:56:01,859 - email_client - INFO - Сохранено время последней проверки: 2025-07-09 12:56:01.855764
2025-07-09 13:26:01,865 - email_client - WARNING - Ошибка проверки соединения: [Errno 54] Connection reset by peer
2025-07-09 13:26:01,870 - email_client - INFO - Переподключение к серверу...
2025-07-09 13:26:01,877 - email_client - INFO - Подключаемся к imap.yandex.ru:993
2025-07-09 13:26:02,684 - email_client - INFO - Успешное подключение к почтовому серверу
2025-07-09 13:26:02,755 - email_client - INFO - Выбран ящик: INBOX
2025-07-09 13:26:02,757 - email_client - INFO - Загружено время последней проверки: 2025-07-09 12:56:01.855764
2025-07-09 13:26:02,757 - email_client - INFO - Поиск новых писем от no-reply@devinotele.com с 09-Jul-2025
2025-07-09 13:26:07,197 - email_client - INFO - Найдено 0 новых писем (из 2 общих)
2025-07-09 13:26:07,202 - email_client - INFO - Сохранено время последней проверки: 2025-07-09 13:26:07.198227
2025-07-09 15:26:27,764 - email_client - WARNING - Ошибка проверки соединения: [Errno 54] Connection reset by peer
2025-07-09 15:26:27,768 - email_client - INFO - Переподключение к серверу...
2025-07-09 15:26:27,774 - email_client - INFO - Подключаемся к imap.yandex.ru:993
2025-07-09 15:26:28,197 - email_client - INFO - Успешное подключение к почтовому серверу
2025-07-09 15:26:28,274 - email_client - INFO - Выбран ящик: INBOX
2025-07-09 15:26:28,277 - email_client - INFO - Загружено время последней проверки: 2025-07-09 13:26:07.198227
2025-07-09 15:26:28,278 - email_client - INFO - Поиск новых писем от no-reply@devinotele.com с 09-Jul-2025
2025-07-09 15:26:32,379 - email_client - INFO - Найдено 0 новых писем (из 2 общих)
2025-07-09 15:26:32,384 - email_client - INFO - Сохранено время последней проверки: 2025-07-09 15:26:32.379785
2025-07-09 16:15:09,458 - email_client - WARNING - Ошибка проверки соединения: [Errno 54] Connection reset by peer
2025-07-09 16:15:09,465 - email_client - INFO - Переподключение к серверу...
2025-07-09 16:15:09,473 - email_client - INFO - Подключаемся к imap.yandex.ru:993
2025-07-09 16:15:09,987 - email_client - INFO - Успешное подключение к почтовому серверу
2025-07-09 16:15:10,071 - email_client - INFO - Выбран ящик: INBOX
2025-07-09 16:15:10,074 - email_client - INFO - Загружено время последней проверки: 2025-07-09 15:26:32.379785
2025-07-09 16:15:10,075 - email_client - INFO - Поиск новых писем от no-reply@devinotele.com с 09-Jul-2025
2025-07-09 16:15:14,601 - email_client - INFO - Найдено 0 новых писем (из 2 общих)
2025-07-09 16:15:14,607 - email_client - INFO - Сохранено время последней проверки: 2025-07-09 16:15:14.602385
2025-07-09 16:45:14,628 - email_client - WARNING - Ошибка проверки соединения: [Errno 54] Connection reset by peer
2025-07-09 16:45:14,634 - email_client - INFO - Переподключение к серверу...
2025-07-09 16:45:14,644 - email_client - INFO - Подключаемся к imap.yandex.ru:993
2025-07-09 16:45:14,966 - email_client - INFO - Успешное подключение к почтовому серверу
2025-07-09 16:45:15,088 - email_client - INFO - Выбран ящик: INBOX
2025-07-09 16:45:15,092 - email_client - INFO - Загружено время последней проверки: 2025-07-09 16:15:14.602385
2025-07-09 16:45:15,093 - email_client - INFO - Поиск новых писем от no-reply@devinotele.com с 09-Jul-2025
2025-07-09 16:45:19,329 - email_client - INFO - Найдено 0 новых писем (из 2 общих)
2025-07-09 16:45:19,333 - email_client - INFO - Сохранено время последней проверки: 2025-07-09 16:45:19.330201
2025-07-09 17:15:19,340 - email_client - WARNING - Ошибка проверки соединения: [Errno 54] Connection reset by peer
2025-07-09 17:15:19,344 - email_client - INFO - Переподключение к серверу...
2025-07-09 17:15:19,350 - email_client - INFO - Подключаемся к imap.yandex.ru:993
2025-07-09 17:15:19,636 - email_client - INFO - Успешное подключение к почтовому серверу
2025-07-09 17:15:19,718 - email_client - INFO - Выбран ящик: INBOX
2025-07-09 17:15:19,721 - email_client - INFO - Загружено время последней проверки: 2025-07-09 16:45:19.330201
2025-07-09 17:15:19,722 - email_client - INFO - Поиск новых писем от no-reply@devinotele.com с 09-Jul-2025
2025-07-09 17:15:23,200 - email_client - INFO - Найдено 0 новых писем (из 2 общих)
2025-07-09 17:15:23,204 - email_client - INFO - Сохранено время последней проверки: 2025-07-09 17:15:23.201236
2025-07-09 17:45:35,363 - email_client - WARNING - Ошибка проверки соединения: [Errno 54] Connection reset by peer
2025-07-09 17:45:35,371 - email_client - INFO - Переподключение к серверу...
2025-07-09 17:45:35,382 - email_client - INFO - Подключаемся к imap.yandex.ru:993
2025-07-09 17:45:35,862 - email_client - INFO - Успешное подключение к почтовому серверу
2025-07-09 17:45:35,956 - email_client - INFO - Выбран ящик: INBOX
2025-07-09 17:45:35,957 - email_client - INFO - Загружено время последней проверки: 2025-07-09 17:15:23.201236
2025-07-09 17:45:35,958 - email_client - INFO - Поиск новых писем от no-reply@devinotele.com с 09-Jul-2025
2025-07-09 17:45:41,334 - email_client - INFO - Найдено 1 новых писем (из 3 общих)
2025-07-09 17:45:41,449 - email_client - INFO - Получено 1 новых писем
2025-07-09 17:45:41,451 - email_client - INFO - Сохранено время последней проверки: 2025-07-09 17:45:41.450019
2025-07-09 17:45:41,452 - __main__ - INFO - Найдено 1 новых писем
2025-07-09 17:45:41,452 - __main__ - INFO - Обработка письма: Плановые работы на стороне оператора Мегафон...
2025-07-09 17:45:41,453 - parser - INFO - Парсинг письма: Плановые работы на стороне оператора Мегафон...
2025-07-09 17:45:41,457 - parser - INFO - Успешно извлечены данные из письма
2025-07-09 17:45:41,460 - telegram_bot - INFO - Отправка уведомления о работах оператора Megafon Russia
2025-07-09 17:45:41,461 - telegram_bot - INFO - Отправка сообщения в Telegram...
2025-07-09 17:45:42,069 - httpx - INFO - HTTP Request: POST https://api.telegram.org/bot7227156938:AAGlund0oe-D8UC9HMoGgo2JLemtAMjYv70/sendMessage "HTTP/1.1 200 OK"
2025-07-09 17:45:42,078 - telegram_bot - INFO - Сообщение отправлено успешно (ID: 44)
2025-07-09 17:45:42,078 - __main__ - INFO - ✅ Уведомление отправлено в Telegram
2025-07-09 17:45:42,078 - __main__ - INFO - Цикл завершен, обработано 1 писем
2025-07-09 18:15:42,089 - email_client - WARNING - Ошибка проверки соединения: [Errno 54] Connection reset by peer
2025-07-09 18:15:42,092 - email_client - INFO - Переподключение к серверу...
2025-07-09 18:15:42,097 - email_client - INFO - Подключаемся к imap.yandex.ru:993
2025-07-09 18:15:42,365 - email_client - INFO - Успешное подключение к почтовому серверу
2025-07-09 18:15:42,448 - email_client - INFO - Выбран ящик: INBOX
2025-07-09 18:15:42,451 - email_client - INFO - Загружено время последней проверки: 2025-07-09 17:45:41.450019
2025-07-09 18:15:42,451 - email_client - INFO - Поиск новых писем от no-reply@devinotele.com с 09-Jul-2025
2025-07-09 18:15:46,414 - email_client - INFO - Найдено 0 новых писем (из 3 общих)
2025-07-09 18:15:46,417 - email_client - INFO - Сохранено время последней проверки: 2025-07-09 18:15:46.414881
2025-07-09 18:45:46,424 - email_client - WARNING - Ошибка проверки соединения: [Errno 54] Connection reset by peer
2025-07-09 18:45:46,427 - email_client - INFO - Переподключение к серверу...
2025-07-09 18:45:46,433 - email_client - INFO - Подключаемся к imap.yandex.ru:993
2025-07-09 18:45:46,746 - email_client - INFO - Успешное подключение к почтовому серверу
2025-07-09 18:45:46,843 - email_client - INFO - Выбран ящик: INBOX
2025-07-09 18:45:46,845 - email_client - INFO - Загружено время последней проверки: 2025-07-09 18:15:46.414881
2025-07-09 18:45:46,845 - email_client - INFO - Поиск новых писем от no-reply@devinotele.com с 09-Jul-2025
2025-07-09 18:45:48,894 - email_client - INFO - Найдено 0 новых писем (из 3 общих)
2025-07-09 18:45:48,897 - email_client - INFO - Сохранено время последней проверки: 2025-07-09 18:45:48.895024
2025-07-09 20:18:39,801 - email_client - WARNING - Ошибка проверки соединения: [Errno 54] Connection reset by peer
2025-07-09 20:18:39,806 - email_client - INFO - Переподключение к серверу...
2025-07-09 20:18:39,813 - email_client - INFO - Подключаемся к imap.yandex.ru:993
2025-07-09 20:18:40,479 - email_client - INFO - Успешное подключение к почтовому серверу
2025-07-09 20:18:40,679 - email_client - INFO - Выбран ящик: INBOX
2025-07-09 20:18:40,682 - email_client - INFO - Загружено время последней проверки: 2025-07-09 18:45:48.895024
2025-07-09 20:18:40,683 - email_client - INFO - Поиск новых писем от no-reply@devinotele.com с 09-Jul-2025
2025-07-09 20:18:44,577 - email_client - INFO - Найдено 0 новых писем (из 3 общих)
2025-07-09 20:18:44,581 - email_client - INFO - Сохранено время последней проверки: 2025-07-09 20:18:44.578222
2025-07-09 22:09:41,185 - email_client - WARNING - Ошибка проверки соединения: [Errno 54] Connection reset by peer
2025-07-09 22:09:41,188 - email_client - INFO - Переподключение к серверу...
2025-07-09 22:09:41,197 - email_client - INFO - Подключаемся к imap.yandex.ru:993
2025-07-09 22:09:41,465 - email_client - INFO - Успешное подключение к почтовому серверу
2025-07-09 22:09:41,755 - email_client - INFO - Выбран ящик: INBOX
2025-07-09 22:09:41,760 - email_client - INFO - Загружено время последней проверки: 2025-07-09 20:18:44.578222
2025-07-09 22:09:41,761 - email_client - INFO - Поиск новых писем от no-reply@devinotele.com с 09-Jul-2025
2025-07-09 22:09:46,399 - email_client - INFO - Найдено 0 новых писем (из 3 общих)
2025-07-09 22:09:46,404 - email_client - INFO - Сохранено время последней проверки: 2025-07-09 22:09:46.399946
2025-07-09 22:09:46,409 - __main__ - ERROR - Ошибка отправки статистики: TelegramBotSync.send_message() got an unexpected keyword argument 'disable_notification'
2025-07-10 01:20:45,540 - email_client - WARNING - Ошибка проверки соединения: [Errno 54] Connection reset by peer
2025-07-10 01:20:45,544 - email_client - INFO - Переподключение к серверу...
2025-07-10 01:20:45,553 - email_client - INFO - Подключаемся к imap.yandex.ru:993
2025-07-10 01:20:46,957 - email_client - INFO - Успешное подключение к почтовому серверу
2025-07-10 01:20:47,033 - email_client - INFO - Выбран ящик: INBOX
2025-07-10 01:20:47,042 - email_client - INFO - Загружено время последней проверки: 2025-07-09 22:09:46.399946
2025-07-10 01:20:47,043 - email_client - INFO - Поиск новых писем от no-reply@devinotele.com с 09-Jul-2025
2025-07-10 02:22:49,101 - email_client - ERROR - Ошибка при поиске новых писем: command: SEARCH => socket error: EOF
2025-07-10 02:22:49,114 - email_client - INFO - Сохранено время последней проверки: 2025-07-10 02:22:49.104230
2025-07-10 07:56:03,309 - email_client - WARNING - Ошибка проверки соединения: socket error: EOF occurred in violation of protocol (_ssl.c:2493)
2025-07-10 07:56:03,317 - email_client - INFO - Переподключение к серверу...
2025-07-10 07:56:03,335 - email_client - INFO - Подключаемся к imap.yandex.ru:993
2025-07-10 07:56:03,786 - email_client - INFO - Успешное подключение к почтовому серверу
2025-07-10 07:56:04,122 - email_client - INFO - Выбран ящик: INBOX
2025-07-10 07:56:04,125 - email_client - INFO - Загружено время последней проверки: 2025-07-10 02:22:49.104230
2025-07-10 07:56:04,126 - email_client - INFO - Поиск новых писем от no-reply@devinotele.com с 10-Jul-2025
2025-07-10 07:56:08,821 - email_client - INFO - Найдено 1 новых писем (из 1 общих)
2025-07-10 07:56:09,151 - email_client - INFO - Получено 1 новых писем
2025-07-10 07:56:09,152 - email_client - INFO - Сохранено время последней проверки: 2025-07-10 07:56:09.151293
2025-07-10 07:56:09,153 - __main__ - INFO - Найдено 1 новых писем
2025-07-10 07:56:09,153 - __main__ - INFO - Обработка письма: Восстановление на платформе Devino...
2025-07-10 07:56:09,153 - __main__ - INFO - Письмо не является уведомлением о работах, пропускаем
2025-07-10 11:01:07,849 - email_client - WARNING - Ошибка проверки соединения: [Errno 54] Connection reset by peer
2025-07-10 11:01:07,856 - email_client - INFO - Переподключение к серверу...
2025-07-10 11:01:07,863 - email_client - INFO - Подключаемся к imap.yandex.ru:993
2025-07-10 11:01:08,333 - email_client - INFO - Успешное подключение к почтовому серверу
2025-07-10 11:01:08,418 - email_client - INFO - Выбран ящик: INBOX
2025-07-10 11:01:08,420 - email_client - INFO - Загружено время последней проверки: 2025-07-10 07:56:09.151293
2025-07-10 11:01:08,421 - email_client - INFO - Поиск новых писем от no-reply@devinotele.com с 10-Jul-2025
2025-07-10 11:01:15,749 - email_client - INFO - Найдено 0 новых писем (из 1 общих)
2025-07-10 11:01:15,752 - email_client - INFO - Сохранено время последней проверки: 2025-07-10 11:01:15.750268
2025-07-10 12:17:09,410 - email_client - WARNING - Ошибка проверки соединения: [Errno 54] Connection reset by peer
2025-07-10 12:17:09,418 - email_client - INFO - Переподключение к серверу...
2025-07-10 12:17:09,423 - email_client - INFO - Подключаемся к imap.yandex.ru:993
2025-07-10 12:17:14,996 - email_client - INFO - Успешное подключение к почтовому серверу
2025-07-10 12:17:15,278 - email_client - INFO - Выбран ящик: INBOX
2025-07-10 12:17:15,282 - email_client - INFO - Загружено время последней проверки: 2025-07-10 11:01:15.750268
2025-07-10 12:17:15,283 - email_client - INFO - Поиск новых писем от no-reply@devinotele.com с 10-Jul-2025
2025-07-10 14:24:20,541 - email_client - ERROR - Ошибка при поиске новых писем: command: SEARCH => socket error: EOF
2025-07-10 14:24:20,565 - email_client - INFO - Сохранено время последней проверки: 2025-07-10 14:24:20.550338
2025-07-10 15:40:36,335 - email_client - WARNING - Ошибка проверки соединения: socket error: EOF occurred in violation of protocol (_ssl.c:2493)
2025-07-10 15:40:36,343 - email_client - INFO - Переподключение к серверу...
2025-07-10 15:40:36,351 - email_client - INFO - Подключаемся к imap.yandex.ru:993
2025-07-10 15:40:36,881 - email_client - INFO - Успешное подключение к почтовому серверу
2025-07-10 15:40:36,983 - email_client - INFO - Выбран ящик: INBOX
2025-07-10 15:40:36,987 - email_client - INFO - Загружено время последней проверки: 2025-07-10 14:24:20.550338
2025-07-10 15:40:36,988 - email_client - INFO - Поиск новых писем от no-reply@devinotele.com с 10-Jul-2025
2025-07-10 15:40:40,351 - email_client - INFO - Найдено 0 новых писем (из 1 общих)
2025-07-10 15:40:40,356 - email_client - INFO - Сохранено время последней проверки: 2025-07-10 15:40:40.351812
2025-07-10 15:59:50,569 - __main__ - INFO - Получен сигнал 2, завершение работы...
2025-07-10 15:59:50,573 - __main__ - INFO - Остановка бота...
2025-07-10 15:59:50,832 - email_client - INFO - Отключение от почтового сервера
2025-07-10 15:59:50,844 - telegram_bot - INFO - Отправка сообщения в Telegram...
2025-07-10 15:59:51,725 - httpx - INFO - HTTP Request: POST https://api.telegram.org/bot7227156938:AAGlund0oe-D8UC9HMoGgo2JLemtAMjYv70/sendMessage "HTTP/1.1 200 OK"
2025-07-10 15:59:51,734 - telegram_bot - INFO - Сообщение отправлено успешно (ID: 45)
2025-07-10 16:00:01,291 - __main__ - INFO - Получен сигнал 2, завершение работы...
2025-07-10 16:00:01,294 - __main__ - WARNING - Принудительное завершение...
