2025-06-26 13:37:39,221 - __main__ - INFO - Логирование настроено (уровень: INFO)
2025-06-26 13:37:39,221 - __main__ - INFO - Конфигурация загружена успешно
2025-06-26 13:37:39,221 - __main__ - INFO - Email-Telegram бот инициализирован
2025-06-26 13:37:39,221 - __main__ - INFO - 🚀 Запуск Email-Telegram бота...
2025-06-26 13:37:39,222 - __main__ - INFO - Инициализация email клиента...
2025-06-26 13:37:39,222 - __main__ - INFO - Инициализация Telegram бота...
2025-06-26 13:37:39,249 - __main__ - INFO - Тестирование подключений...
2025-06-26 13:37:39,249 - email_client - INFO - Подключаемся к imap.yandex.ru:993
2025-06-26 13:37:39,542 - email_client - INFO - Успешное подключение к почтовому серверу
2025-06-26 13:37:39,597 - email_client - INFO - Выбран ящик: INBOX
2025-06-26 13:37:39,597 - __main__ - INFO - ✅ Подключение к почте успешно
2025-06-26 13:37:39,598 - telegram_bot - INFO - Тестирование подключения к Telegram...
2025-06-26 13:37:39,691 - telegram_bot - ERROR - Ошибка подключения к Telegram (возможно нужен прокси): httpx.ProxyError: 503 Service Unavailable
2025-06-26 13:37:39,691 - telegram_bot - INFO - 💡 Попробуйте использовать VPN или прокси
2025-06-26 13:37:39,691 - __main__ - ERROR - Ошибка подключения к Telegram
2025-06-26 13:37:39,691 - __main__ - ERROR - Ошибка тестирования подключений, завершение работы
2025-06-26 13:38:02,213 - __main__ - INFO - Логирование настроено (уровень: INFO)
2025-06-26 13:38:02,213 - __main__ - INFO - Конфигурация загружена успешно
2025-06-26 13:38:02,213 - __main__ - INFO - Email-Telegram бот инициализирован
2025-06-26 13:38:02,213 - __main__ - INFO - 🚀 Запуск Email-Telegram бота...
2025-06-26 13:38:02,213 - __main__ - INFO - Инициализация email клиента...
2025-06-26 13:38:02,213 - __main__ - INFO - Инициализация Telegram бота...
2025-06-26 13:38:02,226 - __main__ - INFO - Тестирование подключений...
2025-06-26 13:38:02,226 - email_client - INFO - Подключаемся к imap.yandex.ru:993
2025-06-26 13:38:02,380 - email_client - INFO - Успешное подключение к почтовому серверу
2025-06-26 13:38:02,431 - email_client - INFO - Выбран ящик: INBOX
2025-06-26 13:38:02,431 - __main__ - INFO - ✅ Подключение к почте успешно
2025-06-26 13:38:02,432 - telegram_bot - INFO - Тестирование подключения к Telegram...
2025-06-26 13:38:02,623 - httpx - INFO - HTTP Request: POST https://api.telegram.org/bot7227156938:AAGlund0oe-D8UC9HMoGgo2JLemtAMjYv70/getMe "HTTP/1.1 200 OK"
2025-06-26 13:38:02,624 - telegram_bot - INFO - Бот подключен: @SM_Email_parser_notify_bot (SM_Email_parser_notify_bot)
2025-06-26 13:38:02,730 - httpx - INFO - HTTP Request: POST https://api.telegram.org/bot7227156938:AAGlund0oe-D8UC9HMoGgo2JLemtAMjYv70/getChat "HTTP/1.1 200 OK"
2025-06-26 13:38:02,731 - telegram_bot - INFO - Доступ к чату: Test's bot's
2025-06-26 13:38:02,732 - __main__ - INFO - ✅ Подключение к Telegram успешно
2025-06-26 13:38:02,732 - telegram_bot - INFO - Отправка сообщения в Telegram...
2025-06-26 13:38:02,802 - httpx - INFO - HTTP Request: POST https://api.telegram.org/bot7227156938:AAGlund0oe-D8UC9HMoGgo2JLemtAMjYv70/sendMessage "HTTP/1.1 200 OK"
2025-06-26 13:38:02,805 - telegram_bot - INFO - Сообщение отправлено успешно (ID: 15)
2025-06-26 13:38:02,806 - __main__ - INFO - Уведомление о запуске отправлено
2025-06-26 13:38:02,806 - __main__ - INFO - Бот запущен, интервал проверки: 1800 секунд
2025-06-26 13:38:02,836 - email_client - INFO - Загружено время последней проверки: 2025-06-25 00:14:02.896335
2025-06-26 13:38:02,837 - email_client - INFO - Поиск новых писем от no-reply@devinotele.com с 25-Jun-2025
2025-06-26 13:38:06,058 - email_client - ERROR - Ошибка поиска: NO
2025-06-26 13:38:06,061 - email_client - INFO - Сохранено время последней проверки: 2025-06-26 13:38:06.059396
2025-06-26 14:09:05,957 - email_client - WARNING - Ошибка проверки соединения: socket error: [Errno 32] Broken pipe
2025-06-26 14:09:05,961 - email_client - INFO - Переподключение к серверу...
2025-06-26 14:09:05,971 - email_client - INFO - Подключаемся к imap.yandex.ru:993
2025-06-26 14:09:06,287 - email_client - INFO - Успешное подключение к почтовому серверу
2025-06-26 14:09:06,336 - email_client - INFO - Выбран ящик: INBOX
2025-06-26 14:09:06,339 - email_client - INFO - Загружено время последней проверки: 2025-06-26 13:38:06.059396
2025-06-26 14:09:06,340 - email_client - INFO - Поиск новых писем от no-reply@devinotele.com с 26-Jun-2025
2025-06-26 14:09:11,419 - email_client - INFO - Новых писем не найдено
2025-06-26 14:09:11,421 - email_client - INFO - Сохранено время последней проверки: 2025-06-26 14:09:11.419236
2025-06-26 17:00:33,330 - email_client - WARNING - Ошибка проверки соединения: socket error: [Errno 49] Can't assign requested address
2025-06-26 17:00:33,333 - email_client - INFO - Переподключение к серверу...
2025-06-26 17:00:33,340 - email_client - INFO - Подключаемся к imap.yandex.ru:993
2025-06-26 17:00:33,469 - email_client - INFO - Успешное подключение к почтовому серверу
2025-06-26 17:00:33,496 - email_client - INFO - Выбран ящик: INBOX
2025-06-26 17:00:33,500 - email_client - INFO - Загружено время последней проверки: 2025-06-26 14:09:11.419236
2025-06-26 17:00:33,501 - email_client - INFO - Поиск новых писем от no-reply@devinotele.com с 26-Jun-2025
2025-06-26 17:00:38,913 - email_client - INFO - Найдено 1 новых писем (из 1 общих)
2025-06-26 17:00:39,073 - email_client - INFO - Получено 1 новых писем
2025-06-26 17:00:39,075 - email_client - INFO - Сохранено время последней проверки: 2025-06-26 17:00:39.073589
2025-06-26 17:00:39,075 - __main__ - INFO - Найдено 1 новых писем
2025-06-26 17:00:39,075 - __main__ - INFO - Обработка письма: Внеплановые работы на платформе Devino Telecom...
2025-06-26 17:00:39,075 - parser - INFO - Парсинг письма: Внеплановые работы на платформе Devino Telecom...
2025-06-26 17:00:39,081 - parser - WARNING - Не удалось извлечь основные данные из письма
2025-06-26 17:00:39,081 - __main__ - WARNING - Не удалось распарсить письмо
2025-06-26 18:02:19,896 - email_client - WARNING - Ошибка проверки соединения: [Errno 54] Connection reset by peer
2025-06-26 18:02:19,900 - email_client - INFO - Переподключение к серверу...
2025-06-26 18:02:19,922 - email_client - INFO - Подключаемся к imap.yandex.ru:993
2025-06-26 18:02:20,700 - email_client - INFO - Успешное подключение к почтовому серверу
2025-06-26 18:02:20,936 - email_client - INFO - Выбран ящик: INBOX
2025-06-26 18:02:20,941 - email_client - INFO - Загружено время последней проверки: 2025-06-26 17:00:39.073589
2025-06-26 18:02:20,941 - email_client - INFO - Поиск новых писем от no-reply@devinotele.com с 26-Jun-2025
2025-06-26 18:02:24,155 - email_client - ERROR - Ошибка поиска: NO
2025-06-26 18:02:24,159 - email_client - INFO - Сохранено время последней проверки: 2025-06-26 18:02:24.156120
2025-06-26 18:34:31,683 - email_client - WARNING - Ошибка проверки соединения: socket error: [Errno 49] Can't assign requested address
2025-06-26 18:34:31,687 - email_client - INFO - Переподключение к серверу...
2025-06-26 18:34:31,693 - email_client - INFO - Подключаемся к imap.yandex.ru:993
2025-06-26 18:34:31,821 - email_client - INFO - Успешное подключение к почтовому серверу
2025-06-26 18:34:31,854 - email_client - INFO - Выбран ящик: INBOX
2025-06-26 18:34:31,858 - email_client - INFO - Загружено время последней проверки: 2025-06-26 18:02:24.156120
2025-06-26 18:34:31,858 - email_client - INFO - Поиск новых писем от no-reply@devinotele.com с 26-Jun-2025
2025-06-26 18:34:35,711 - email_client - INFO - Найдено 0 новых писем (из 1 общих)
2025-06-26 18:34:35,716 - email_client - INFO - Сохранено время последней проверки: 2025-06-26 18:34:35.712292
2025-06-27 01:02:28,427 - email_client - WARNING - Ошибка проверки соединения: [Errno 49] Can't assign requested address
2025-06-27 01:02:28,430 - email_client - INFO - Переподключение к серверу...
2025-06-27 01:02:28,438 - email_client - INFO - Подключаемся к imap.yandex.ru:993
2025-06-27 01:02:28,559 - email_client - INFO - Успешное подключение к почтовому серверу
2025-06-27 01:02:28,598 - email_client - INFO - Выбран ящик: INBOX
2025-06-27 01:02:28,600 - email_client - INFO - Загружено время последней проверки: 2025-06-26 18:34:35.712292
2025-06-27 01:02:28,601 - email_client - INFO - Поиск новых писем от no-reply@devinotele.com с 26-Jun-2025
2025-06-27 01:02:31,457 - email_client - ERROR - Ошибка поиска: NO
2025-06-27 01:02:31,459 - email_client - INFO - Сохранено время последней проверки: 2025-06-27 01:02:31.458085
2025-06-27 04:51:20,143 - email_client - WARNING - Ошибка проверки соединения: [Errno 60] Operation timed out
2025-06-27 04:51:20,147 - email_client - INFO - Переподключение к серверу...
2025-06-27 04:51:20,150 - email_client - INFO - Подключаемся к imap.yandex.ru:993
2025-06-27 04:51:20,303 - email_client - INFO - Успешное подключение к почтовому серверу
2025-06-27 04:51:20,357 - email_client - INFO - Выбран ящик: INBOX
2025-06-27 04:51:20,386 - email_client - INFO - Загружено время последней проверки: 2025-06-27 01:02:31.458085
2025-06-27 04:51:20,386 - email_client - INFO - Поиск новых писем от no-reply@devinotele.com с 27-Jun-2025
2025-06-27 04:51:23,503 - email_client - INFO - Новых писем не найдено
2025-06-27 04:51:23,506 - email_client - INFO - Сохранено время последней проверки: 2025-06-27 04:51:23.503506
2025-06-27 09:42:14,541 - email_client - WARNING - Ошибка проверки соединения: [Errno 60] Operation timed out
2025-06-27 09:42:14,543 - email_client - INFO - Переподключение к серверу...
2025-06-27 09:42:14,546 - email_client - INFO - Подключаемся к imap.yandex.ru:993
2025-06-27 09:42:14,697 - email_client - INFO - Успешное подключение к почтовому серверу
2025-06-27 09:42:14,744 - email_client - INFO - Выбран ящик: INBOX
2025-06-27 09:42:14,745 - email_client - INFO - Загружено время последней проверки: 2025-06-27 04:51:23.503506
2025-06-27 09:42:14,745 - email_client - INFO - Поиск новых писем от no-reply@devinotele.com с 27-Jun-2025
2025-06-27 09:42:17,984 - email_client - INFO - Новых писем не найдено
2025-06-27 09:42:17,987 - email_client - INFO - Сохранено время последней проверки: 2025-06-27 09:42:17.984804
2025-06-27 11:24:57,907 - email_client - WARNING - Ошибка проверки соединения: [Errno 49] Can't assign requested address
2025-06-27 11:24:57,912 - email_client - INFO - Переподключение к серверу...
2025-06-27 11:24:57,922 - email_client - INFO - Подключаемся к imap.yandex.ru:993
2025-06-27 11:24:58,043 - email_client - INFO - Успешное подключение к почтовому серверу
2025-06-27 11:24:58,072 - email_client - INFO - Выбран ящик: INBOX
2025-06-27 11:24:58,076 - email_client - INFO - Загружено время последней проверки: 2025-06-27 09:42:17.984804
2025-06-27 11:24:58,077 - email_client - INFO - Поиск новых писем от no-reply@devinotele.com с 27-Jun-2025
2025-06-27 11:25:01,765 - email_client - INFO - Новых писем не найдено
2025-06-27 11:25:01,770 - email_client - INFO - Сохранено время последней проверки: 2025-06-27 11:25:01.766375
2025-06-27 11:57:00,609 - email_client - WARNING - Ошибка проверки соединения: socket error: [Errno 32] Broken pipe
2025-06-27 11:57:00,616 - email_client - INFO - Переподключение к серверу...
2025-06-27 11:57:00,625 - email_client - INFO - Подключаемся к imap.yandex.ru:993
2025-06-27 11:57:01,593 - email_client - INFO - Успешное подключение к почтовому серверу
2025-06-27 11:57:01,773 - email_client - INFO - Выбран ящик: INBOX
2025-06-27 11:57:01,776 - email_client - INFO - Загружено время последней проверки: 2025-06-27 11:25:01.766375
2025-06-27 11:57:01,777 - email_client - INFO - Поиск новых писем от no-reply@devinotele.com с 27-Jun-2025
2025-06-27 11:57:05,357 - email_client - INFO - Новых писем не найдено
2025-06-27 11:57:05,362 - email_client - INFO - Сохранено время последней проверки: 2025-06-27 11:57:05.358372
2025-06-27 12:27:05,560 - email_client - INFO - Загружено время последней проверки: 2025-06-27 11:57:05.358372
2025-06-27 12:27:05,564 - email_client - INFO - Поиск новых писем от no-reply@devinotele.com с 27-Jun-2025
2025-06-27 12:27:06,110 - email_client - INFO - Новых писем не найдено
2025-06-27 12:27:06,112 - email_client - INFO - Сохранено время последней проверки: 2025-06-27 12:27:06.110392
2025-06-27 13:01:03,034 - email_client - WARNING - Ошибка проверки соединения: command: NOOP => socket error: EOF
2025-06-27 13:01:03,037 - email_client - INFO - Переподключение к серверу...
2025-06-27 13:01:03,055 - email_client - INFO - Подключаемся к imap.yandex.ru:993
2025-06-27 13:01:03,811 - email_client - INFO - Успешное подключение к почтовому серверу
2025-06-27 13:01:03,978 - email_client - INFO - Выбран ящик: INBOX
2025-06-27 13:01:03,980 - email_client - INFO - Загружено время последней проверки: 2025-06-27 12:27:06.110392
2025-06-27 13:01:03,981 - email_client - INFO - Поиск новых писем от no-reply@devinotele.com с 27-Jun-2025
2025-06-27 13:01:07,518 - email_client - INFO - Новых писем не найдено
2025-06-27 13:01:07,521 - email_client - INFO - Сохранено время последней проверки: 2025-06-27 13:01:07.518866
2025-06-27 13:31:07,765 - email_client - INFO - Загружено время последней проверки: 2025-06-27 13:01:07.518866
2025-06-27 13:31:07,768 - email_client - INFO - Поиск новых писем от no-reply@devinotele.com с 27-Jun-2025
2025-06-27 13:31:08,158 - email_client - INFO - Новых писем не найдено
2025-06-27 13:31:08,164 - email_client - INFO - Сохранено время последней проверки: 2025-06-27 13:31:08.158832
2025-06-27 14:01:52,086 - email_client - INFO - Загружено время последней проверки: 2025-06-27 13:31:08.158832
2025-06-27 14:01:52,090 - email_client - INFO - Поиск новых писем от no-reply@devinotele.com с 27-Jun-2025
2025-06-27 14:01:52,466 - email_client - INFO - Новых писем не найдено
2025-06-27 14:01:52,473 - email_client - INFO - Сохранено время последней проверки: 2025-06-27 14:01:52.467180
2025-06-27 14:01:52,479 - __main__ - ERROR - Ошибка отправки статистики: TelegramBotSync.send_message() got an unexpected keyword argument 'disable_notification'
2025-06-27 14:31:52,681 - email_client - INFO - Загружено время последней проверки: 2025-06-27 14:01:52.467180
2025-06-27 14:31:52,682 - email_client - INFO - Поиск новых писем от no-reply@devinotele.com с 27-Jun-2025
2025-06-27 14:31:53,080 - email_client - INFO - Новых писем не найдено
2025-06-27 14:31:53,083 - email_client - INFO - Сохранено время последней проверки: 2025-06-27 14:31:53.081271
2025-06-27 15:03:37,217 - __main__ - INFO - Получен сигнал 2, завершение работы...
2025-06-27 15:03:37,218 - __main__ - INFO - Остановка бота...
2025-06-27 15:03:37,221 - email_client - ERROR - Ошибка при отключении: reentrant call inside <_io.BufferedReader name=11>
2025-06-27 15:03:37,236 - telegram_bot - INFO - Отправка сообщения в Telegram...
2025-06-27 15:03:37,400 - telegram_bot - ERROR - Ошибка Telegram API: httpx.ConnectError: 
2025-06-27 15:04:06,815 - email_client - WARNING - Ошибка проверки соединения: [Errno 49] Can't assign requested address
2025-06-27 15:04:06,817 - email_client - INFO - Переподключение к серверу...
2025-06-27 15:04:06,817 - email_client - INFO - Подключаемся к imap.yandex.ru:993
2025-06-27 15:04:07,093 - email_client - INFO - Успешное подключение к почтовому серверу
2025-06-27 15:04:07,143 - email_client - INFO - Выбран ящик: INBOX
2025-06-27 15:04:07,174 - email_client - INFO - Загружено время последней проверки: 2025-06-27 14:31:53.081271
2025-06-27 15:04:07,175 - email_client - INFO - Поиск новых писем от no-reply@devinotele.com с 27-Jun-2025
2025-06-27 15:04:10,525 - email_client - INFO - Новых писем не найдено
2025-06-27 15:04:10,527 - email_client - INFO - Сохранено время последней проверки: 2025-06-27 15:04:10.525817
2025-06-27 15:04:10,528 - __main__ - INFO - Бот остановлен
