2025-06-25 00:14:00,865 - __main__ - INFO - Логирование настроено (уровень: INFO)
2025-06-25 00:14:00,865 - __main__ - INFO - Конфигурация загружена успешно
2025-06-25 00:14:00,865 - __main__ - INFO - Email-Telegram бот инициализирован
2025-06-25 00:14:00,865 - __main__ - INFO - 🚀 Запуск Email-Telegram бота...
2025-06-25 00:14:00,866 - __main__ - INFO - Инициализация email клиента...
2025-06-25 00:14:00,866 - __main__ - INFO - Инициализация Telegram бота...
2025-06-25 00:14:00,881 - __main__ - INFO - Тестирование подключений...
2025-06-25 00:14:00,881 - email_client - INFO - Подключаемся к imap.yandex.ru:993
2025-06-25 00:14:01,012 - email_client - INFO - Успешное подключение к почтовому серверу
2025-06-25 00:14:01,043 - email_client - INFO - Выбран ящик: INBOX
2025-06-25 00:14:01,043 - __main__ - INFO - ✅ Подключение к почте успешно
2025-06-25 00:14:01,043 - telegram_bot - INFO - Тестирование подключения к Telegram...
2025-06-25 00:14:01,214 - httpx - INFO - HTTP Request: POST https://api.telegram.org/bot7227156938:AAGlund0oe-D8UC9HMoGgo2JLemtAMjYv70/getMe "HTTP/1.1 200 OK"
2025-06-25 00:14:01,217 - telegram_bot - INFO - Бот подключен: @SM_Email_parser_notify_bot (SM_Email_parser_notify_bot)
2025-06-25 00:14:01,273 - httpx - INFO - HTTP Request: POST https://api.telegram.org/bot7227156938:AAGlund0oe-D8UC9HMoGgo2JLemtAMjYv70/getChat "HTTP/1.1 200 OK"
2025-06-25 00:14:01,275 - telegram_bot - INFO - Доступ к чату: Test's bot's
2025-06-25 00:14:01,276 - __main__ - INFO - ✅ Подключение к Telegram успешно
2025-06-25 00:14:01,276 - telegram_bot - INFO - Отправка сообщения в Telegram...
2025-06-25 00:14:01,356 - httpx - INFO - HTTP Request: POST https://api.telegram.org/bot7227156938:AAGlund0oe-D8UC9HMoGgo2JLemtAMjYv70/sendMessage "HTTP/1.1 200 OK"
2025-06-25 00:14:01,359 - telegram_bot - INFO - Сообщение отправлено успешно (ID: 13)
2025-06-25 00:14:01,359 - __main__ - INFO - Уведомление о запуске отправлено
2025-06-25 00:14:01,359 - __main__ - INFO - Бот запущен, интервал проверки: 1800 секунд
2025-06-25 00:14:01,381 - email_client - INFO - Загружено время последней проверки: 2025-06-24 23:41:16.540748
2025-06-25 00:14:01,382 - email_client - INFO - Поиск новых писем от no-reply@devinotele.com с 24-Jun-2025
2025-06-25 00:14:02,895 - email_client - INFO - Найдено 0 новых писем (из 5 общих)
2025-06-25 00:14:02,899 - email_client - INFO - Сохранено время последней проверки: 2025-06-25 00:14:02.896335
2025-06-25 00:15:37,748 - __main__ - INFO - Получен сигнал 2, завершение работы...
2025-06-25 00:15:37,750 - __main__ - INFO - Остановка бота...
2025-06-25 00:15:37,811 - email_client - INFO - Отключение от почтового сервера
2025-06-25 00:15:37,812 - telegram_bot - INFO - Отправка сообщения в Telegram...
2025-06-25 00:15:37,998 - httpx - INFO - HTTP Request: POST https://api.telegram.org/bot7227156938:AAGlund0oe-D8UC9HMoGgo2JLemtAMjYv70/sendMessage "HTTP/1.1 200 OK"
2025-06-25 00:15:38,002 - telegram_bot - INFO - Сообщение отправлено успешно (ID: 14)
2025-06-25 03:27:09,348 - __main__ - INFO - Бот остановлен
