2025-06-30 14:05:19,904 - __main__ - INFO - Логирование настроено (уровень: INFO)
2025-06-30 14:05:19,904 - __main__ - INFO - Конфигурация загружена успешно
2025-06-30 14:05:19,904 - __main__ - INFO - Email-Telegram бот инициализирован
2025-06-30 14:05:19,904 - __main__ - INFO - 🚀 Запуск Email-Telegram бота...
2025-06-30 14:05:19,904 - __main__ - INFO - Инициализация email клиента...
2025-06-30 14:05:19,904 - __main__ - INFO - Инициализация Telegram бота...
2025-06-30 14:05:19,931 - __main__ - INFO - Тестирование подключений...
2025-06-30 14:05:19,931 - email_client - INFO - Подключаемся к imap.yandex.ru:993
2025-06-30 14:05:20,644 - email_client - INFO - Успешное подключение к почтовому серверу
2025-06-30 14:05:20,741 - email_client - INFO - Выбран ящик: INBOX
2025-06-30 14:05:20,743 - __main__ - INFO - ✅ Подключение к почте успешно
2025-06-30 14:05:20,744 - telegram_bot - INFO - Тестирование подключения к Telegram...
2025-06-30 14:05:21,423 - httpx - INFO - HTTP Request: POST https://api.telegram.org/bot7227156938:AAGlund0oe-D8UC9HMoGgo2JLemtAMjYv70/getMe "HTTP/1.1 200 OK"
2025-06-30 14:05:21,425 - telegram_bot - INFO - Бот подключен: @SM_Email_parser_notify_bot (SM_Email_parser_notify_bot)
2025-06-30 14:05:21,641 - httpx - INFO - HTTP Request: POST https://api.telegram.org/bot7227156938:AAGlund0oe-D8UC9HMoGgo2JLemtAMjYv70/getChat "HTTP/1.1 200 OK"
2025-06-30 14:05:21,643 - telegram_bot - INFO - Доступ к чату: Test's bot's
2025-06-30 14:05:21,643 - __main__ - INFO - ✅ Подключение к Telegram успешно
2025-06-30 14:05:21,643 - telegram_bot - INFO - Отправка сообщения в Telegram...
2025-06-30 14:05:22,044 - httpx - INFO - HTTP Request: POST https://api.telegram.org/bot7227156938:AAGlund0oe-D8UC9HMoGgo2JLemtAMjYv70/sendMessage "HTTP/1.1 200 OK"
2025-06-30 14:05:22,051 - telegram_bot - INFO - Сообщение отправлено успешно (ID: 28)
2025-06-30 14:05:22,051 - __main__ - INFO - Уведомление о запуске отправлено
2025-06-30 14:05:22,051 - __main__ - INFO - Бот запущен, интервал проверки: 1800 секунд
2025-06-30 14:05:22,103 - email_client - INFO - Загружено время последней проверки: 2025-06-30 12:39:56.412002
2025-06-30 14:05:22,104 - email_client - INFO - Поиск новых писем от no-reply@devinotele.com с 30-Jun-2025
2025-06-30 14:05:27,602 - email_client - INFO - Найдено 1 новых писем (из 2 общих)
2025-06-30 14:05:27,707 - email_client - INFO - Получено 1 новых писем
2025-06-30 14:05:27,709 - email_client - INFO - Сохранено время последней проверки: 2025-06-30 14:05:27.707880
2025-06-30 14:05:27,709 - __main__ - INFO - Найдено 1 новых писем
2025-06-30 14:05:27,709 - __main__ - INFO - Обработка письма: Внеплановые работы на платформе Devino Telecom...
2025-06-30 14:05:27,709 - parser - INFO - Парсинг письма: Внеплановые работы на платформе Devino Telecom...
2025-06-30 14:05:27,714 - parser - INFO - Успешно извлечены данные из письма
2025-06-30 14:05:27,714 - telegram_bot - INFO - Отправка уведомления о работах оператора Devino Telecom
2025-06-30 14:05:27,714 - telegram_bot - INFO - Отправка сообщения в Telegram...
2025-06-30 14:05:29,715 - httpx - INFO - HTTP Request: POST https://api.telegram.org/bot7227156938:AAGlund0oe-D8UC9HMoGgo2JLemtAMjYv70/sendMessage "HTTP/1.1 200 OK"
2025-06-30 14:05:29,718 - telegram_bot - INFO - Сообщение отправлено успешно (ID: 29)
2025-06-30 14:05:29,719 - __main__ - INFO - ✅ Уведомление отправлено в Telegram
2025-06-30 14:05:29,720 - __main__ - INFO - Цикл завершен, обработано 1 писем
2025-06-30 15:16:24,506 - __main__ - INFO - Получен сигнал 2, завершение работы...
2025-06-30 15:16:24,510 - __main__ - INFO - Остановка бота...
2025-06-30 15:16:24,511 - email_client - ERROR - Ошибка при отключении: [Errno 54] Connection reset by peer
2025-06-30 15:16:24,512 - telegram_bot - INFO - Отправка сообщения в Telegram...
2025-06-30 15:16:29,770 - telegram_bot - ERROR - Ошибка Telegram API: Timed out
2025-06-30 15:16:44,106 - __main__ - INFO - Получен сигнал 2, завершение работы...
2025-06-30 15:16:44,107 - __main__ - INFO - Остановка бота...
2025-06-30 15:16:44,107 - email_client - ERROR - Ошибка при отключении: command CLOSE illegal in state AUTH, only allowed in states SELECTED
2025-06-30 15:16:44,107 - telegram_bot - INFO - Отправка сообщения в Telegram...
2025-06-30 15:16:45,111 - telegram_bot - ERROR - Ошибка Telegram API: Pool timeout: All connections in the connection pool are occupied. Request was *not* sent to Telegram. Consider adjusting the connection pool size or the pool timeout.
2025-06-30 15:17:16,372 - __main__ - INFO - Получен сигнал 2, завершение работы...
2025-06-30 15:17:16,374 - __main__ - INFO - Остановка бота...
2025-06-30 15:17:16,374 - email_client - ERROR - Ошибка при отключении: command CLOSE illegal in state AUTH, only allowed in states SELECTED
2025-06-30 15:17:16,374 - telegram_bot - INFO - Отправка сообщения в Telegram...
2025-06-30 15:17:17,378 - telegram_bot - ERROR - Ошибка Telegram API: Pool timeout: All connections in the connection pool are occupied. Request was *not* sent to Telegram. Consider adjusting the connection pool size or the pool timeout.
2025-06-30 15:17:31,755 - __main__ - INFO - Получен сигнал 2, завершение работы...
2025-06-30 15:17:31,756 - __main__ - INFO - Остановка бота...
2025-06-30 15:17:31,756 - email_client - ERROR - Ошибка при отключении: command CLOSE illegal in state AUTH, only allowed in states SELECTED
2025-06-30 15:17:31,756 - telegram_bot - INFO - Отправка сообщения в Telegram...
2025-06-30 15:17:32,758 - telegram_bot - ERROR - Ошибка Telegram API: Pool timeout: All connections in the connection pool are occupied. Request was *not* sent to Telegram. Consider adjusting the connection pool size or the pool timeout.
2025-06-30 15:21:06,521 - __main__ - INFO - Получен сигнал 2, завершение работы...
2025-06-30 15:21:06,525 - __main__ - INFO - Остановка бота...
2025-06-30 15:21:06,525 - email_client - ERROR - Ошибка при отключении: command CLOSE illegal in state AUTH, only allowed in states SELECTED
2025-06-30 15:21:06,529 - telegram_bot - INFO - Отправка сообщения в Telegram...
2025-06-30 15:21:07,514 - __main__ - INFO - Получен сигнал 2, завершение работы...
2025-06-30 15:21:07,516 - __main__ - INFO - Остановка бота...
2025-06-30 15:21:07,516 - email_client - ERROR - Ошибка при отключении: command CLOSE illegal in state AUTH, only allowed in states SELECTED
2025-06-30 15:21:07,516 - telegram_bot - ERROR - Ошибка отправки сообщения: This event loop is already running
2025-06-30 15:21:07,539 - telegram_bot - ERROR - Ошибка Telegram API: Pool timeout: All connections in the connection pool are occupied. Request was *not* sent to Telegram. Consider adjusting the connection pool size or the pool timeout.
2025-06-30 15:21:09,212 - __main__ - INFO - Получен сигнал 2, завершение работы...
2025-06-30 15:21:09,213 - __main__ - INFO - Остановка бота...
2025-06-30 15:21:09,213 - email_client - ERROR - Ошибка при отключении: command CLOSE illegal in state AUTH, only allowed in states SELECTED
2025-06-30 15:21:09,213 - telegram_bot - INFO - Отправка сообщения в Telegram...
2025-06-30 15:21:10,222 - telegram_bot - ERROR - Ошибка Telegram API: Pool timeout: All connections in the connection pool are occupied. Request was *not* sent to Telegram. Consider adjusting the connection pool size or the pool timeout.
2025-06-30 22:23:16,230 - __main__ - INFO - Логирование настроено (уровень: INFO)
2025-06-30 22:23:16,231 - __main__ - INFO - Конфигурация загружена успешно
2025-06-30 22:23:16,231 - __main__ - INFO - Email-Telegram бот инициализирован
2025-06-30 22:23:16,231 - __main__ - INFO - 🚀 Запуск Email-Telegram бота...
2025-06-30 22:23:16,231 - __main__ - INFO - Инициализация email клиента...
2025-06-30 22:23:16,231 - __main__ - INFO - Инициализация Telegram бота...
2025-06-30 22:23:16,257 - __main__ - INFO - Тестирование подключений...
2025-06-30 22:23:16,258 - email_client - INFO - Подключаемся к imap.yandex.ru:993
2025-06-30 22:23:16,512 - email_client - INFO - Успешное подключение к почтовому серверу
2025-06-30 22:23:16,556 - email_client - INFO - Выбран ящик: INBOX
2025-06-30 22:23:16,556 - __main__ - INFO - ✅ Подключение к почте успешно
2025-06-30 22:23:16,557 - telegram_bot - INFO - Тестирование подключения к Telegram...
2025-06-30 22:23:17,753 - httpx - INFO - HTTP Request: POST https://api.telegram.org/bot7227156938:AAGlund0oe-D8UC9HMoGgo2JLemtAMjYv70/getMe "HTTP/1.1 200 OK"
2025-06-30 22:23:17,756 - telegram_bot - INFO - Бот подключен: @SM_Email_parser_notify_bot (SM_Email_parser_notify_bot)
2025-06-30 22:23:17,965 - httpx - INFO - HTTP Request: POST https://api.telegram.org/bot7227156938:AAGlund0oe-D8UC9HMoGgo2JLemtAMjYv70/getChat "HTTP/1.1 200 OK"
2025-06-30 22:23:17,968 - telegram_bot - INFO - Доступ к чату: Test's bot's
2025-06-30 22:23:17,968 - __main__ - INFO - ✅ Подключение к Telegram успешно
2025-06-30 22:23:17,968 - telegram_bot - INFO - Отправка сообщения в Telegram...
2025-06-30 22:23:18,246 - httpx - INFO - HTTP Request: POST https://api.telegram.org/bot7227156938:AAGlund0oe-D8UC9HMoGgo2JLemtAMjYv70/sendMessage "HTTP/1.1 200 OK"
2025-06-30 22:23:18,250 - telegram_bot - INFO - Сообщение отправлено успешно (ID: 30)
2025-06-30 22:23:18,251 - __main__ - INFO - Уведомление о запуске отправлено
2025-06-30 22:23:18,251 - __main__ - INFO - Бот запущен, интервал проверки: 1800 секунд
2025-06-30 22:23:18,278 - email_client - INFO - Загружено время последней проверки: 2025-06-30 14:05:27.707880
2025-06-30 22:23:18,278 - email_client - INFO - Поиск новых писем от no-reply@devinotele.com с 30-Jun-2025
2025-06-30 22:23:21,639 - email_client - INFO - Найдено 1 новых писем (из 3 общих)
2025-06-30 22:23:21,683 - email_client - INFO - Получено 1 новых писем
2025-06-30 22:23:21,685 - email_client - INFO - Сохранено время последней проверки: 2025-06-30 22:23:21.683945
2025-06-30 22:23:21,685 - __main__ - INFO - Найдено 1 новых писем
2025-06-30 22:23:21,685 - __main__ - INFO - Обработка письма: Плановые работы на платформе Devino Telecom...
2025-06-30 22:23:21,685 - parser - INFO - Парсинг письма: Плановые работы на платформе Devino Telecom...
2025-06-30 22:23:21,690 - parser - INFO - Успешно извлечены данные из письма
2025-06-30 22:23:21,690 - telegram_bot - INFO - Отправка уведомления о работах оператора Devino Telecom
2025-06-30 22:23:21,690 - telegram_bot - INFO - Отправка сообщения в Telegram...
2025-06-30 22:23:21,813 - httpx - INFO - HTTP Request: POST https://api.telegram.org/bot7227156938:AAGlund0oe-D8UC9HMoGgo2JLemtAMjYv70/sendMessage "HTTP/1.1 200 OK"
2025-06-30 22:23:21,816 - telegram_bot - INFO - Сообщение отправлено успешно (ID: 31)
2025-06-30 22:23:21,816 - __main__ - INFO - ✅ Уведомление отправлено в Telegram
2025-06-30 22:23:21,816 - __main__ - INFO - Цикл завершен, обработано 1 писем
2025-06-30 22:24:04,134 - __main__ - INFO - Получен сигнал 2, завершение работы...
2025-06-30 22:24:04,135 - __main__ - INFO - Остановка бота...
2025-06-30 22:24:04,195 - email_client - INFO - Отключение от почтового сервера
2025-06-30 22:24:04,196 - telegram_bot - INFO - Отправка сообщения в Telegram...
2025-06-30 22:24:09,203 - telegram_bot - ERROR - Ошибка Telegram API: Timed out
2025-06-30 22:24:37,048 - __main__ - INFO - Получен сигнал 2, завершение работы...
2025-06-30 22:24:37,049 - __main__ - WARNING - Принудительное завершение...
2025-06-30 22:24:42,413 - __main__ - INFO - Логирование настроено (уровень: INFO)
2025-06-30 22:24:42,413 - __main__ - INFO - Конфигурация загружена успешно
2025-06-30 22:24:42,413 - __main__ - INFO - Email-Telegram бот инициализирован
2025-06-30 22:24:42,413 - __main__ - INFO - 🚀 Запуск Email-Telegram бота...
2025-06-30 22:24:42,413 - __main__ - INFO - Инициализация email клиента...
2025-06-30 22:24:42,413 - __main__ - INFO - Инициализация Telegram бота...
2025-06-30 22:24:42,442 - __main__ - INFO - Тестирование подключений...
2025-06-30 22:24:42,442 - email_client - INFO - Подключаемся к imap.yandex.ru:993
2025-06-30 22:24:42,638 - email_client - INFO - Успешное подключение к почтовому серверу
2025-06-30 22:24:42,686 - email_client - INFO - Выбран ящик: INBOX
2025-06-30 22:24:42,687 - __main__ - INFO - ✅ Подключение к почте успешно
2025-06-30 22:24:42,690 - telegram_bot - INFO - Тестирование подключения к Telegram...
2025-06-30 22:24:43,646 - httpx - INFO - HTTP Request: POST https://api.telegram.org/bot7227156938:AAGlund0oe-D8UC9HMoGgo2JLemtAMjYv70/getMe "HTTP/1.1 200 OK"
2025-06-30 22:24:43,648 - telegram_bot - INFO - Бот подключен: @SM_Email_parser_notify_bot (SM_Email_parser_notify_bot)
2025-06-30 22:24:44,883 - httpx - INFO - HTTP Request: POST https://api.telegram.org/bot7227156938:AAGlund0oe-D8UC9HMoGgo2JLemtAMjYv70/getChat "HTTP/1.1 200 OK"
2025-06-30 22:24:44,887 - telegram_bot - INFO - Доступ к чату: Test's bot's
2025-06-30 22:24:44,887 - __main__ - INFO - ✅ Подключение к Telegram успешно
2025-06-30 22:24:44,888 - telegram_bot - INFO - Отправка сообщения в Telegram...
2025-06-30 22:24:45,097 - httpx - INFO - HTTP Request: POST https://api.telegram.org/bot7227156938:AAGlund0oe-D8UC9HMoGgo2JLemtAMjYv70/sendMessage "HTTP/1.1 200 OK"
2025-06-30 22:24:45,100 - telegram_bot - INFO - Сообщение отправлено успешно (ID: 32)
2025-06-30 22:24:45,100 - __main__ - INFO - Уведомление о запуске отправлено
2025-06-30 22:24:45,100 - __main__ - INFO - Бот запущен, интервал проверки: 1800 секунд
2025-06-30 22:24:45,132 - email_client - INFO - Загружено время последней проверки: 2025-06-30 22:23:21.683945
2025-06-30 22:24:45,133 - email_client - INFO - Поиск новых писем от no-reply@devinotele.com с 30-Jun-2025
2025-06-30 22:24:48,491 - email_client - INFO - Найдено 0 новых писем (из 3 общих)
2025-06-30 22:24:48,492 - email_client - INFO - Сохранено время последней проверки: 2025-06-30 22:24:48.491821
2025-06-30 23:18:55,085 - email_client - WARNING - Ошибка проверки соединения: command: NOOP => socket error: EOF
2025-06-30 23:18:55,089 - email_client - INFO - Переподключение к серверу...
2025-06-30 23:18:55,093 - email_client - INFO - Подключаемся к imap.yandex.ru:993
2025-06-30 23:18:55,283 - email_client - INFO - Успешное подключение к почтовому серверу
2025-06-30 23:18:55,342 - email_client - INFO - Выбран ящик: INBOX
2025-06-30 23:18:55,344 - email_client - INFO - Загружено время последней проверки: 2025-06-30 22:24:48.491821
2025-06-30 23:18:55,345 - email_client - INFO - Поиск новых писем от no-reply@devinotele.com с 30-Jun-2025
2025-06-30 23:18:59,699 - email_client - INFO - Найдено 0 новых писем (из 3 общих)
2025-06-30 23:18:59,701 - email_client - INFO - Сохранено время последней проверки: 2025-06-30 23:18:59.699798
2025-06-30 23:48:59,769 - email_client - INFO - Загружено время последней проверки: 2025-06-30 23:18:59.699798
2025-06-30 23:48:59,771 - email_client - INFO - Поиск новых писем от no-reply@devinotele.com с 30-Jun-2025
2025-06-30 23:49:00,955 - email_client - ERROR - Ошибка получения даты письма 11129: 'int' object has no attribute 'decode'
2025-06-30 23:49:01,095 - email_client - INFO - Найдено 0 новых писем (из 3 общих)
2025-06-30 23:49:01,099 - email_client - INFO - Сохранено время последней проверки: 2025-06-30 23:49:01.095851
2025-07-01 00:19:01,144 - email_client - INFO - Загружено время последней проверки: 2025-06-30 23:49:01.095851
2025-07-01 00:19:01,145 - email_client - INFO - Поиск новых писем от no-reply@devinotele.com с 30-Jun-2025
2025-07-01 00:19:02,465 - email_client - INFO - Найдено 0 новых писем (из 3 общих)
2025-07-01 00:19:02,468 - email_client - INFO - Сохранено время последней проверки: 2025-07-01 00:19:02.466303
2025-07-01 01:37:30,385 - email_client - WARNING - Ошибка проверки соединения: command: NOOP => socket error: EOF
2025-07-01 01:37:30,391 - email_client - INFO - Переподключение к серверу...
2025-07-01 01:37:30,399 - email_client - INFO - Подключаемся к imap.yandex.ru:993
2025-07-01 01:37:30,766 - email_client - INFO - Успешное подключение к почтовому серверу
2025-07-01 01:37:30,851 - email_client - INFO - Выбран ящик: INBOX
2025-07-01 01:37:30,854 - email_client - INFO - Загружено время последней проверки: 2025-07-01 00:19:02.466303
2025-07-01 01:37:30,855 - email_client - INFO - Поиск новых писем от no-reply@devinotele.com с 01-Jul-2025
2025-07-01 01:37:34,773 - email_client - INFO - Новых писем не найдено
2025-07-01 01:37:34,776 - email_client - INFO - Сохранено время последней проверки: 2025-07-01 01:37:34.773850
2025-07-01 06:53:52,815 - email_client - WARNING - Ошибка проверки соединения: command: NOOP => socket error: EOF
2025-07-01 06:53:52,816 - email_client - INFO - Переподключение к серверу...
2025-07-01 06:53:52,819 - email_client - INFO - Подключаемся к imap.yandex.ru:993
2025-07-01 06:53:53,010 - email_client - INFO - Успешное подключение к почтовому серверу
2025-07-01 06:53:53,066 - email_client - INFO - Выбран ящик: INBOX
2025-07-01 06:53:53,068 - email_client - INFO - Загружено время последней проверки: 2025-07-01 01:37:34.773850
2025-07-01 06:53:53,068 - email_client - INFO - Поиск новых писем от no-reply@devinotele.com с 01-Jul-2025
2025-07-01 06:53:56,902 - email_client - INFO - Новых писем не найдено
2025-07-01 06:53:56,905 - email_client - INFO - Сохранено время последней проверки: 2025-07-01 06:53:56.902608
2025-07-01 08:56:11,054 - email_client - WARNING - Ошибка проверки соединения: command: NOOP => socket error: EOF
2025-07-01 08:56:11,058 - email_client - INFO - Переподключение к серверу...
2025-07-01 08:56:11,067 - email_client - INFO - Подключаемся к imap.yandex.ru:993
2025-07-01 08:56:11,256 - email_client - INFO - Успешное подключение к почтовому серверу
2025-07-01 08:56:11,306 - email_client - INFO - Выбран ящик: INBOX
2025-07-01 08:56:11,308 - email_client - INFO - Загружено время последней проверки: 2025-07-01 06:53:56.902608
2025-07-01 08:56:11,308 - email_client - INFO - Поиск новых писем от no-reply@devinotele.com с 01-Jul-2025
2025-07-01 08:56:14,534 - email_client - INFO - Новых писем не найдено
2025-07-01 08:56:14,537 - email_client - INFO - Сохранено время последней проверки: 2025-07-01 08:56:14.534741
2025-07-01 11:28:17,583 - email_client - WARNING - Ошибка проверки соединения: [Errno 54] Connection reset by peer
2025-07-01 11:28:17,586 - email_client - INFO - Переподключение к серверу...
2025-07-01 11:28:17,594 - email_client - INFO - Подключаемся к imap.yandex.ru:993
2025-07-01 11:28:18,114 - email_client - INFO - Успешное подключение к почтовому серверу
2025-07-01 11:28:18,208 - email_client - INFO - Выбран ящик: INBOX
2025-07-01 11:28:18,211 - email_client - INFO - Загружено время последней проверки: 2025-07-01 08:56:14.534741
2025-07-01 11:28:18,212 - email_client - INFO - Поиск новых писем от no-reply@devinotele.com с 01-Jul-2025
2025-07-01 11:28:22,237 - email_client - INFO - Найдено 2 новых писем (из 2 общих)
2025-07-01 11:28:22,427 - email_client - INFO - Получено 2 новых писем
2025-07-01 11:28:22,431 - email_client - INFO - Сохранено время последней проверки: 2025-07-01 11:28:22.428455
2025-07-01 11:28:22,431 - __main__ - INFO - Найдено 2 новых писем
2025-07-01 11:28:22,431 - __main__ - INFO - Обработка письма: Плановые работы на стороне оператора МТС...
2025-07-01 11:28:22,432 - parser - INFO - Парсинг письма: Плановые работы на стороне оператора МТС...
2025-07-01 11:28:22,439 - parser - INFO - Успешно извлечены данные из письма
2025-07-01 11:28:22,441 - telegram_bot - INFO - Отправка уведомления о работах оператора МТС
2025-07-01 11:28:22,442 - telegram_bot - INFO - Отправка сообщения в Telegram...
2025-07-01 11:28:22,992 - httpx - INFO - HTTP Request: POST https://api.telegram.org/bot7227156938:AAGlund0oe-D8UC9HMoGgo2JLemtAMjYv70/sendMessage "HTTP/1.1 200 OK"
2025-07-01 11:28:22,996 - telegram_bot - INFO - Сообщение отправлено успешно (ID: 34)
2025-07-01 11:28:22,996 - __main__ - INFO - ✅ Уведомление отправлено в Telegram
2025-07-01 11:28:22,996 - __main__ - INFO - Обработка письма: Плановые работы на стороне оператора Мегафон...
2025-07-01 11:28:22,996 - parser - INFO - Парсинг письма: Плановые работы на стороне оператора Мегафон...
2025-07-01 11:28:22,998 - parser - INFO - Успешно извлечены данные из письма
2025-07-01 11:28:22,998 - telegram_bot - INFO - Отправка уведомления о работах оператора Мегафон
2025-07-01 11:28:22,998 - telegram_bot - INFO - Отправка сообщения в Telegram...
2025-07-01 11:28:23,145 - httpx - INFO - HTTP Request: POST https://api.telegram.org/bot7227156938:AAGlund0oe-D8UC9HMoGgo2JLemtAMjYv70/sendMessage "HTTP/1.1 200 OK"
2025-07-01 11:28:23,147 - telegram_bot - INFO - Сообщение отправлено успешно (ID: 35)
2025-07-01 11:28:23,147 - __main__ - INFO - ✅ Уведомление отправлено в Telegram
2025-07-01 11:28:23,147 - __main__ - INFO - Цикл завершен, обработано 2 писем
2025-07-01 12:11:17,725 - email_client - WARNING - Ошибка проверки соединения: [Errno 54] Connection reset by peer
2025-07-01 12:11:17,728 - email_client - INFO - Переподключение к серверу...
2025-07-01 12:11:17,735 - email_client - INFO - Подключаемся к imap.yandex.ru:993
2025-07-01 12:11:18,542 - email_client - INFO - Успешное подключение к почтовому серверу
2025-07-01 12:11:18,748 - email_client - INFO - Выбран ящик: INBOX
2025-07-01 12:11:18,750 - email_client - INFO - Загружено время последней проверки: 2025-07-01 11:28:22.428455
2025-07-01 12:11:18,751 - email_client - INFO - Поиск новых писем от no-reply@devinotele.com с 01-Jul-2025
2025-07-01 12:11:23,036 - email_client - INFO - Найдено 0 новых писем (из 2 общих)
2025-07-01 12:11:23,038 - email_client - INFO - Сохранено время последней проверки: 2025-07-01 12:11:23.037146
2025-07-01 12:46:22,920 - email_client - WARNING - Ошибка проверки соединения: [Errno 54] Connection reset by peer
2025-07-01 12:46:22,923 - email_client - INFO - Переподключение к серверу...
2025-07-01 12:46:22,929 - email_client - INFO - Подключаемся к imap.yandex.ru:993
2025-07-01 12:46:23,153 - email_client - INFO - Успешное подключение к почтовому серверу
2025-07-01 12:46:23,184 - email_client - INFO - Выбран ящик: INBOX
2025-07-01 12:46:23,186 - email_client - INFO - Загружено время последней проверки: 2025-07-01 12:11:23.037146
2025-07-01 12:46:23,187 - email_client - INFO - Поиск новых писем от no-reply@devinotele.com с 01-Jul-2025
2025-07-01 12:46:27,189 - email_client - INFO - Найдено 0 новых писем (из 2 общих)
2025-07-01 12:46:27,194 - email_client - INFO - Сохранено время последней проверки: 2025-07-01 12:46:27.189954
2025-07-01 13:16:27,197 - email_client - WARNING - Ошибка проверки соединения: [Errno 54] Connection reset by peer
2025-07-01 13:16:27,200 - email_client - INFO - Переподключение к серверу...
2025-07-01 13:16:27,205 - email_client - INFO - Подключаемся к imap.yandex.ru:993
2025-07-01 13:16:27,591 - email_client - INFO - Успешное подключение к почтовому серверу
2025-07-01 13:16:27,637 - email_client - INFO - Выбран ящик: INBOX
2025-07-01 13:16:27,639 - email_client - INFO - Загружено время последней проверки: 2025-07-01 12:46:27.189954
2025-07-01 13:16:27,639 - email_client - INFO - Поиск новых писем от no-reply@devinotele.com с 01-Jul-2025
2025-07-01 13:16:31,247 - email_client - INFO - Найдено 0 новых писем (из 2 общих)
2025-07-01 13:16:31,250 - email_client - INFO - Сохранено время последней проверки: 2025-07-01 13:16:31.247681
2025-07-01 13:46:58,360 - email_client - WARNING - Ошибка проверки соединения: [Errno 54] Connection reset by peer
2025-07-01 13:46:58,362 - email_client - INFO - Переподключение к серверу...
2025-07-01 13:46:58,372 - email_client - INFO - Подключаемся к imap.yandex.ru:993
2025-07-01 13:46:58,644 - email_client - INFO - Успешное подключение к почтовому серверу
2025-07-01 13:46:58,695 - email_client - INFO - Выбран ящик: INBOX
2025-07-01 13:46:58,697 - email_client - INFO - Загружено время последней проверки: 2025-07-01 13:16:31.247681
2025-07-01 13:46:58,697 - email_client - INFO - Поиск новых писем от no-reply@devinotele.com с 01-Jul-2025
2025-07-01 13:47:02,161 - email_client - INFO - Найдено 0 новых писем (из 2 общих)
2025-07-01 13:47:02,164 - email_client - INFO - Сохранено время последней проверки: 2025-07-01 13:47:02.161414
2025-07-01 14:17:02,191 - email_client - WARNING - Ошибка проверки соединения: [Errno 54] Connection reset by peer
2025-07-01 14:17:02,199 - email_client - INFO - Переподключение к серверу...
2025-07-01 14:17:02,206 - email_client - INFO - Подключаемся к imap.yandex.ru:993
2025-07-01 14:17:02,349 - email_client - INFO - Успешное подключение к почтовому серверу
2025-07-01 14:17:02,406 - email_client - INFO - Выбран ящик: INBOX
2025-07-01 14:17:02,409 - email_client - INFO - Загружено время последней проверки: 2025-07-01 13:47:02.161414
2025-07-01 14:17:02,409 - email_client - INFO - Поиск новых писем от no-reply@devinotele.com с 01-Jul-2025
2025-07-01 14:17:05,640 - email_client - INFO - Найдено 0 новых писем (из 2 общих)
2025-07-01 14:17:05,643 - email_client - INFO - Сохранено время последней проверки: 2025-07-01 14:17:05.641111
2025-07-01 15:57:04,198 - email_client - WARNING - Ошибка проверки соединения: [Errno 54] Connection reset by peer
2025-07-01 15:57:04,200 - email_client - INFO - Переподключение к серверу...
2025-07-01 15:57:04,209 - email_client - INFO - Подключаемся к imap.yandex.ru:993
2025-07-01 15:57:04,359 - email_client - INFO - Успешное подключение к почтовому серверу
2025-07-01 15:57:04,404 - email_client - INFO - Выбран ящик: INBOX
2025-07-01 15:57:04,407 - email_client - INFO - Загружено время последней проверки: 2025-07-01 14:17:05.641111
2025-07-01 15:57:04,407 - email_client - INFO - Поиск новых писем от no-reply@devinotele.com с 01-Jul-2025
2025-07-01 15:57:08,034 - email_client - INFO - Найдено 0 новых писем (из 2 общих)
2025-07-01 15:57:08,037 - email_client - INFO - Сохранено время последней проверки: 2025-07-01 15:57:08.035105
2025-07-01 16:27:08,045 - email_client - WARNING - Ошибка проверки соединения: [Errno 54] Connection reset by peer
2025-07-01 16:27:08,049 - email_client - INFO - Переподключение к серверу...
2025-07-01 16:27:08,054 - email_client - INFO - Подключаемся к imap.yandex.ru:993
2025-07-01 16:27:08,257 - email_client - INFO - Успешное подключение к почтовому серверу
2025-07-01 16:27:08,308 - email_client - INFO - Выбран ящик: INBOX
2025-07-01 16:27:08,311 - email_client - INFO - Загружено время последней проверки: 2025-07-01 15:57:08.035105
2025-07-01 16:27:08,311 - email_client - INFO - Поиск новых писем от no-reply@devinotele.com с 01-Jul-2025
2025-07-01 16:27:12,142 - email_client - INFO - Найдено 0 новых писем (из 2 общих)
2025-07-01 16:27:12,144 - email_client - INFO - Сохранено время последней проверки: 2025-07-01 16:27:12.142687
2025-07-01 16:57:12,152 - email_client - WARNING - Ошибка проверки соединения: [Errno 54] Connection reset by peer
2025-07-01 16:57:12,156 - email_client - INFO - Переподключение к серверу...
2025-07-01 16:57:12,161 - email_client - INFO - Подключаемся к imap.yandex.ru:993
2025-07-01 16:57:12,374 - email_client - INFO - Успешное подключение к почтовому серверу
2025-07-01 16:57:12,430 - email_client - INFO - Выбран ящик: INBOX
2025-07-01 16:57:12,432 - email_client - INFO - Загружено время последней проверки: 2025-07-01 16:27:12.142687
2025-07-01 16:57:12,432 - email_client - INFO - Поиск новых писем от no-reply@devinotele.com с 01-Jul-2025
2025-07-01 16:57:16,441 - email_client - INFO - Найдено 0 новых писем (из 2 общих)
2025-07-01 16:57:16,445 - email_client - INFO - Сохранено время последней проверки: 2025-07-01 16:57:16.441793
2025-07-01 17:55:17,418 - email_client - WARNING - Ошибка проверки соединения: [Errno 54] Connection reset by peer
2025-07-01 17:55:17,420 - email_client - INFO - Переподключение к серверу...
2025-07-01 17:55:17,427 - email_client - INFO - Подключаемся к imap.yandex.ru:993
2025-07-01 17:55:17,746 - email_client - INFO - Успешное подключение к почтовому серверу
2025-07-01 17:55:17,807 - email_client - INFO - Выбран ящик: INBOX
2025-07-01 17:55:17,809 - email_client - INFO - Загружено время последней проверки: 2025-07-01 16:57:16.441793
2025-07-01 17:55:17,809 - email_client - INFO - Поиск новых писем от no-reply@devinotele.com с 01-Jul-2025
2025-07-01 17:55:22,046 - email_client - INFO - Найдено 0 новых писем (из 2 общих)
2025-07-01 17:55:22,049 - email_client - INFO - Сохранено время последней проверки: 2025-07-01 17:55:22.046863
2025-07-01 18:25:22,053 - email_client - WARNING - Ошибка проверки соединения: [Errno 54] Connection reset by peer
2025-07-01 18:25:22,055 - email_client - INFO - Переподключение к серверу...
2025-07-01 18:25:22,059 - email_client - INFO - Подключаемся к imap.yandex.ru:993
2025-07-01 18:25:22,706 - email_client - INFO - Успешное подключение к почтовому серверу
2025-07-01 18:25:22,793 - email_client - INFO - Выбран ящик: INBOX
2025-07-01 18:25:22,795 - email_client - INFO - Загружено время последней проверки: 2025-07-01 17:55:22.046863
2025-07-01 18:25:22,795 - email_client - INFO - Поиск новых писем от no-reply@devinotele.com с 01-Jul-2025
2025-07-01 18:25:26,320 - email_client - INFO - Найдено 0 новых писем (из 2 общих)
2025-07-01 18:25:26,322 - email_client - INFO - Сохранено время последней проверки: 2025-07-01 18:25:26.320360
2025-07-02 01:49:47,869 - email_client - WARNING - Ошибка проверки соединения: [Errno 54] Connection reset by peer
2025-07-02 01:49:47,872 - email_client - INFO - Переподключение к серверу...
2025-07-02 01:49:47,881 - email_client - INFO - Подключаемся к imap.yandex.ru:993
2025-07-02 01:49:51,604 - email_client - INFO - Успешное подключение к почтовому серверу
2025-07-02 01:49:51,634 - email_client - INFO - Выбран ящик: INBOX
2025-07-02 01:49:51,636 - email_client - INFO - Загружено время последней проверки: 2025-07-01 18:25:26.320360
2025-07-02 01:49:51,637 - email_client - INFO - Поиск новых писем от no-reply@devinotele.com с 01-Jul-2025
2025-07-02 01:49:55,369 - email_client - INFO - Найдено 0 новых писем (из 2 общих)
2025-07-02 01:49:55,371 - email_client - INFO - Сохранено время последней проверки: 2025-07-02 01:49:55.370047
2025-07-02 01:49:55,374 - __main__ - ERROR - Ошибка отправки статистики: TelegramBotSync.send_message() got an unexpected keyword argument 'disable_notification'
2025-07-02 05:03:45,588 - email_client - WARNING - Ошибка проверки соединения: command: NOOP => socket error: EOF
2025-07-02 05:03:45,590 - email_client - INFO - Переподключение к серверу...
2025-07-02 05:03:45,596 - email_client - INFO - Подключаемся к imap.yandex.ru:993
2025-07-02 05:03:45,757 - email_client - INFO - Успешное подключение к почтовому серверу
2025-07-02 05:03:45,811 - email_client - INFO - Выбран ящик: INBOX
2025-07-02 05:03:45,849 - email_client - INFO - Загружено время последней проверки: 2025-07-02 01:49:55.370047
2025-07-02 05:03:45,850 - email_client - INFO - Поиск новых писем от no-reply@devinotele.com с 02-Jul-2025
2025-07-02 05:03:49,084 - email_client - INFO - Новых писем не найдено
2025-07-02 05:03:49,089 - email_client - INFO - Сохранено время последней проверки: 2025-07-02 05:03:49.085416
2025-07-02 08:56:07,059 - email_client - WARNING - Ошибка проверки соединения: command: NOOP => socket error: EOF
2025-07-02 08:56:07,064 - email_client - INFO - Переподключение к серверу...
2025-07-02 08:56:07,073 - email_client - INFO - Подключаемся к imap.yandex.ru:993
2025-07-02 08:56:07,187 - email_client - INFO - Успешное подключение к почтовому серверу
2025-07-02 08:56:07,219 - email_client - INFO - Выбран ящик: INBOX
2025-07-02 08:56:07,223 - email_client - INFO - Загружено время последней проверки: 2025-07-02 05:03:49.085416
2025-07-02 08:56:07,224 - email_client - INFO - Поиск новых писем от no-reply@devinotele.com с 02-Jul-2025
2025-07-02 08:56:10,983 - email_client - INFO - Новых писем не найдено
2025-07-02 08:56:10,987 - email_client - INFO - Сохранено время последней проверки: 2025-07-02 08:56:10.984312
2025-07-02 10:23:47,843 - email_client - WARNING - Ошибка проверки соединения: command: NOOP => socket error: EOF
2025-07-02 10:23:47,847 - email_client - INFO - Переподключение к серверу...
2025-07-02 10:23:47,855 - email_client - INFO - Подключаемся к imap.yandex.ru:993
2025-07-02 10:23:48,089 - email_client - INFO - Успешное подключение к почтовому серверу
2025-07-02 10:23:48,157 - email_client - INFO - Выбран ящик: INBOX
2025-07-02 10:23:48,160 - email_client - INFO - Загружено время последней проверки: 2025-07-02 08:56:10.984312
2025-07-02 10:23:48,161 - email_client - INFO - Поиск новых писем от no-reply@devinotele.com с 02-Jul-2025
2025-07-02 10:23:51,477 - email_client - INFO - Новых писем не найдено
2025-07-02 10:23:51,482 - email_client - INFO - Сохранено время последней проверки: 2025-07-02 10:23:51.478375
2025-07-02 10:53:51,530 - email_client - INFO - Загружено время последней проверки: 2025-07-02 10:23:51.478375
2025-07-02 10:53:51,535 - email_client - INFO - Поиск новых писем от no-reply@devinotele.com с 02-Jul-2025
2025-07-02 10:53:51,842 - email_client - INFO - Новых писем не найдено
2025-07-02 10:53:51,845 - email_client - INFO - Сохранено время последней проверки: 2025-07-02 10:53:51.842934
2025-07-02 13:24:12,581 - email_client - WARNING - Ошибка проверки соединения: [Errno 54] Connection reset by peer
2025-07-02 13:24:12,584 - email_client - INFO - Переподключение к серверу...
2025-07-02 13:24:12,593 - email_client - INFO - Подключаемся к imap.yandex.ru:993
2025-07-02 13:24:13,104 - email_client - INFO - Успешное подключение к почтовому серверу
2025-07-02 13:24:13,215 - email_client - INFO - Выбран ящик: INBOX
2025-07-02 13:24:13,219 - email_client - INFO - Загружено время последней проверки: 2025-07-02 10:53:51.842934
2025-07-02 13:24:13,220 - email_client - INFO - Поиск новых писем от no-reply@devinotele.com с 02-Jul-2025
2025-07-02 13:24:16,632 - email_client - INFO - Новых писем не найдено
2025-07-02 13:24:16,635 - email_client - INFO - Сохранено время последней проверки: 2025-07-02 13:24:16.633145
2025-07-02 14:15:12,208 - email_client - WARNING - Ошибка проверки соединения: [Errno 54] Connection reset by peer
2025-07-02 14:15:12,210 - email_client - INFO - Переподключение к серверу...
2025-07-02 14:15:12,217 - email_client - INFO - Подключаемся к imap.yandex.ru:993
2025-07-02 14:15:12,439 - email_client - INFO - Успешное подключение к почтовому серверу
2025-07-02 14:15:12,473 - email_client - INFO - Выбран ящик: INBOX
2025-07-02 14:15:12,478 - email_client - INFO - Загружено время последней проверки: 2025-07-02 13:24:16.633145
2025-07-02 14:15:12,479 - email_client - INFO - Поиск новых писем от no-reply@devinotele.com с 02-Jul-2025
2025-07-02 14:15:16,196 - email_client - INFO - Новых писем не найдено
2025-07-02 14:15:16,200 - email_client - INFO - Сохранено время последней проверки: 2025-07-02 14:15:16.197136
2025-07-02 14:45:16,233 - email_client - WARNING - Ошибка проверки соединения: [Errno 54] Connection reset by peer
2025-07-02 14:45:16,241 - email_client - INFO - Переподключение к серверу...
2025-07-02 14:45:16,253 - email_client - INFO - Подключаемся к imap.yandex.ru:993
2025-07-02 14:45:16,385 - email_client - INFO - Успешное подключение к почтовому серверу
2025-07-02 14:45:16,418 - email_client - INFO - Выбран ящик: INBOX
2025-07-02 14:45:16,425 - email_client - INFO - Загружено время последней проверки: 2025-07-02 14:15:16.197136
2025-07-02 14:45:16,425 - email_client - INFO - Поиск новых писем от no-reply@devinotele.com с 02-Jul-2025
2025-07-02 14:45:20,490 - email_client - INFO - Новых писем не найдено
2025-07-02 14:45:20,494 - email_client - INFO - Сохранено время последней проверки: 2025-07-02 14:45:20.491196
2025-07-02 19:55:39,851 - email_client - WARNING - Ошибка проверки соединения: [Errno 54] Connection reset by peer
2025-07-02 19:55:39,857 - email_client - INFO - Переподключение к серверу...
2025-07-02 19:55:39,867 - email_client - INFO - Подключаемся к imap.yandex.ru:993
2025-07-02 19:55:40,145 - email_client - INFO - Успешное подключение к почтовому серверу
2025-07-02 19:55:40,176 - email_client - INFO - Выбран ящик: INBOX
2025-07-02 19:55:40,178 - email_client - INFO - Загружено время последней проверки: 2025-07-02 14:45:20.491196
2025-07-02 19:55:40,179 - email_client - INFO - Поиск новых писем от no-reply@devinotele.com с 02-Jul-2025
2025-07-02 19:55:44,143 - email_client - INFO - Новых писем не найдено
2025-07-02 19:55:44,148 - email_client - INFO - Сохранено время последней проверки: 2025-07-02 19:55:44.143783
2025-07-03 00:05:27,679 - email_client - WARNING - Ошибка проверки соединения: [Errno 54] Connection reset by peer
2025-07-03 00:05:27,680 - email_client - INFO - Переподключение к серверу...
2025-07-03 00:05:27,686 - email_client - INFO - Подключаемся к imap.yandex.ru:993
2025-07-03 00:05:27,961 - email_client - INFO - Успешное подключение к почтовому серверу
2025-07-03 00:05:28,008 - email_client - INFO - Выбран ящик: INBOX
2025-07-03 00:05:28,010 - email_client - INFO - Загружено время последней проверки: 2025-07-02 19:55:44.143783
2025-07-03 00:05:28,010 - email_client - INFO - Поиск новых писем от no-reply@devinotele.com с 02-Jul-2025
2025-07-03 00:05:31,797 - email_client - INFO - Новых писем не найдено
2025-07-03 00:05:31,798 - email_client - INFO - Сохранено время последней проверки: 2025-07-03 00:05:31.797662
2025-07-03 00:50:07,979 - email_client - WARNING - Ошибка проверки соединения: command: NOOP => socket error: EOF
2025-07-03 00:50:07,984 - email_client - INFO - Переподключение к серверу...
2025-07-03 00:50:07,988 - email_client - INFO - Подключаемся к imap.yandex.ru:993
2025-07-03 00:50:08,105 - email_client - INFO - Успешное подключение к почтовому серверу
2025-07-03 00:50:08,134 - email_client - INFO - Выбран ящик: INBOX
2025-07-03 00:50:08,136 - email_client - INFO - Загружено время последней проверки: 2025-07-03 00:05:31.797662
2025-07-03 00:50:08,136 - email_client - INFO - Поиск новых писем от no-reply@devinotele.com с 03-Jul-2025
2025-07-03 00:50:11,708 - email_client - INFO - Новых писем не найдено
2025-07-03 00:50:11,711 - email_client - INFO - Сохранено время последней проверки: 2025-07-03 00:50:11.708887
2025-07-03 03:15:38,239 - email_client - WARNING - Ошибка проверки соединения: [Errno 32] Broken pipe
2025-07-03 03:15:38,243 - email_client - INFO - Переподключение к серверу...
2025-07-03 03:15:38,246 - email_client - INFO - Подключаемся к imap.yandex.ru:993
2025-07-03 03:15:38,674 - email_client - INFO - Успешное подключение к почтовому серверу
2025-07-03 03:15:38,724 - email_client - INFO - Выбран ящик: INBOX
2025-07-03 03:15:38,726 - email_client - INFO - Загружено время последней проверки: 2025-07-03 00:50:11.708887
2025-07-03 03:15:38,727 - email_client - INFO - Поиск новых писем от no-reply@devinotele.com с 03-Jul-2025
2025-07-03 03:15:41,746 - email_client - INFO - Новых писем не найдено
2025-07-03 03:15:41,750 - email_client - INFO - Сохранено время последней проверки: 2025-07-03 03:15:41.746819
2025-07-03 03:15:41,753 - __main__ - ERROR - Ошибка отправки статистики: TelegramBotSync.send_message() got an unexpected keyword argument 'disable_notification'
2025-07-03 08:49:27,591 - email_client - WARNING - Ошибка проверки соединения: command: NOOP => socket error: EOF
2025-07-03 08:49:27,595 - email_client - INFO - Переподключение к серверу...
2025-07-03 08:49:27,601 - email_client - INFO - Подключаемся к imap.yandex.ru:993
2025-07-03 08:49:28,066 - email_client - INFO - Успешное подключение к почтовому серверу
2025-07-03 08:49:28,252 - email_client - INFO - Выбран ящик: INBOX
2025-07-03 08:49:28,255 - email_client - INFO - Загружено время последней проверки: 2025-07-03 03:15:41.746819
2025-07-03 08:49:28,256 - email_client - INFO - Поиск новых писем от no-reply@devinotele.com с 03-Jul-2025
2025-07-03 08:49:31,983 - email_client - INFO - Новых писем не найдено
2025-07-03 08:49:31,987 - email_client - INFO - Сохранено время последней проверки: 2025-07-03 08:49:31.983669
2025-07-03 09:51:07,769 - __main__ - INFO - Получен сигнал 2, завершение работы...
2025-07-03 09:51:07,773 - __main__ - INFO - Остановка бота...
2025-07-03 09:51:12,602 - __main__ - INFO - Получен сигнал 2, завершение работы...
2025-07-03 09:51:12,604 - __main__ - WARNING - Принудительное завершение...
