2025-06-27 15:10:17,208 - __main__ - INFO - Логирование настроено (уровень: INFO)
2025-06-27 15:10:17,208 - __main__ - INFO - Конфигурация загружена успешно
2025-06-27 15:10:17,209 - __main__ - INFO - Email-Telegram бот инициализирован
2025-06-27 15:10:17,209 - __main__ - INFO - 🚀 Запуск Email-Telegram бота...
2025-06-27 15:10:17,209 - __main__ - INFO - Инициализация email клиента...
2025-06-27 15:10:17,209 - __main__ - INFO - Инициализация Telegram бота...
2025-06-27 15:10:17,236 - __main__ - INFO - Тестирование подключений...
2025-06-27 15:10:17,236 - email_client - INFO - Подключаемся к imap.yandex.ru:993
2025-06-27 15:10:17,460 - email_client - INFO - Успешное подключение к почтовому серверу
2025-06-27 15:10:17,528 - email_client - INFO - Выбран ящик: INBOX
2025-06-27 15:10:17,529 - __main__ - INFO - ✅ Подключение к почте успешно
2025-06-27 15:10:17,530 - telegram_bot - INFO - Тестирование подключения к Telegram...
2025-06-27 15:10:17,640 - telegram_bot - ERROR - Ошибка подключения к Telegram (возможно нужен прокси): httpx.ProxyError: 503 Service Unavailable
2025-06-27 15:10:17,640 - telegram_bot - INFO - 💡 Попробуйте использовать VPN или прокси
2025-06-27 15:10:17,641 - __main__ - ERROR - Ошибка подключения к Telegram
2025-06-27 15:10:17,641 - __main__ - ERROR - Ошибка тестирования подключений, завершение работы
2025-06-27 15:11:03,798 - __main__ - INFO - Логирование настроено (уровень: INFO)
2025-06-27 15:11:03,798 - __main__ - INFO - Конфигурация загружена успешно
2025-06-27 15:11:03,798 - __main__ - INFO - Email-Telegram бот инициализирован
2025-06-27 15:11:03,798 - __main__ - INFO - 🚀 Запуск Email-Telegram бота...
2025-06-27 15:11:03,798 - __main__ - INFO - Инициализация email клиента...
2025-06-27 15:11:03,798 - __main__ - INFO - Инициализация Telegram бота...
2025-06-27 15:11:03,812 - __main__ - INFO - Тестирование подключений...
2025-06-27 15:11:03,812 - email_client - INFO - Подключаемся к imap.yandex.ru:993
2025-06-27 15:11:04,431 - email_client - INFO - Успешное подключение к почтовому серверу
2025-06-27 15:11:04,570 - email_client - INFO - Выбран ящик: INBOX
2025-06-27 15:11:04,571 - __main__ - INFO - ✅ Подключение к почте успешно
2025-06-27 15:11:04,572 - telegram_bot - INFO - Тестирование подключения к Telegram...
2025-06-27 15:11:04,882 - httpx - INFO - HTTP Request: POST https://api.telegram.org/bot7227156938:AAGlund0oe-D8UC9HMoGgo2JLemtAMjYv70/getMe "HTTP/1.1 200 OK"
2025-06-27 15:11:04,883 - telegram_bot - INFO - Бот подключен: @SM_Email_parser_notify_bot (SM_Email_parser_notify_bot)
2025-06-27 15:11:05,081 - httpx - INFO - HTTP Request: POST https://api.telegram.org/bot7227156938:AAGlund0oe-D8UC9HMoGgo2JLemtAMjYv70/getChat "HTTP/1.1 200 OK"
2025-06-27 15:11:05,084 - telegram_bot - INFO - Доступ к чату: Test's bot's
2025-06-27 15:11:05,084 - __main__ - INFO - ✅ Подключение к Telegram успешно
2025-06-27 15:11:05,084 - telegram_bot - INFO - Отправка сообщения в Telegram...
2025-06-27 15:11:05,193 - httpx - INFO - HTTP Request: POST https://api.telegram.org/bot7227156938:AAGlund0oe-D8UC9HMoGgo2JLemtAMjYv70/sendMessage "HTTP/1.1 200 OK"
2025-06-27 15:11:05,197 - telegram_bot - INFO - Сообщение отправлено успешно (ID: 16)
2025-06-27 15:11:05,197 - __main__ - INFO - Уведомление о запуске отправлено
2025-06-27 15:11:05,197 - __main__ - INFO - Бот запущен, интервал проверки: 1800 секунд
2025-06-27 15:11:05,287 - email_client - INFO - Загружено время последней проверки: 2025-06-27 15:04:10.525817
2025-06-27 15:11:05,287 - email_client - INFO - Поиск новых писем от no-reply@devinotele.com с 27-Jun-2025
2025-06-27 15:11:09,061 - email_client - INFO - Новых писем не найдено
2025-06-27 15:11:09,064 - email_client - INFO - Сохранено время последней проверки: 2025-06-27 15:11:09.061941
2025-06-27 17:07:29,256 - email_client - WARNING - Ошибка проверки соединения: command: NOOP => socket error: EOF
2025-06-27 17:07:29,258 - email_client - INFO - Переподключение к серверу...
2025-06-27 17:07:29,266 - email_client - INFO - Подключаемся к imap.yandex.ru:993
2025-06-27 17:07:30,006 - email_client - INFO - Успешное подключение к почтовому серверу
2025-06-27 17:07:30,157 - email_client - INFO - Выбран ящик: INBOX
2025-06-27 17:07:30,161 - email_client - INFO - Загружено время последней проверки: 2025-06-27 15:11:09.061941
2025-06-27 17:07:30,161 - email_client - INFO - Поиск новых писем от no-reply@devinotele.com с 27-Jun-2025
2025-06-27 17:07:33,466 - email_client - INFO - Новых писем не найдено
2025-06-27 17:07:33,470 - email_client - INFO - Сохранено время последней проверки: 2025-06-27 17:07:33.467088
2025-06-27 17:37:33,585 - email_client - INFO - Загружено время последней проверки: 2025-06-27 17:07:33.467088
2025-06-27 17:37:33,588 - email_client - INFO - Поиск новых писем от no-reply@devinotele.com с 27-Jun-2025
2025-06-27 17:37:33,875 - email_client - INFO - Новых писем не найдено
2025-06-27 17:37:33,878 - email_client - INFO - Сохранено время последней проверки: 2025-06-27 17:37:33.875540
2025-06-27 21:00:44,233 - email_client - WARNING - Ошибка проверки соединения: [Errno 54] Connection reset by peer
2025-06-27 21:00:44,236 - email_client - INFO - Переподключение к серверу...
2025-06-27 21:00:44,244 - email_client - INFO - Подключаемся к imap.yandex.ru:993
2025-06-27 21:09:25,594 - email_client - ERROR - Ошибка подключения: [SSL: UNEXPECTED_EOF_WHILE_READING] EOF occurred in violation of protocol (_ssl.c:1028)
2025-06-27 21:09:25,595 - email_client - ERROR - Не удалось установить соединение с сервером
2025-06-27 21:09:25,595 - email_client - INFO - Соединение отсутствует, подключаемся...
2025-06-27 21:09:25,595 - email_client - INFO - Подключаемся к imap.yandex.ru:993
2025-06-27 21:09:29,349 - email_client - INFO - Успешное подключение к почтовому серверу
2025-06-27 21:09:29,391 - email_client - INFO - Выбран ящик: INBOX
2025-06-27 21:09:29,395 - email_client - INFO - Загружено время последней проверки: 2025-06-27 17:37:33.875540
2025-06-27 21:09:29,395 - email_client - INFO - Поиск новых писем от no-reply@devinotele.com с 27-Jun-2025
2025-06-27 21:09:32,800 - email_client - INFO - Найдено 1 новых писем (из 1 общих)
2025-06-27 21:09:32,850 - email_client - INFO - Получено 1 новых писем
2025-06-27 21:09:32,852 - email_client - INFO - Сохранено время последней проверки: 2025-06-27 21:09:32.850968
2025-06-27 21:09:32,852 - __main__ - INFO - Найдено 1 новых писем
2025-06-27 21:09:32,852 - __main__ - INFO - Обработка письма: Плановые работы на стороне оператора Мегафон...
2025-06-27 21:09:32,853 - parser - INFO - Парсинг письма: Плановые работы на стороне оператора Мегафон...
2025-06-27 21:09:32,858 - parser - INFO - Успешно извлечены данные из письма
2025-06-27 21:09:32,863 - telegram_bot - INFO - Отправка уведомления о работах оператора Devino Telecom
2025-06-27 21:09:32,864 - telegram_bot - INFO - Отправка сообщения в Telegram...
2025-06-27 21:09:34,302 - httpx - INFO - HTTP Request: POST https://api.telegram.org/bot7227156938:AAGlund0oe-D8UC9HMoGgo2JLemtAMjYv70/sendMessage "HTTP/1.1 200 OK"
2025-06-27 21:09:34,309 - telegram_bot - INFO - Сообщение отправлено успешно (ID: 17)
2025-06-27 21:09:34,309 - __main__ - INFO - ✅ Уведомление отправлено в Telegram
2025-06-27 21:09:34,310 - __main__ - INFO - Цикл завершен, обработано 1 писем
2025-06-27 22:18:17,729 - email_client - WARNING - Ошибка проверки соединения: [Errno 54] Connection reset by peer
2025-06-27 22:18:17,733 - email_client - INFO - Переподключение к серверу...
2025-06-27 22:18:17,744 - email_client - INFO - Подключаемся к imap.yandex.ru:993
2025-06-27 22:18:17,922 - email_client - INFO - Успешное подключение к почтовому серверу
2025-06-27 22:18:18,002 - email_client - INFO - Выбран ящик: INBOX
2025-06-27 22:18:18,006 - email_client - INFO - Загружено время последней проверки: 2025-06-27 21:09:32.850968
2025-06-27 22:18:18,006 - email_client - INFO - Поиск новых писем от no-reply@devinotele.com с 27-Jun-2025
2025-06-27 22:18:21,283 - email_client - INFO - Найдено 0 новых писем (из 1 общих)
2025-06-27 22:18:21,287 - email_client - INFO - Сохранено время последней проверки: 2025-06-27 22:18:21.283908
2025-06-27 23:32:32,171 - __main__ - INFO - Получен сигнал 2, завершение работы...
2025-06-27 23:32:32,174 - __main__ - INFO - Остановка бота...
2025-06-27 23:33:17,907 - email_client - ERROR - Ошибка при отключении: command: CLOSE => socket error: EOF
2025-06-27 23:33:17,917 - telegram_bot - INFO - Отправка сообщения в Telegram...
2025-06-27 23:33:22,936 - telegram_bot - ERROR - Ошибка Telegram API: Timed out
2025-06-27 23:39:45,322 - __main__ - INFO - Получен сигнал 2, завершение работы...
2025-06-27 23:39:45,325 - __main__ - INFO - Остановка бота...
2025-06-27 23:39:45,326 - email_client - ERROR - Ошибка при отключении: command CLOSE illegal in state AUTH, only allowed in states SELECTED
2025-06-27 23:39:45,328 - telegram_bot - INFO - Отправка сообщения в Telegram...
2025-06-27 23:39:50,342 - telegram_bot - ERROR - Ошибка Telegram API: Timed out
2025-06-27 23:40:04,927 - __main__ - INFO - Получен сигнал 2, завершение работы...
2025-06-27 23:40:04,928 - __main__ - INFO - Остановка бота...
2025-06-27 23:40:04,929 - email_client - ERROR - Ошибка при отключении: command CLOSE illegal in state AUTH, only allowed in states SELECTED
2025-06-27 23:40:04,929 - telegram_bot - INFO - Отправка сообщения в Telegram...
2025-06-27 23:40:05,851 - httpx - INFO - HTTP Request: POST https://api.telegram.org/bot7227156938:AAGlund0oe-D8UC9HMoGgo2JLemtAMjYv70/sendMessage "HTTP/1.1 200 OK"
2025-06-27 23:40:05,856 - telegram_bot - INFO - Сообщение отправлено успешно (ID: 18)
2025-06-27 23:40:52,900 - __main__ - INFO - Получен сигнал 2, завершение работы...
2025-06-27 23:40:52,903 - __main__ - INFO - Остановка бота...
2025-06-27 23:40:52,903 - email_client - ERROR - Ошибка при отключении: command CLOSE illegal in state AUTH, only allowed in states SELECTED
2025-06-27 23:40:52,906 - telegram_bot - INFO - Отправка сообщения в Telegram...
2025-06-27 23:40:57,921 - telegram_bot - ERROR - Ошибка Telegram API: Timed out
2025-06-27 23:41:20,277 - __main__ - INFO - Получен сигнал 2, завершение работы...
2025-06-27 23:41:20,279 - __main__ - INFO - Остановка бота...
2025-06-27 23:41:20,279 - email_client - ERROR - Ошибка при отключении: command CLOSE illegal in state AUTH, only allowed in states SELECTED
2025-06-27 23:41:20,281 - telegram_bot - INFO - Отправка сообщения в Telegram...
2025-06-27 23:41:20,544 - httpx - INFO - HTTP Request: POST https://api.telegram.org/bot7227156938:AAGlund0oe-D8UC9HMoGgo2JLemtAMjYv70/sendMessage "HTTP/1.1 200 OK"
2025-06-27 23:41:20,548 - telegram_bot - INFO - Сообщение отправлено успешно (ID: 19)
2025-06-27 23:42:29,639 - __main__ - INFO - Получен сигнал 15, завершение работы...
2025-06-27 23:42:29,642 - __main__ - INFO - Остановка бота...
2025-06-27 23:42:29,642 - email_client - ERROR - Ошибка при отключении: command CLOSE illegal in state AUTH, only allowed in states SELECTED
2025-06-27 23:42:29,644 - telegram_bot - INFO - Отправка сообщения в Telegram...
2025-06-27 23:42:29,834 - httpx - INFO - HTTP Request: POST https://api.telegram.org/bot7227156938:AAGlund0oe-D8UC9HMoGgo2JLemtAMjYv70/sendMessage "HTTP/1.1 200 OK"
2025-06-27 23:42:29,842 - telegram_bot - INFO - Сообщение отправлено успешно (ID: 20)
2025-06-27 23:43:33,269 - __main__ - INFO - Получен сигнал 15, завершение работы...
2025-06-27 23:43:33,272 - __main__ - INFO - Остановка бота...
2025-06-27 23:43:33,273 - email_client - ERROR - Ошибка при отключении: command CLOSE illegal in state AUTH, only allowed in states SELECTED
2025-06-27 23:43:33,275 - telegram_bot - INFO - Отправка сообщения в Telegram...
2025-06-27 23:43:33,492 - httpx - INFO - HTTP Request: POST https://api.telegram.org/bot7227156938:AAGlund0oe-D8UC9HMoGgo2JLemtAMjYv70/sendMessage "HTTP/1.1 200 OK"
2025-06-27 23:43:33,499 - telegram_bot - INFO - Сообщение отправлено успешно (ID: 21)
2025-06-27 23:45:30,149 - __main__ - INFO - Логирование настроено (уровень: INFO)
2025-06-27 23:45:30,150 - __main__ - INFO - Конфигурация загружена успешно
2025-06-27 23:45:30,150 - __main__ - INFO - Email-Telegram бот инициализирован
2025-06-27 23:45:30,150 - __main__ - INFO - 🚀 Запуск Email-Telegram бота...
2025-06-27 23:45:30,150 - __main__ - INFO - Инициализация email клиента...
2025-06-27 23:45:30,150 - __main__ - INFO - Инициализация Telegram бота...
2025-06-27 23:45:30,165 - __main__ - INFO - Тестирование подключений...
2025-06-27 23:45:30,165 - email_client - INFO - Подключаемся к imap.yandex.ru:993
2025-06-27 23:45:30,835 - email_client - INFO - Успешное подключение к почтовому серверу
2025-06-27 23:45:30,999 - email_client - INFO - Выбран ящик: INBOX
2025-06-27 23:45:31,000 - __main__ - INFO - ✅ Подключение к почте успешно
2025-06-27 23:45:31,001 - telegram_bot - INFO - Тестирование подключения к Telegram...
2025-06-27 23:45:31,207 - httpx - INFO - HTTP Request: POST https://api.telegram.org/bot7227156938:AAGlund0oe-D8UC9HMoGgo2JLemtAMjYv70/getMe "HTTP/1.1 200 OK"
2025-06-27 23:45:31,208 - telegram_bot - INFO - Бот подключен: @SM_Email_parser_notify_bot (SM_Email_parser_notify_bot)
2025-06-27 23:45:31,272 - httpx - INFO - HTTP Request: POST https://api.telegram.org/bot7227156938:AAGlund0oe-D8UC9HMoGgo2JLemtAMjYv70/getChat "HTTP/1.1 200 OK"
2025-06-27 23:45:31,274 - telegram_bot - INFO - Доступ к чату: Test's bot's
2025-06-27 23:45:31,274 - __main__ - INFO - ✅ Подключение к Telegram успешно
2025-06-27 23:45:31,275 - telegram_bot - INFO - Отправка сообщения в Telegram...
2025-06-27 23:45:31,378 - httpx - INFO - HTTP Request: POST https://api.telegram.org/bot7227156938:AAGlund0oe-D8UC9HMoGgo2JLemtAMjYv70/sendMessage "HTTP/1.1 200 OK"
2025-06-27 23:45:31,381 - telegram_bot - INFO - Сообщение отправлено успешно (ID: 22)
2025-06-27 23:45:31,382 - __main__ - INFO - Уведомление о запуске отправлено
2025-06-27 23:45:31,382 - __main__ - INFO - Бот запущен, интервал проверки: 1800 секунд
2025-06-27 23:45:31,489 - email_client - INFO - Загружено время последней проверки: 2025-06-27 22:18:21.283908
2025-06-27 23:45:31,489 - email_client - INFO - Поиск новых писем от no-reply@devinotele.com с 27-Jun-2025
2025-06-27 23:45:35,827 - email_client - INFO - Найдено 0 новых писем (из 1 общих)
2025-06-27 23:45:35,830 - email_client - INFO - Сохранено время последней проверки: 2025-06-27 23:45:35.828582
2025-06-28 00:18:22,920 - email_client - WARNING - Ошибка проверки соединения: [Errno 60] Operation timed out
2025-06-28 00:18:22,925 - email_client - INFO - Переподключение к серверу...
2025-06-28 00:18:22,931 - email_client - INFO - Подключаемся к imap.yandex.ru:993
2025-06-28 00:18:23,145 - email_client - INFO - Успешное подключение к почтовому серверу
2025-06-28 00:18:23,180 - email_client - INFO - Выбран ящик: INBOX
2025-06-28 00:18:23,183 - email_client - INFO - Загружено время последней проверки: 2025-06-27 23:45:35.828582
2025-06-28 00:18:23,184 - email_client - INFO - Поиск новых писем от no-reply@devinotele.com с 27-Jun-2025
2025-06-28 00:18:27,110 - email_client - INFO - Найдено 0 новых писем (из 1 общих)
2025-06-28 00:18:27,112 - email_client - INFO - Сохранено время последней проверки: 2025-06-28 00:18:27.110513
2025-06-28 05:35:23,596 - email_client - WARNING - Ошибка проверки соединения: command: NOOP => socket error: EOF
2025-06-28 05:35:23,599 - email_client - INFO - Переподключение к серверу...
2025-06-28 05:35:23,633 - email_client - INFO - Подключаемся к imap.yandex.ru:993
2025-06-28 05:35:23,736 - email_client - INFO - Успешное подключение к почтовому серверу
2025-06-28 05:35:23,771 - email_client - INFO - Выбран ящик: INBOX
2025-06-28 05:35:23,826 - email_client - INFO - Загружено время последней проверки: 2025-06-28 00:18:27.110513
2025-06-28 05:35:23,827 - email_client - INFO - Поиск новых писем от no-reply@devinotele.com с 28-Jun-2025
2025-06-28 05:35:27,760 - email_client - INFO - Новых писем не найдено
2025-06-28 05:35:27,764 - email_client - INFO - Сохранено время последней проверки: 2025-06-28 05:35:27.760866
2025-06-28 09:36:01,458 - email_client - WARNING - Ошибка проверки соединения: [Errno 54] Connection reset by peer
2025-06-28 09:36:01,462 - email_client - INFO - Переподключение к серверу...
2025-06-28 09:36:01,474 - email_client - INFO - Подключаемся к imap.yandex.ru:993
2025-06-28 09:36:01,585 - email_client - INFO - Успешное подключение к почтовому серверу
2025-06-28 09:36:01,619 - email_client - INFO - Выбран ящик: INBOX
2025-06-28 09:36:01,622 - email_client - INFO - Загружено время последней проверки: 2025-06-28 05:35:27.760866
2025-06-28 09:36:01,623 - email_client - INFO - Поиск новых писем от no-reply@devinotele.com с 28-Jun-2025
2025-06-28 09:36:05,592 - email_client - INFO - Новых писем не найдено
2025-06-28 09:36:05,596 - email_client - INFO - Сохранено время последней проверки: 2025-06-28 09:36:05.592500
2025-06-28 11:10:01,322 - email_client - WARNING - Ошибка проверки соединения: [Errno 54] Connection reset by peer
2025-06-28 11:10:01,326 - email_client - INFO - Переподключение к серверу...
2025-06-28 11:10:01,334 - email_client - INFO - Подключаемся к imap.yandex.ru:993
2025-06-28 11:10:01,469 - email_client - INFO - Успешное подключение к почтовому серверу
2025-06-28 11:10:01,513 - email_client - INFO - Выбран ящик: INBOX
2025-06-28 11:10:01,517 - email_client - INFO - Загружено время последней проверки: 2025-06-28 09:36:05.592500
2025-06-28 11:10:01,518 - email_client - INFO - Поиск новых писем от no-reply@devinotele.com с 28-Jun-2025
2025-06-28 11:10:05,307 - email_client - INFO - Новых писем не найдено
2025-06-28 11:10:05,310 - email_client - INFO - Сохранено время последней проверки: 2025-06-28 11:10:05.307680
2025-06-28 11:40:05,323 - email_client - WARNING - Ошибка проверки соединения: [Errno 54] Connection reset by peer
2025-06-28 11:40:05,325 - email_client - INFO - Переподключение к серверу...
2025-06-28 11:40:05,330 - email_client - INFO - Подключаемся к imap.yandex.ru:993
2025-06-28 11:40:05,510 - email_client - INFO - Успешное подключение к почтовому серверу
2025-06-28 11:40:05,556 - email_client - INFO - Выбран ящик: INBOX
2025-06-28 11:40:05,558 - email_client - INFO - Загружено время последней проверки: 2025-06-28 11:10:05.307680
2025-06-28 11:40:05,558 - email_client - INFO - Поиск новых писем от no-reply@devinotele.com с 28-Jun-2025
2025-06-28 11:40:09,269 - email_client - INFO - Новых писем не найдено
2025-06-28 11:40:09,271 - email_client - INFO - Сохранено время последней проверки: 2025-06-28 11:40:09.269813
2025-06-28 13:46:19,545 - email_client - WARNING - Ошибка проверки соединения: [Errno 54] Connection reset by peer
2025-06-28 13:46:19,550 - email_client - INFO - Переподключение к серверу...
2025-06-28 13:46:19,567 - email_client - INFO - Подключаемся к imap.yandex.ru:993
2025-06-28 13:46:19,802 - email_client - INFO - Успешное подключение к почтовому серверу
2025-06-28 13:46:19,839 - email_client - INFO - Выбран ящик: INBOX
2025-06-28 13:46:19,842 - email_client - INFO - Загружено время последней проверки: 2025-06-28 11:40:09.269813
2025-06-28 13:46:19,843 - email_client - INFO - Поиск новых писем от no-reply@devinotele.com с 28-Jun-2025
2025-06-28 13:46:22,998 - email_client - INFO - Новых писем не найдено
2025-06-28 13:46:23,003 - email_client - INFO - Сохранено время последней проверки: 2025-06-28 13:46:22.999249
2025-06-28 14:49:14,912 - email_client - WARNING - Ошибка проверки соединения: [Errno 54] Connection reset by peer
2025-06-28 14:49:14,915 - email_client - INFO - Переподключение к серверу...
2025-06-28 14:49:14,925 - email_client - INFO - Подключаемся к imap.yandex.ru:993
2025-06-28 14:49:15,110 - email_client - INFO - Успешное подключение к почтовому серверу
2025-06-28 14:49:15,159 - email_client - INFO - Выбран ящик: INBOX
2025-06-28 14:49:15,162 - email_client - INFO - Загружено время последней проверки: 2025-06-28 13:46:22.999249
2025-06-28 14:49:15,163 - email_client - INFO - Поиск новых писем от no-reply@devinotele.com с 28-Jun-2025
2025-06-28 14:49:18,136 - email_client - INFO - Новых писем не найдено
2025-06-28 14:49:18,140 - email_client - INFO - Сохранено время последней проверки: 2025-06-28 14:49:18.137089
2025-06-28 16:20:16,672 - email_client - WARNING - Ошибка проверки соединения: command: NOOP => socket error: EOF
2025-06-28 16:20:16,676 - email_client - INFO - Переподключение к серверу...
2025-06-28 16:20:16,686 - email_client - INFO - Подключаемся к imap.yandex.ru:993
2025-06-28 16:20:16,843 - email_client - INFO - Успешное подключение к почтовому серверу
2025-06-28 16:20:16,878 - email_client - INFO - Выбран ящик: INBOX
2025-06-28 16:20:16,880 - email_client - INFO - Загружено время последней проверки: 2025-06-28 14:49:18.137089
2025-06-28 16:20:16,880 - email_client - INFO - Поиск новых писем от no-reply@devinotele.com с 28-Jun-2025
2025-06-28 16:20:20,628 - email_client - INFO - Новых писем не найдено
2025-06-28 16:20:20,632 - email_client - INFO - Сохранено время последней проверки: 2025-06-28 16:20:20.629439
2025-06-28 16:50:20,708 - email_client - INFO - Загружено время последней проверки: 2025-06-28 16:20:20.629439
2025-06-28 16:50:20,711 - email_client - INFO - Поиск новых писем от no-reply@devinotele.com с 28-Jun-2025
2025-06-28 16:50:20,956 - email_client - INFO - Новых писем не найдено
2025-06-28 16:50:20,959 - email_client - INFO - Сохранено время последней проверки: 2025-06-28 16:50:20.956834
2025-06-28 21:22:02,563 - email_client - WARNING - Ошибка проверки соединения: [Errno 54] Connection reset by peer
2025-06-28 21:22:02,571 - email_client - INFO - Переподключение к серверу...
2025-06-28 21:22:02,584 - email_client - INFO - Подключаемся к imap.yandex.ru:993
2025-06-28 21:22:02,732 - email_client - INFO - Успешное подключение к почтовому серверу
2025-06-28 21:22:02,774 - email_client - INFO - Выбран ящик: INBOX
2025-06-28 21:22:02,808 - email_client - INFO - Загружено время последней проверки: 2025-06-28 16:50:20.956834
2025-06-28 21:22:02,809 - email_client - INFO - Поиск новых писем от no-reply@devinotele.com с 28-Jun-2025
2025-06-28 21:22:06,050 - email_client - INFO - Новых писем не найдено
2025-06-28 21:22:06,054 - email_client - INFO - Сохранено время последней проверки: 2025-06-28 21:22:06.050659
2025-06-29 00:19:38,191 - email_client - WARNING - Ошибка проверки соединения: command: NOOP => socket error: EOF
2025-06-29 00:19:38,197 - email_client - INFO - Переподключение к серверу...
2025-06-29 00:19:38,207 - email_client - INFO - Подключаемся к imap.yandex.ru:993
2025-06-29 00:19:38,339 - email_client - INFO - Успешное подключение к почтовому серверу
2025-06-29 00:19:38,374 - email_client - INFO - Выбран ящик: INBOX
2025-06-29 00:19:38,377 - email_client - INFO - Загружено время последней проверки: 2025-06-28 21:22:06.050659
2025-06-29 00:19:38,378 - email_client - INFO - Поиск новых писем от no-reply@devinotele.com с 28-Jun-2025
2025-06-29 00:19:42,241 - email_client - INFO - Новых писем не найдено
2025-06-29 00:19:42,245 - email_client - INFO - Сохранено время последней проверки: 2025-06-29 00:19:42.241985
2025-06-29 00:19:42,251 - __main__ - ERROR - Ошибка отправки статистики: TelegramBotSync.send_message() got an unexpected keyword argument 'disable_notification'
2025-06-29 05:20:26,424 - email_client - WARNING - Ошибка проверки соединения: command: NOOP => socket error: EOF
2025-06-29 05:20:26,431 - email_client - INFO - Переподключение к серверу...
2025-06-29 05:20:26,441 - email_client - INFO - Подключаемся к imap.yandex.ru:993
2025-06-29 05:20:26,571 - email_client - INFO - Успешное подключение к почтовому серверу
2025-06-29 05:20:26,614 - email_client - INFO - Выбран ящик: INBOX
2025-06-29 05:20:26,622 - email_client - INFO - Загружено время последней проверки: 2025-06-29 00:19:42.241985
2025-06-29 05:20:26,622 - email_client - INFO - Поиск новых писем от no-reply@devinotele.com с 29-Jun-2025
2025-06-29 05:20:29,575 - email_client - INFO - Новых писем не найдено
2025-06-29 05:20:29,578 - email_client - INFO - Сохранено время последней проверки: 2025-06-29 05:20:29.576346
2025-06-29 10:01:15,728 - email_client - WARNING - Ошибка проверки соединения: command: NOOP => socket error: EOF
2025-06-29 10:01:15,736 - email_client - INFO - Переподключение к серверу...
2025-06-29 10:01:15,746 - email_client - INFO - Подключаемся к imap.yandex.ru:993
2025-06-29 10:01:15,906 - email_client - INFO - Успешное подключение к почтовому серверу
2025-06-29 10:01:15,941 - email_client - INFO - Выбран ящик: INBOX
2025-06-29 10:01:15,942 - email_client - INFO - Загружено время последней проверки: 2025-06-29 05:20:29.576346
2025-06-29 10:01:15,943 - email_client - INFO - Поиск новых писем от no-reply@devinotele.com с 29-Jun-2025
2025-06-29 10:01:19,818 - email_client - INFO - Новых писем не найдено
2025-06-29 10:01:19,820 - email_client - INFO - Сохранено время последней проверки: 2025-06-29 10:01:19.819332
2025-06-29 14:16:02,891 - email_client - WARNING - Ошибка проверки соединения: command: NOOP => socket error: EOF
2025-06-29 14:16:02,896 - email_client - INFO - Переподключение к серверу...
2025-06-29 14:16:02,907 - email_client - INFO - Подключаемся к imap.yandex.ru:993
2025-06-29 14:16:03,037 - email_client - INFO - Успешное подключение к почтовому серверу
2025-06-29 14:16:03,072 - email_client - INFO - Выбран ящик: INBOX
2025-06-29 14:16:03,074 - email_client - INFO - Загружено время последней проверки: 2025-06-29 10:01:19.819332
2025-06-29 14:16:03,075 - email_client - INFO - Поиск новых писем от no-reply@devinotele.com с 29-Jun-2025
2025-06-29 14:16:07,049 - email_client - INFO - Новых писем не найдено
2025-06-29 14:16:07,053 - email_client - INFO - Сохранено время последней проверки: 2025-06-29 14:16:07.050460
2025-06-29 14:46:07,088 - email_client - INFO - Загружено время последней проверки: 2025-06-29 14:16:07.050460
2025-06-29 14:46:07,093 - email_client - INFO - Поиск новых писем от no-reply@devinotele.com с 29-Jun-2025
2025-06-29 14:46:07,341 - email_client - INFO - Новых писем не найдено
2025-06-29 14:46:07,345 - email_client - INFO - Сохранено время последней проверки: 2025-06-29 14:46:07.342064
2025-06-29 15:38:17,077 - email_client - WARNING - Ошибка проверки соединения: command: NOOP => socket error: EOF
2025-06-29 15:38:17,083 - email_client - INFO - Переподключение к серверу...
2025-06-29 15:38:17,092 - email_client - INFO - Подключаемся к imap.yandex.ru:993
2025-06-29 15:38:17,219 - email_client - INFO - Успешное подключение к почтовому серверу
2025-06-29 15:38:17,281 - email_client - INFO - Выбран ящик: INBOX
2025-06-29 15:38:17,320 - email_client - INFO - Загружено время последней проверки: 2025-06-29 14:46:07.342064
2025-06-29 15:38:17,321 - email_client - INFO - Поиск новых писем от no-reply@devinotele.com с 29-Jun-2025
2025-06-29 15:38:20,443 - email_client - INFO - Новых писем не найдено
2025-06-29 15:38:20,446 - email_client - INFO - Сохранено время последней проверки: 2025-06-29 15:38:20.443650
2025-06-29 16:25:10,988 - email_client - WARNING - Ошибка проверки соединения: command: NOOP => socket error: EOF
2025-06-29 16:25:10,993 - email_client - INFO - Переподключение к серверу...
2025-06-29 16:25:11,004 - email_client - INFO - Подключаемся к imap.yandex.ru:993
2025-06-29 16:25:11,175 - email_client - INFO - Успешное подключение к почтовому серверу
2025-06-29 16:25:11,219 - email_client - INFO - Выбран ящик: INBOX
2025-06-29 16:25:11,223 - email_client - INFO - Загружено время последней проверки: 2025-06-29 15:38:20.443650
2025-06-29 16:25:11,224 - email_client - INFO - Поиск новых писем от no-reply@devinotele.com с 29-Jun-2025
2025-06-29 16:25:14,148 - email_client - INFO - Новых писем не найдено
2025-06-29 16:25:14,152 - email_client - INFO - Сохранено время последней проверки: 2025-06-29 16:25:14.149372
2025-06-29 16:58:04,316 - email_client - WARNING - Ошибка проверки соединения: [Errno 54] Connection reset by peer
2025-06-29 16:58:04,318 - email_client - INFO - Переподключение к серверу...
2025-06-29 16:58:04,323 - email_client - INFO - Подключаемся к imap.yandex.ru:993
2025-06-29 16:58:04,443 - email_client - INFO - Успешное подключение к почтовому серверу
2025-06-29 16:58:04,470 - email_client - INFO - Выбран ящик: INBOX
2025-06-29 16:58:04,472 - email_client - INFO - Загружено время последней проверки: 2025-06-29 16:25:14.149372
2025-06-29 16:58:04,473 - email_client - INFO - Поиск новых писем от no-reply@devinotele.com с 29-Jun-2025
2025-06-29 16:58:08,235 - email_client - INFO - Новых писем не найдено
2025-06-29 16:58:08,238 - email_client - INFO - Сохранено время последней проверки: 2025-06-29 16:58:08.235815
2025-06-29 17:28:08,264 - email_client - WARNING - Ошибка проверки соединения: [Errno 54] Connection reset by peer
2025-06-29 17:28:08,273 - email_client - INFO - Переподключение к серверу...
2025-06-29 17:28:08,286 - email_client - INFO - Подключаемся к imap.yandex.ru:993
2025-06-29 17:28:08,417 - email_client - INFO - Успешное подключение к почтовому серверу
2025-06-29 17:28:08,457 - email_client - INFO - Выбран ящик: INBOX
2025-06-29 17:28:08,460 - email_client - INFO - Загружено время последней проверки: 2025-06-29 16:58:08.235815
2025-06-29 17:28:08,462 - email_client - INFO - Поиск новых писем от no-reply@devinotele.com с 29-Jun-2025
2025-06-29 17:28:11,634 - email_client - INFO - Новых писем не найдено
2025-06-29 17:28:11,638 - email_client - INFO - Сохранено время последней проверки: 2025-06-29 17:28:11.635274
2025-06-29 17:58:11,644 - email_client - WARNING - Ошибка проверки соединения: [Errno 54] Connection reset by peer
2025-06-29 17:58:11,648 - email_client - INFO - Переподключение к серверу...
2025-06-29 17:58:11,654 - email_client - INFO - Подключаемся к imap.yandex.ru:993
2025-06-29 17:58:11,802 - email_client - INFO - Успешное подключение к почтовому серверу
2025-06-29 17:58:11,840 - email_client - INFO - Выбран ящик: INBOX
2025-06-29 17:58:11,877 - email_client - INFO - Загружено время последней проверки: 2025-06-29 17:28:11.635274
2025-06-29 17:58:11,877 - email_client - INFO - Поиск новых писем от no-reply@devinotele.com с 29-Jun-2025
2025-06-29 17:58:14,056 - email_client - INFO - Новых писем не найдено
2025-06-29 17:58:14,059 - email_client - INFO - Сохранено время последней проверки: 2025-06-29 17:58:14.056766
2025-06-29 19:07:27,162 - email_client - WARNING - Ошибка проверки соединения: [Errno 54] Connection reset by peer
2025-06-29 19:07:27,167 - email_client - INFO - Переподключение к серверу...
2025-06-29 19:07:27,178 - email_client - INFO - Подключаемся к imap.yandex.ru:993
2025-06-29 19:07:27,340 - email_client - INFO - Успешное подключение к почтовому серверу
2025-06-29 19:07:27,391 - email_client - INFO - Выбран ящик: INBOX
2025-06-29 19:07:27,396 - email_client - INFO - Загружено время последней проверки: 2025-06-29 17:58:14.056766
2025-06-29 19:07:27,396 - email_client - INFO - Поиск новых писем от no-reply@devinotele.com с 29-Jun-2025
2025-06-29 19:07:28,858 - email_client - INFO - Новых писем не найдено
2025-06-29 19:07:28,861 - email_client - INFO - Сохранено время последней проверки: 2025-06-29 19:07:28.858304
2025-06-29 19:51:16,795 - email_client - WARNING - Ошибка проверки соединения: [Errno 54] Connection reset by peer
2025-06-29 19:51:16,797 - email_client - INFO - Переподключение к серверу...
2025-06-29 19:51:16,804 - email_client - INFO - Подключаемся к imap.yandex.ru:993
2025-06-29 19:51:16,928 - email_client - INFO - Успешное подключение к почтовому серверу
2025-06-29 19:51:16,964 - email_client - INFO - Выбран ящик: INBOX
2025-06-29 19:51:16,967 - email_client - INFO - Загружено время последней проверки: 2025-06-29 19:07:28.858304
2025-06-29 19:51:16,967 - email_client - INFO - Поиск новых писем от no-reply@devinotele.com с 29-Jun-2025
2025-06-29 19:51:20,805 - email_client - INFO - Новых писем не найдено
2025-06-29 19:51:20,807 - email_client - INFO - Сохранено время последней проверки: 2025-06-29 19:51:20.805533
2025-06-29 22:44:22,815 - email_client - WARNING - Ошибка проверки соединения: socket error: [Errno 49] Can't assign requested address
2025-06-29 22:44:22,825 - email_client - INFO - Переподключение к серверу...
2025-06-29 22:44:22,843 - email_client - INFO - Подключаемся к imap.yandex.ru:993
2025-06-29 22:44:22,950 - email_client - INFO - Успешное подключение к почтовому серверу
2025-06-29 22:44:22,985 - email_client - INFO - Выбран ящик: INBOX
2025-06-29 22:44:22,989 - email_client - INFO - Загружено время последней проверки: 2025-06-29 19:51:20.805533
2025-06-29 22:44:22,989 - email_client - INFO - Поиск новых писем от no-reply@devinotele.com с 29-Jun-2025
2025-06-29 22:44:26,693 - email_client - INFO - Новых писем не найдено
2025-06-29 22:44:26,695 - email_client - INFO - Сохранено время последней проверки: 2025-06-29 22:44:26.694083
2025-06-29 23:14:26,676 - email_client - INFO - Загружено время последней проверки: 2025-06-29 22:44:26.694083
2025-06-29 23:14:26,680 - email_client - INFO - Поиск новых писем от no-reply@devinotele.com с 29-Jun-2025
2025-06-29 23:14:26,937 - email_client - INFO - Новых писем не найдено
2025-06-29 23:14:26,943 - email_client - INFO - Сохранено время последней проверки: 2025-06-29 23:14:26.939812
2025-06-29 23:50:03,535 - email_client - WARNING - Ошибка проверки соединения: [Errno 60] Operation timed out
2025-06-29 23:50:03,539 - email_client - INFO - Переподключение к серверу...
2025-06-29 23:50:03,553 - email_client - INFO - Подключаемся к imap.yandex.ru:993
2025-06-29 23:50:03,792 - email_client - INFO - Успешное подключение к почтовому серверу
2025-06-29 23:50:03,831 - email_client - INFO - Выбран ящик: INBOX
2025-06-29 23:50:03,834 - email_client - INFO - Загружено время последней проверки: 2025-06-29 23:14:26.939812
2025-06-29 23:50:03,834 - email_client - INFO - Поиск новых писем от no-reply@devinotele.com с 29-Jun-2025
2025-06-29 23:50:07,517 - email_client - INFO - Новых писем не найдено
2025-06-29 23:50:07,520 - email_client - INFO - Сохранено время последней проверки: 2025-06-29 23:50:07.517445
2025-06-30 03:28:04,063 - email_client - WARNING - Ошибка проверки соединения: command: NOOP => socket error: EOF
2025-06-30 03:28:04,072 - email_client - INFO - Переподключение к серверу...
2025-06-30 03:28:04,083 - email_client - INFO - Подключаемся к imap.yandex.ru:993
2025-06-30 03:28:04,231 - email_client - INFO - Успешное подключение к почтовому серверу
2025-06-30 03:28:04,276 - email_client - INFO - Выбран ящик: INBOX
2025-06-30 03:28:04,279 - email_client - INFO - Загружено время последней проверки: 2025-06-29 23:50:07.517445
2025-06-30 03:28:04,280 - email_client - INFO - Поиск новых писем от no-reply@devinotele.com с 29-Jun-2025
2025-06-30 03:28:07,692 - email_client - INFO - Новых писем не найдено
2025-06-30 03:28:07,696 - email_client - INFO - Сохранено время последней проверки: 2025-06-30 03:28:07.692874
2025-06-30 03:28:07,699 - __main__ - ERROR - Ошибка отправки статистики: TelegramBotSync.send_message() got an unexpected keyword argument 'disable_notification'
2025-06-30 08:10:47,965 - email_client - WARNING - Ошибка проверки соединения: command: NOOP => socket error: EOF
2025-06-30 08:10:47,970 - email_client - INFO - Переподключение к серверу...
2025-06-30 08:10:47,995 - email_client - INFO - Подключаемся к imap.yandex.ru:993
2025-06-30 08:10:48,120 - email_client - INFO - Успешное подключение к почтовому серверу
2025-06-30 08:10:48,165 - email_client - INFO - Выбран ящик: INBOX
2025-06-30 08:10:48,168 - email_client - INFO - Загружено время последней проверки: 2025-06-30 03:28:07.692874
2025-06-30 08:10:48,168 - email_client - INFO - Поиск новых писем от no-reply@devinotele.com с 30-Jun-2025
2025-06-30 08:10:51,398 - email_client - INFO - Новых писем не найдено
2025-06-30 08:10:51,403 - email_client - INFO - Сохранено время последней проверки: 2025-06-30 08:10:51.399300
2025-06-30 12:09:46,957 - email_client - WARNING - Ошибка проверки соединения: [Errno 54] Connection reset by peer
2025-06-30 12:09:46,962 - email_client - INFO - Переподключение к серверу...
2025-06-30 12:09:46,973 - email_client - INFO - Подключаемся к imap.yandex.ru:993
2025-06-30 12:09:47,531 - email_client - INFO - Успешное подключение к почтовому серверу
2025-06-30 12:09:47,607 - email_client - INFO - Выбран ящик: INBOX
2025-06-30 12:09:47,611 - email_client - INFO - Загружено время последней проверки: 2025-06-30 08:10:51.399300
2025-06-30 12:09:47,613 - email_client - INFO - Поиск новых писем от no-reply@devinotele.com с 30-Jun-2025
2025-06-30 12:09:51,671 - email_client - INFO - Найдено 1 новых писем (из 1 общих)
2025-06-30 12:09:51,782 - email_client - INFO - Получено 1 новых писем
2025-06-30 12:09:51,784 - email_client - INFO - Сохранено время последней проверки: 2025-06-30 12:09:51.783153
2025-06-30 12:09:51,784 - __main__ - INFO - Найдено 1 новых писем
2025-06-30 12:09:51,784 - __main__ - INFO - Обработка письма: Плановые работы на стороне оператора Билайн...
2025-06-30 12:09:51,786 - parser - INFO - Парсинг письма: Плановые работы на стороне оператора Билайн...
2025-06-30 12:09:51,795 - parser - INFO - Успешно извлечены данные из письма
2025-06-30 12:09:51,802 - telegram_bot - INFO - Отправка уведомления о работах оператора Devino Telecom
2025-06-30 12:09:51,803 - telegram_bot - INFO - Отправка сообщения в Telegram...
2025-06-30 12:09:52,434 - httpx - INFO - HTTP Request: POST https://api.telegram.org/bot7227156938:AAGlund0oe-D8UC9HMoGgo2JLemtAMjYv70/sendMessage "HTTP/1.1 200 OK"
2025-06-30 12:09:52,440 - telegram_bot - INFO - Сообщение отправлено успешно (ID: 23)
2025-06-30 12:09:52,440 - __main__ - INFO - ✅ Уведомление отправлено в Telegram
2025-06-30 12:09:52,440 - __main__ - INFO - Цикл завершен, обработано 1 писем
2025-06-30 12:39:52,448 - email_client - WARNING - Ошибка проверки соединения: [Errno 54] Connection reset by peer
2025-06-30 12:39:52,451 - email_client - INFO - Переподключение к серверу...
2025-06-30 12:39:52,459 - email_client - INFO - Подключаемся к imap.yandex.ru:993
2025-06-30 12:39:52,839 - email_client - INFO - Успешное подключение к почтовому серверу
2025-06-30 12:39:52,947 - email_client - INFO - Выбран ящик: INBOX
2025-06-30 12:39:52,952 - email_client - INFO - Загружено время последней проверки: 2025-06-30 12:09:51.783153
2025-06-30 12:39:52,953 - email_client - INFO - Поиск новых писем от no-reply@devinotele.com с 30-Jun-2025
2025-06-30 12:39:56,411 - email_client - INFO - Найдено 0 новых писем (из 1 общих)
2025-06-30 12:39:56,414 - email_client - INFO - Сохранено время последней проверки: 2025-06-30 12:39:56.412002
2025-06-30 13:02:48,620 - __main__ - INFO - Получен сигнал 2, завершение работы...
2025-06-30 13:02:48,627 - __main__ - INFO - Остановка бота...
2025-06-30 13:02:48,634 - email_client - ERROR - Ошибка при отключении: [Errno 54] Connection reset by peer
2025-06-30 13:02:48,643 - telegram_bot - INFO - Отправка сообщения в Telegram...
2025-06-30 13:02:49,266 - httpx - INFO - HTTP Request: POST https://api.telegram.org/bot7227156938:AAGlund0oe-D8UC9HMoGgo2JLemtAMjYv70/sendMessage "HTTP/1.1 200 OK"
2025-06-30 13:02:49,272 - telegram_bot - INFO - Сообщение отправлено успешно (ID: 24)
2025-06-30 13:03:10,161 - __main__ - INFO - Получен сигнал 2, завершение работы...
2025-06-30 13:03:10,163 - __main__ - INFO - Остановка бота...
2025-06-30 13:03:10,163 - email_client - ERROR - Ошибка при отключении: command CLOSE illegal in state AUTH, only allowed in states SELECTED
2025-06-30 13:03:10,164 - telegram_bot - INFO - Отправка сообщения в Telegram...
2025-06-30 13:03:10,529 - httpx - INFO - HTTP Request: POST https://api.telegram.org/bot7227156938:AAGlund0oe-D8UC9HMoGgo2JLemtAMjYv70/sendMessage "HTTP/1.1 200 OK"
2025-06-30 13:03:10,533 - telegram_bot - INFO - Сообщение отправлено успешно (ID: 25)
2025-06-30 13:03:36,365 - __main__ - INFO - Получен сигнал 15, завершение работы...
2025-06-30 13:03:36,366 - __main__ - INFO - Остановка бота...
2025-06-30 13:03:36,367 - email_client - ERROR - Ошибка при отключении: command CLOSE illegal in state AUTH, only allowed in states SELECTED
2025-06-30 13:03:36,368 - telegram_bot - INFO - Отправка сообщения в Telegram...
2025-06-30 13:03:36,765 - httpx - INFO - HTTP Request: POST https://api.telegram.org/bot7227156938:AAGlund0oe-D8UC9HMoGgo2JLemtAMjYv70/sendMessage "HTTP/1.1 200 OK"
2025-06-30 13:03:36,768 - telegram_bot - INFO - Сообщение отправлено успешно (ID: 26)
2025-06-30 13:03:58,724 - __main__ - INFO - Получен сигнал 15, завершение работы...
2025-06-30 13:03:58,726 - __main__ - INFO - Остановка бота...
2025-06-30 13:03:58,726 - email_client - ERROR - Ошибка при отключении: command CLOSE illegal in state AUTH, only allowed in states SELECTED
2025-06-30 13:03:58,726 - telegram_bot - INFO - Отправка сообщения в Telegram...
2025-06-30 13:03:59,022 - httpx - INFO - HTTP Request: POST https://api.telegram.org/bot7227156938:AAGlund0oe-D8UC9HMoGgo2JLemtAMjYv70/sendMessage "HTTP/1.1 200 OK"
2025-06-30 13:03:59,025 - telegram_bot - INFO - Сообщение отправлено успешно (ID: 27)
